Loading workload...
Starting test.
SLF4J: Class path contains multiple SLF4J bindings.
SLF4J: Found binding in [jar:file:/home/automaton/YCSB/cassandra/target/cassandra-binding-0.1.4.jar!/org/slf4j/impl/StaticLoggerBinder.class]
SLF4J: Found binding in [jar:file:/home/automaton/YCSB/apache-maven-3.2.5/lib/slf4j-simple-1.7.5.jar!/org/slf4j/impl/StaticLoggerBinder.class]
SLF4J: See http://www.slf4j.org/codes.html#multiple_bindings for an explanation.
log4j:WARN No appenders could be found for logger (com.datastax.driver.core.Cluster).
log4j:WARN Please initialize the log4j system properly.
log4j:WARN No appenders could be found for logger (com.datastax.driver.core.Cluster).
log4j:WARN Please initialize the log4j system properly.
log4j:WARN No appenders could be found for logger (com.datastax.driver.core.Cluster).
log4j:WARN No appenders could be found for logger (com.datastax.driver.core.Cluster).
log4j:WARN No appenders could be found for logger (com.datastax.driver.core.Cluster).
log4j:WARN No appenders could be found for logger (com.datastax.driver.core.Cluster).
log4j:WARN Please initialize the log4j system properly.
log4j:WARN See http://logging.apache.org/log4j/1.2/faq.html#noconfig for more info.
log4j:WARN No appenders could be found for logger (com.datastax.driver.core.Cluster).
log4j:WARN Please initialize the log4j system properly.
log4j:WARN No appenders could be found for logger (com.datastax.driver.core.Cluster).
log4j:WARN Please initialize the log4j system properly.
log4j:WARN See http://logging.apache.org/log4j/1.2/faq.html#noconfig for more info.
log4j:WARN No appenders could be found for logger (com.datastax.driver.core.Cluster).
log4j:WARN Please initialize the log4j system properly.
log4j:WARN See http://logging.apache.org/log4j/1.2/faq.html#noconfig for more info.
log4j:WARN No appenders could be found for logger (com.datastax.driver.core.Cluster).
log4j:WARN Please initialize the log4j system properly.
log4j:WARN See http://logging.apache.org/log4j/1.2/faq.html#noconfig for more info.
log4j:WARN No appenders could be found for logger (com.datastax.driver.core.Cluster).
log4j:WARN Please initialize the log4j system properly.
log4j:WARN See http://logging.apache.org/log4j/1.2/faq.html#noconfig for more info.
log4j:WARN No appenders could be found for logger (com.datastax.driver.core.Cluster).
log4j:WARN Please initialize the log4j system properly.
log4j:WARN See http://logging.apache.org/log4j/1.2/faq.html#noconfig for more info.
log4j:WARN No appenders could be found for logger (com.datastax.driver.core.Cluster).
log4j:WARN Please initialize the log4j system properly.
log4j:WARN See http://logging.apache.org/log4j/1.2/faq.html#noconfig for more info.
log4j:WARN See http://logging.apache.org/log4j/1.2/faq.html#noconfig for more info.
log4j:WARN No appenders could be found for logger (com.datastax.driver.core.Cluster).
log4j:WARN Please initialize the log4j system properly.
log4j:WARN See http://logging.apache.org/log4j/1.2/faq.html#noconfig for more info.
log4j:WARN No appenders could be found for logger (com.datastax.driver.core.Cluster).
log4j:WARN Please initialize the log4j system properly.
log4j:WARN See http://logging.apache.org/log4j/1.2/faq.html#noconfig for more info.
log4j:WARN No appenders could be found for logger (com.datastax.driver.core.Cluster).
log4j:WARN Please initialize the log4j system properly.
log4j:WARN See http://logging.apache.org/log4j/1.2/faq.html#noconfig for more info.
log4j:WARN No appenders could be found for logger (com.datastax.driver.core.Cluster).
log4j:WARN Please initialize the log4j system properly.
log4j:WARN See http://logging.apache.org/log4j/1.2/faq.html#noconfig for more info.
log4j:WARN No appenders could be found for logger (com.datastax.driver.core.Cluster).
log4j:WARN Please initialize the log4j system properly.
log4j:WARN See http://logging.apache.org/log4j/1.2/faq.html#noconfig for more info.
log4j:WARN No appenders could be found for logger (com.datastax.driver.core.Cluster).
log4j:WARN Please initialize the log4j system properly.
log4j:WARN See http://logging.apache.org/log4j/1.2/faq.html#noconfig for more info.
log4j:WARN Please initialize the log4j system properly.
log4j:WARN See http://logging.apache.org/log4j/1.2/faq.html#noconfig for more info.
log4j:WARN No appenders could be found for logger (com.datastax.driver.core.Cluster).
log4j:WARN Please initialize the log4j system properly.
log4j:WARN See http://logging.apache.org/log4j/1.2/faq.html#noconfig for more info.
log4j:WARN No appenders could be found for logger (com.datastax.driver.core.Cluster).
log4j:WARN Please initialize the log4j system properly.
log4j:WARN See http://logging.apache.org/log4j/1.2/faq.html#noconfig for more info.
log4j:WARN No appenders could be found for logger (com.datastax.driver.core.Cluster).
log4j:WARN Please initialize the log4j system properly.
log4j:WARN See http://logging.apache.org/log4j/1.2/faq.html#noconfig for more info.
log4j:WARN No appenders could be found for logger (com.datastax.driver.core.Cluster).
log4j:WARN Please initialize the log4j system properly.
log4j:WARN See http://logging.apache.org/log4j/1.2/faq.html#noconfig for more info.
log4j:WARN No appenders could be found for logger (com.datastax.driver.core.Cluster).
log4j:WARN Please initialize the log4j system properly.
log4j:WARN See http://logging.apache.org/log4j/1.2/faq.html#noconfig for more info.
log4j:WARN Please initialize the log4j system properly.
log4j:WARN See http://logging.apache.org/log4j/1.2/faq.html#noconfig for more info.
log4j:WARN No appenders could be found for logger (com.datastax.driver.core.Cluster).
log4j:WARN Please initialize the log4j system properly.
log4j:WARN See http://logging.apache.org/log4j/1.2/faq.html#noconfig for more info.
log4j:WARN Please initialize the log4j system properly.
log4j:WARN See http://logging.apache.org/log4j/1.2/faq.html#noconfig for more info.
log4j:WARN No appenders could be found for logger (com.datastax.driver.core.Cluster).
log4j:WARN Please initialize the log4j system properly.
log4j:WARN See http://logging.apache.org/log4j/1.2/faq.html#noconfig for more info.
log4j:WARN No appenders could be found for logger (com.datastax.driver.core.Cluster).
log4j:WARN Please initialize the log4j system properly.
log4j:WARN See http://logging.apache.org/log4j/1.2/faq.html#noconfig for more info.
log4j:WARN No appenders could be found for logger (com.datastax.driver.core.Cluster).
log4j:WARN Please initialize the log4j system properly.
log4j:WARN See http://logging.apache.org/log4j/1.2/faq.html#noconfig for more info.
log4j:WARN No appenders could be found for logger (com.datastax.driver.core.Cluster).
log4j:WARN Please initialize the log4j system properly.
log4j:WARN See http://logging.apache.org/log4j/1.2/faq.html#noconfig for more info.
log4j:WARN See http://logging.apache.org/log4j/1.2/faq.html#noconfig for more info.
log4j:WARN No appenders could be found for logger (com.datastax.driver.core.Cluster).
log4j:WARN Please initialize the log4j system properly.
log4j:WARN See http://logging.apache.org/log4j/1.2/faq.html#noconfig for more info.
log4j:WARN No appenders could be found for logger (com.datastax.driver.core.Cluster).
log4j:WARN Please initialize the log4j system properly.
log4j:WARN See http://logging.apache.org/log4j/1.2/faq.html#noconfig for more info.
log4j:WARN No appenders could be found for logger (com.datastax.driver.core.Cluster).
log4j:WARN Please initialize the log4j system properly.
log4j:WARN See http://logging.apache.org/log4j/1.2/faq.html#noconfig for more info.
log4j:WARN No appenders could be found for logger (com.datastax.driver.core.Cluster).
log4j:WARN Please initialize the log4j system properly.
log4j:WARN See http://logging.apache.org/log4j/1.2/faq.html#noconfig for more info.
log4j:WARN No appenders could be found for logger (com.datastax.driver.core.Cluster).
log4j:WARN Please initialize the log4j system properly.
log4j:WARN See http://logging.apache.org/log4j/1.2/faq.html#noconfig for more info.
log4j:WARN See http://logging.apache.org/log4j/1.2/faq.html#noconfig for more info.
log4j:WARN No appenders could be found for logger (com.datastax.driver.core.Cluster).
log4j:WARN Please initialize the log4j system properly.
log4j:WARN See http://logging.apache.org/log4j/1.2/faq.html#noconfig for more info.
log4j:WARN No appenders could be found for logger (com.datastax.driver.core.Cluster).
log4j:WARN Please initialize the log4j system properly.
log4j:WARN See http://logging.apache.org/log4j/1.2/faq.html#noconfig for more info.
log4j:WARN No appenders could be found for logger (com.datastax.driver.core.Cluster).
log4j:WARN Please initialize the log4j system properly.
log4j:WARN See http://logging.apache.org/log4j/1.2/faq.html#noconfig for more info.
Feb 20, 2015 6:19:21 AM org.jboss.netty.util.internal.SharedResourceMisuseDetector
WARNING: You are creating too many HashedWheelTimer instances.  HashedWheelTimer is a shared resource that must be reused across the application, so that only a few instances are created.
 0 sec: 0 operations; [UPDATE AverageLatency(us)=197982.57] [READ AverageLatency(us)=333718.79] 
 2 sec: 30893 operations; 15025.78 current ops/sec; [UPDATE AverageLatency(us)=14373.05] [READ AverageLatency(us)=21722.96] 
 4 sec: 64357 operations; 16698.6 current ops/sec; [UPDATE AverageLatency(us)=13073.79] [READ AverageLatency(us)=18710.99] 
 6 sec: 98482 operations; 17053.97 current ops/sec; [UPDATE AverageLatency(us)=12413.13] [READ AverageLatency(us)=17833.7] 
 8 sec: 131200 operations; 16350.82 current ops/sec; [UPDATE AverageLatency(us)=12805.69] [READ AverageLatency(us)=18821.22] 
 10 sec: 166642 operations; 17721 current ops/sec; [UPDATE AverageLatency(us)=12013.35] [READ AverageLatency(us)=17289.8] 
 12 sec: 201734 operations; 17537.23 current ops/sec; [UPDATE AverageLatency(us)=12019.26] [READ AverageLatency(us)=17460.64] 
 14 sec: 236846 operations; 17547.23 current ops/sec; [UPDATE AverageLatency(us)=12073.48] [READ AverageLatency(us)=17405.1] 
 18 sec: 261052 operations; 5456.72 current ops/sec; [UPDATE AverageLatency(us)=12739.67] [READ AverageLatency(us)=18250.52] 
 20 sec: 262696 operations; 821.59 current ops/sec; [UPDATE AverageLatency(us)=465038.56] [READ AverageLatency(us)=784680.28] 
 22 sec: 296392 operations; 16848 current ops/sec; [UPDATE AverageLatency(us)=17688.51] [READ AverageLatency(us)=26221.57] 
 24 sec: 335595 operations; 19503.98 current ops/sec; [UPDATE AverageLatency(us)=10194.85] [READ AverageLatency(us)=15452.06] 
 26 sec: 374573 operations; 19489 current ops/sec; [UPDATE AverageLatency(us)=10923.02] [READ AverageLatency(us)=16353.7] 
 28 sec: 413700 operations; 19161.12 current ops/sec; [UPDATE AverageLatency(us)=10578.74] [READ AverageLatency(us)=15835.52] 
 30 sec: 452886 operations; 19573.43 current ops/sec; [UPDATE AverageLatency(us)=10841.84] [READ AverageLatency(us)=15894.8] 
 32 sec: 496691 operations; 21891.55 current ops/sec; [UPDATE AverageLatency(us)=9856.94] [READ AverageLatency(us)=14346.39] 
 34 sec: 535479 operations; 19384.31 current ops/sec; [UPDATE AverageLatency(us)=10755.03] [READ AverageLatency(us)=15922.16] 
 36 sec: 574232 operations; 19366.82 current ops/sec; [UPDATE AverageLatency(us)=10743.48] [READ AverageLatency(us)=15926.48] 
 38 sec: 613456 operations; 19602.2 current ops/sec; [UPDATE AverageLatency(us)=10688.19] [READ AverageLatency(us)=15790.24] 
 40 sec: 652965 operations; 19744.63 current ops/sec; [UPDATE AverageLatency(us)=10510.61] [READ AverageLatency(us)=15619.78] 
 42 sec: 692176 operations; 19605.5 current ops/sec; [UPDATE AverageLatency(us)=10645.45] [READ AverageLatency(us)=15783.59] 
 44 sec: 731418 operations; 19611.19 current ops/sec; [UPDATE AverageLatency(us)=10661.36] [READ AverageLatency(us)=15724.99] 
 46 sec: 770762 operations; 19672 current ops/sec; [UPDATE AverageLatency(us)=10542.31] [READ AverageLatency(us)=15768.86] 
 48 sec: 809455 operations; 19336.83 current ops/sec; [UPDATE AverageLatency(us)=10710.09] [READ AverageLatency(us)=15935.6] 
 50 sec: 848835 operations; 19680.16 current ops/sec; [UPDATE AverageLatency(us)=10569.78] [READ AverageLatency(us)=15659.27] 
 52 sec: 887385 operations; 19275 current ops/sec; [UPDATE AverageLatency(us)=10806.16] [READ AverageLatency(us)=16094.76] 
 54 sec: 924919 operations; 18757.62 current ops/sec; [UPDATE AverageLatency(us)=11111.43] [READ AverageLatency(us)=16491.4] 
 56 sec: 962818 operations; 18949.5 current ops/sec; [UPDATE AverageLatency(us)=10877.67] [READ AverageLatency(us)=16285.44] 
 58 sec: 1001122 operations; 19142.43 current ops/sec; [UPDATE AverageLatency(us)=10954.93] [READ AverageLatency(us)=16141.74] 
 60 sec: 1036825 operations; 17842.58 current ops/sec; [UPDATE AverageLatency(us)=11967.54] [READ AverageLatency(us)=17226.34] 
 62 sec: 1072640 operations; 17907.5 current ops/sec; [UPDATE AverageLatency(us)=11670.9] [READ AverageLatency(us)=17309.76] 
 64 sec: 1109032 operations; 18186.91 current ops/sec; [UPDATE AverageLatency(us)=11797.98] [READ AverageLatency(us)=16872.14] 
 66 sec: 1145079 operations; 18023.5 current ops/sec; [UPDATE AverageLatency(us)=11678.73] [READ AverageLatency(us)=17035.15] 
 68 sec: 1181818 operations; 18360.32 current ops/sec; [UPDATE AverageLatency(us)=11477.06] [READ AverageLatency(us)=16731.02] 
 70 sec: 1218466 operations; 18324 current ops/sec; [UPDATE AverageLatency(us)=11305.55] [READ AverageLatency(us)=16782.12] 
 72 sec: 1251471 operations; 16494.25 current ops/sec; [UPDATE AverageLatency(us)=12722.87] [READ AverageLatency(us)=18607.36] 
 74 sec: 1285135 operations; 16823.59 current ops/sec; [UPDATE AverageLatency(us)=12693.44] [READ AverageLatency(us)=18116.82] 
 76 sec: 1316021 operations; 15443 current ops/sec; [UPDATE AverageLatency(us)=13572.62] [READ AverageLatency(us)=19941.81] 
 78 sec: 1348438 operations; 16200.4 current ops/sec; [UPDATE AverageLatency(us)=13157.72] [READ AverageLatency(us)=18812.79] 
 80 sec: 1380895 operations; 16228.5 current ops/sec; [UPDATE AverageLatency(us)=13156.17] [READ AverageLatency(us)=18775.55] 
 82 sec: 1413648 operations; 16368.32 current ops/sec; [UPDATE AverageLatency(us)=12964.2] [READ AverageLatency(us)=18568.08] 
 84 sec: 1445939 operations; 16145.5 current ops/sec; [UPDATE AverageLatency(us)=13146.66] [READ AverageLatency(us)=18661.78] 
 86 sec: 1475338 operations; 14692.15 current ops/sec; [UPDATE AverageLatency(us)=14979.3] [READ AverageLatency(us)=20422.84] 
 88 sec: 1507434 operations; 16039.98 current ops/sec; [UPDATE AverageLatency(us)=13179.1] [READ AverageLatency(us)=18649.6] 
 90 sec: 1539410 operations; 15988 current ops/sec; [UPDATE AverageLatency(us)=13135.8] [READ AverageLatency(us)=18854.65] 
 92 sec: 1572084 operations; 16328.84 current ops/sec; [UPDATE AverageLatency(us)=12703.46] [READ AverageLatency(us)=18306.69] 
 94 sec: 1603548 operations; 15732 current ops/sec; [UPDATE AverageLatency(us)=13689.95] [READ AverageLatency(us)=19122.69] 
 96 sec: 1636894 operations; 16664.67 current ops/sec; [UPDATE AverageLatency(us)=12519.17] [READ AverageLatency(us)=17869.17] 
 98 sec: 1668958 operations; 16032 current ops/sec; [UPDATE AverageLatency(us)=13285.45] [READ AverageLatency(us)=18796.21] 
 100 sec: 1702322 operations; 16673.66 current ops/sec; [UPDATE AverageLatency(us)=12722.11] [READ AverageLatency(us)=18232.39] 
 102 sec: 1735191 operations; 16434.5 current ops/sec; [UPDATE AverageLatency(us)=12870.35] [READ AverageLatency(us)=18281.08] 
 104 sec: 1767938 operations; 16365.32 current ops/sec; [UPDATE AverageLatency(us)=12962.45] [READ AverageLatency(us)=18284.09] 
 106 sec: 1801712 operations; 16878.56 current ops/sec; [UPDATE AverageLatency(us)=12772.85] [READ AverageLatency(us)=17945.87] 
 108 sec: 1835471 operations; 16879.5 current ops/sec; [UPDATE AverageLatency(us)=12598.1] [READ AverageLatency(us)=18150.33] 
 110 sec: 1868506 operations; 16509.25 current ops/sec; [UPDATE AverageLatency(us)=12959.55] [READ AverageLatency(us)=18360.43] 
 112 sec: 1902078 operations; 16786 current ops/sec; [UPDATE AverageLatency(us)=12515.75] [READ AverageLatency(us)=18039.75] 
 114 sec: 1935172 operations; 16538.73 current ops/sec; [UPDATE AverageLatency(us)=12702.41] [READ AverageLatency(us)=18349.37] 
 116 sec: 1969510 operations; 17169 current ops/sec; [UPDATE AverageLatency(us)=12301.17] [READ AverageLatency(us)=17790.21] 
 118 sec: 2004492 operations; 17482.26 current ops/sec; [UPDATE AverageLatency(us)=12155.74] [READ AverageLatency(us)=17396.86] 
 120 sec: 2039556 operations; 17532 current ops/sec; [UPDATE AverageLatency(us)=12127.43] [READ AverageLatency(us)=17221.34] 
 122 sec: 2073605 operations; 17015.99 current ops/sec; [UPDATE AverageLatency(us)=12523.27] [READ AverageLatency(us)=17824.82] 
 124 sec: 2107878 operations; 17136.5 current ops/sec; [UPDATE AverageLatency(us)=12752.19] [READ AverageLatency(us)=17931.93] 
 126 sec: 2142424 operations; 17264.37 current ops/sec; [UPDATE AverageLatency(us)=12123.14] [READ AverageLatency(us)=17512.32] 
 128 sec: 2177497 operations; 17536.5 current ops/sec; [UPDATE AverageLatency(us)=11955.24] [READ AverageLatency(us)=17575.48] 
 130 sec: 2213058 operations; 17780.5 current ops/sec; [UPDATE AverageLatency(us)=12211.36] [READ AverageLatency(us)=17309.74] 
 132 sec: 2249378 operations; 18150.92 current ops/sec; [UPDATE AverageLatency(us)=11483.7] [READ AverageLatency(us)=16785.49] 
 134 sec: 2285479 operations; 18050.5 current ops/sec; [UPDATE AverageLatency(us)=11416.39] [READ AverageLatency(us)=16746.74] 
 137 sec: 2321730 operations; 18116.44 current ops/sec; [UPDATE AverageLatency(us)=11695.61] [READ AverageLatency(us)=16784.53] 
 139 sec: 2357827 operations; 18048.5 current ops/sec; [UPDATE AverageLatency(us)=11599.9] [READ AverageLatency(us)=17076.81] 
 141 sec: 2393713 operations; 17934.03 current ops/sec; [UPDATE AverageLatency(us)=12025.02] [READ AverageLatency(us)=17085.96] 
 143 sec: 2429557 operations; 17922 current ops/sec; [UPDATE AverageLatency(us)=11734.67] [READ AverageLatency(us)=17062.76] 
 145 sec: 2465142 operations; 17783.61 current ops/sec; [UPDATE AverageLatency(us)=11857.63] [READ AverageLatency(us)=17250.17] 
 147 sec: 2501692 operations; 18265.87 current ops/sec; [UPDATE AverageLatency(us)=11431.82] [READ AverageLatency(us)=16877.25] 
 149 sec: 2538603 operations; 18455.5 current ops/sec; [UPDATE AverageLatency(us)=11509.71] [READ AverageLatency(us)=16651.67] 
 151 sec: 2576265 operations; 18821.59 current ops/sec; [UPDATE AverageLatency(us)=11241.3] [READ AverageLatency(us)=16325.96] 
 153 sec: 2613810 operations; 18772.5 current ops/sec; [UPDATE AverageLatency(us)=11313.54] [READ AverageLatency(us)=16417.29] 
 155 sec: 2650907 operations; 18539.23 current ops/sec; [UPDATE AverageLatency(us)=11354.83] [READ AverageLatency(us)=16605.58] 
 157 sec: 2687744 operations; 18418.5 current ops/sec; [UPDATE AverageLatency(us)=11148.79] [READ AverageLatency(us)=16188.69] 
 159 sec: 2725505 operations; 18871.06 current ops/sec; [UPDATE AverageLatency(us)=10976.97] [READ AverageLatency(us)=16363.02] 
 161 sec: 2764241 operations; 19368 current ops/sec; [UPDATE AverageLatency(us)=10840.62] [READ AverageLatency(us)=15896.62] 
 163 sec: 2801339 operations; 18549 current ops/sec; [UPDATE AverageLatency(us)=11037.75] [READ AverageLatency(us)=16135.68] 
 165 sec: 2839507 operations; 19074.46 current ops/sec; [UPDATE AverageLatency(us)=11261.3] [READ AverageLatency(us)=16120.94] 
 167 sec: 2878117 operations; 19305 current ops/sec; [UPDATE AverageLatency(us)=10815.69] [READ AverageLatency(us)=16000.49] 
 169 sec: 2915795 operations; 18829.59 current ops/sec; [UPDATE AverageLatency(us)=11160.72] [READ AverageLatency(us)=16437.97] 
 171 sec: 2955202 operations; 19703.5 current ops/sec; [UPDATE AverageLatency(us)=10530.1] [READ AverageLatency(us)=15601.78] 
 173 sec: 2994277 operations; 19527.74 current ops/sec; [UPDATE AverageLatency(us)=10653.08] [READ AverageLatency(us)=15813.09] 
 175 sec: 3033295 operations; 19489.51 current ops/sec; [UPDATE AverageLatency(us)=10711.34] [READ AverageLatency(us)=15879.98] 
 177 sec: 3072491 operations; 19568.65 current ops/sec; [UPDATE AverageLatency(us)=10796.29] [READ AverageLatency(us)=15727.63] 
 179 sec: 3112018 operations; 19753.62 current ops/sec; [UPDATE AverageLatency(us)=10421.05] [READ AverageLatency(us)=15604.61] 
 181 sec: 3151147 operations; 19544.96 current ops/sec; [UPDATE AverageLatency(us)=10639.52] [READ AverageLatency(us)=15837] 
 183 sec: 3189675 operations; 19264 current ops/sec; [UPDATE AverageLatency(us)=10748.88] [READ AverageLatency(us)=15760.38] 
 185 sec: 3229511 operations; 19908.05 current ops/sec; [UPDATE AverageLatency(us)=10586.41] [READ AverageLatency(us)=15707.84] 
 187 sec: 3269297 operations; 19873.13 current ops/sec; [UPDATE AverageLatency(us)=10469.86] [READ AverageLatency(us)=15583.04] 
 189 sec: 3310782 operations; 20742.5 current ops/sec; [UPDATE AverageLatency(us)=9967.61] [READ AverageLatency(us)=14928.11] 
 191 sec: 3352157 operations; 20677.16 current ops/sec; [UPDATE AverageLatency(us)=10028.22] [READ AverageLatency(us)=14923.98] 
 193 sec: 3392387 operations; 20104.95 current ops/sec; [UPDATE AverageLatency(us)=10362.46] [READ AverageLatency(us)=15416.41] 
 195 sec: 3432895 operations; 20254 current ops/sec; [UPDATE AverageLatency(us)=10203.02] [READ AverageLatency(us)=15287.18] 
 197 sec: 3465807 operations; 16447.78 current ops/sec; [UPDATE AverageLatency(us)=12948.38] [READ AverageLatency(us)=18686.72] 
 199 sec: 3500439 operations; 17307.35 current ops/sec; [UPDATE AverageLatency(us)=11957.44] [READ AverageLatency(us)=17267.74] 
 201 sec: 3535276 operations; 17409.8 current ops/sec; [UPDATE AverageLatency(us)=11793.08] [READ AverageLatency(us)=17132.65] 
 203 sec: 3569889 operations; 17297.85 current ops/sec; [UPDATE AverageLatency(us)=11963.26] [READ AverageLatency(us)=17328.05] 
 205 sec: 3604509 operations; 17301.35 current ops/sec; [UPDATE AverageLatency(us)=12343.37] [READ AverageLatency(us)=17600.7] 
 207 sec: 3639712 operations; 17592.7 current ops/sec; [UPDATE AverageLatency(us)=11911.15] [READ AverageLatency(us)=17035.52] 
 209 sec: 3674442 operations; 17347.65 current ops/sec; [UPDATE AverageLatency(us)=11713.79] [READ AverageLatency(us)=17028.43] 
 211 sec: 3710020 operations; 17780.11 current ops/sec; [UPDATE AverageLatency(us)=11881.18] [READ AverageLatency(us)=17068.05] 
 213 sec: 3745394 operations; 17669.33 current ops/sec; [UPDATE AverageLatency(us)=11723.46] [READ AverageLatency(us)=16980.89] 
 215 sec: 3781050 operations; 17810.19 current ops/sec; [UPDATE AverageLatency(us)=12034.25] [READ AverageLatency(us)=17198.59] 
 217 sec: 3815383 operations; 17157.92 current ops/sec; [UPDATE AverageLatency(us)=12260.82] [READ AverageLatency(us)=17556.52] 
 219 sec: 3851043 operations; 17812.19 current ops/sec; [UPDATE AverageLatency(us)=11519.15] [READ AverageLatency(us)=16906.33] 
 221 sec: 3886245 operations; 17592.2 current ops/sec; [UPDATE AverageLatency(us)=12250.59] [READ AverageLatency(us)=17531.08] 
 223 sec: 3922907 operations; 18312.69 current ops/sec; [UPDATE AverageLatency(us)=11566.97] [READ AverageLatency(us)=16750.65] 
 225 sec: 3958980 operations; 18027.49 current ops/sec; [UPDATE AverageLatency(us)=11747.77] [READ AverageLatency(us)=16955.25] 
 227 sec: 3994153 operations; 17568.93 current ops/sec; [UPDATE AverageLatency(us)=11922.77] [READ AverageLatency(us)=17207.77] 
 229 sec: 4030953 operations; 18390.8 current ops/sec; [UPDATE AverageLatency(us)=11167.24] [READ AverageLatency(us)=16257.68] 
 231 sec: 4066857 operations; 17943.03 current ops/sec; [UPDATE AverageLatency(us)=11695.41] [READ AverageLatency(us)=17131.39] 
 233 sec: 4104410 operations; 18757.74 current ops/sec; [UPDATE AverageLatency(us)=11319.47] [READ AverageLatency(us)=16333.82] 
 235 sec: 4141610 operations; 18590.7 current ops/sec; [UPDATE AverageLatency(us)=11320.42] [READ AverageLatency(us)=16506.55] 
 237 sec: 4177827 operations; 18099.45 current ops/sec; [UPDATE AverageLatency(us)=11452.63] [READ AverageLatency(us)=16623.14] 
 239 sec: 4214663 operations; 18408.8 current ops/sec; [UPDATE AverageLatency(us)=11261.4] [READ AverageLatency(us)=16777.74] 
 241 sec: 4251563 operations; 18440.78 current ops/sec; [UPDATE AverageLatency(us)=11393.46] [READ AverageLatency(us)=16617.08] 
 243 sec: 4288459 operations; 18438.78 current ops/sec; [UPDATE AverageLatency(us)=11361.81] [READ AverageLatency(us)=16727.76] 
 245 sec: 4324820 operations; 18171.41 current ops/sec; [UPDATE AverageLatency(us)=11327.8] [READ AverageLatency(us)=16875.88] 
 247 sec: 4361866 operations; 18513.74 current ops/sec; [UPDATE AverageLatency(us)=11505.93] [READ AverageLatency(us)=16688.65] 
 249 sec: 4399389 operations; 18752.12 current ops/sec; [UPDATE AverageLatency(us)=11142.37] [READ AverageLatency(us)=16448.43] 
 251 sec: 4436527 operations; 18559.72 current ops/sec; [UPDATE AverageLatency(us)=11420.63] [READ AverageLatency(us)=16592.66] 
 253 sec: 4468768 operations; 16112.44 current ops/sec; [UPDATE AverageLatency(us)=13251.48] [READ AverageLatency(us)=18874.21] 
 255 sec: 4502827 operations; 17020.99 current ops/sec; [UPDATE AverageLatency(us)=12069.4] [READ AverageLatency(us)=17260.09] 
 257 sec: 4536868 operations; 16995.01 current ops/sec; [UPDATE AverageLatency(us)=12464.09] [READ AverageLatency(us)=18029.32] 
 259 sec: 4571137 operations; 17125.94 current ops/sec; [UPDATE AverageLatency(us)=12172.89] [READ AverageLatency(us)=17433.88] 
 261 sec: 4605926 operations; 17385.81 current ops/sec; [UPDATE AverageLatency(us)=12274.14] [READ AverageLatency(us)=17454.19] 
 263 sec: 4640297 operations; 17176.91 current ops/sec; [UPDATE AverageLatency(us)=12341.73] [READ AverageLatency(us)=17873.12] 
 265 sec: 4675141 operations; 17404.6 current ops/sec; [UPDATE AverageLatency(us)=11727.65] [READ AverageLatency(us)=17051.13] 
 267 sec: 4709924 operations; 17382.81 current ops/sec; [UPDATE AverageLatency(us)=12160.1] [READ AverageLatency(us)=17331.15] 
 269 sec: 4746144 operations; 18100.95 current ops/sec; [UPDATE AverageLatency(us)=11613.41] [READ AverageLatency(us)=16571.3] 
 271 sec: 4781223 operations; 17530.73 current ops/sec; [UPDATE AverageLatency(us)=11879.35] [READ AverageLatency(us)=17027.71] 
 273 sec: 4816543 operations; 17651.17 current ops/sec; [UPDATE AverageLatency(us)=11919.83] [READ AverageLatency(us)=17389.51] 
 275 sec: 4851966 operations; 17702.65 current ops/sec; [UPDATE AverageLatency(us)=11811.43] [READ AverageLatency(us)=17081.76] 
 277 sec: 4887860 operations; 17947 current ops/sec; [UPDATE AverageLatency(us)=11912.96] [READ AverageLatency(us)=17001.71] 
 279 sec: 4924650 operations; 18385.81 current ops/sec; [UPDATE AverageLatency(us)=11692.51] [READ AverageLatency(us)=16667.39] 
 281 sec: 4960270 operations; 17810 current ops/sec; [UPDATE AverageLatency(us)=11872.44] [READ AverageLatency(us)=16933.29] 
 283 sec: 4996983 operations; 18347.33 current ops/sec; [UPDATE AverageLatency(us)=11363.24] [READ AverageLatency(us)=16613.75] 
 285 sec: 5032963 operations; 17981.01 current ops/sec; [UPDATE AverageLatency(us)=11703.55] [READ AverageLatency(us)=16831.83] 
 287 sec: 5068887 operations; 17962 current ops/sec; [UPDATE AverageLatency(us)=11858.57] [READ AverageLatency(us)=17064.37] 
 289 sec: 5105034 operations; 18064.47 current ops/sec; [UPDATE AverageLatency(us)=11656.03] [READ AverageLatency(us)=16920.04] 
 291 sec: 5141456 operations; 18201.9 current ops/sec; [UPDATE AverageLatency(us)=11611.8] [READ AverageLatency(us)=16738.52] 
 293 sec: 5179477 operations; 19010.5 current ops/sec; [UPDATE AverageLatency(us)=11321.24] [READ AverageLatency(us)=16125.87] 
 295 sec: 5216515 operations; 18509.75 current ops/sec; [UPDATE AverageLatency(us)=11219.58] [READ AverageLatency(us)=16546.49] 
 297 sec: 5254495 operations; 18990 current ops/sec; [UPDATE AverageLatency(us)=11008.26] [READ AverageLatency(us)=15980.97] 
 299 sec: 5291318 operations; 18402.3 current ops/sec; [UPDATE AverageLatency(us)=11254.4] [READ AverageLatency(us)=16562.47] 
 301 sec: 5329158 operations; 18920 current ops/sec; [UPDATE AverageLatency(us)=10902.8] [READ AverageLatency(us)=16154.74] 
 303 sec: 5366580 operations; 18701.65 current ops/sec; [UPDATE AverageLatency(us)=11312.22] [READ AverageLatency(us)=16448.56] 
 305 sec: 5403289 operations; 18354.5 current ops/sec; [UPDATE AverageLatency(us)=11389.3] [READ AverageLatency(us)=16740.01] 
 307 sec: 5440582 operations; 18637.18 current ops/sec; [UPDATE AverageLatency(us)=11096.81] [READ AverageLatency(us)=16538.33] 
 309 sec: 5475639 operations; 17519.74 current ops/sec; [UPDATE AverageLatency(us)=12798.36] [READ AverageLatency(us)=17575.58] 
 311 sec: 5512963 operations; 18662 current ops/sec; [UPDATE AverageLatency(us)=11490.6] [READ AverageLatency(us)=16553.79] 
 313 sec: 5550863 operations; 18940.53 current ops/sec; [UPDATE AverageLatency(us)=11190.5] [READ AverageLatency(us)=16236.51] 
 315 sec: 5588852 operations; 18985.01 current ops/sec; [UPDATE AverageLatency(us)=10993.13] [READ AverageLatency(us)=16303.91] 
 317 sec: 5627329 operations; 19238.5 current ops/sec; [UPDATE AverageLatency(us)=10813.14] [READ AverageLatency(us)=16090.99] 
 319 sec: 5665451 operations; 19051.47 current ops/sec; [UPDATE AverageLatency(us)=10882.57] [READ AverageLatency(us)=16270.15] 
 321 sec: 5704698 operations; 19623.5 current ops/sec; [UPDATE AverageLatency(us)=10740.26] [READ AverageLatency(us)=15743.93] 
 323 sec: 5744257 operations; 19769.62 current ops/sec; [UPDATE AverageLatency(us)=10634.05] [READ AverageLatency(us)=15501.35] 
 325 sec: 5783122 operations; 19432.5 current ops/sec; [UPDATE AverageLatency(us)=10646.37] [READ AverageLatency(us)=15946.42] 
 327 sec: 5822211 operations; 19544.5 current ops/sec; [UPDATE AverageLatency(us)=10726.38] [READ AverageLatency(us)=15807.54] 
 329 sec: 5860763 operations; 19266.37 current ops/sec; [UPDATE AverageLatency(us)=10948.39] [READ AverageLatency(us)=16029.51] 
 331 sec: 5896890 operations; 18063.5 current ops/sec; [UPDATE AverageLatency(us)=10883.03] [READ AverageLatency(us)=15943.86] 
 333 sec: 5908833 operations; 5968.52 current ops/sec; [UPDATE AverageLatency(us)=45060.99] [READ AverageLatency(us)=54601.42] 
 335 sec: 5952233 operations; 21689.16 current ops/sec; [UPDATE AverageLatency(us)=10128.79] [READ AverageLatency(us)=13974.78] 
 337 sec: 5998092 operations; 22929.5 current ops/sec; [UPDATE AverageLatency(us)=9529.95] [READ AverageLatency(us)=13186.36] 
 339 sec: 6035803 operations; 18846.08 current ops/sec; [UPDATE AverageLatency(us)=11019.19] [READ AverageLatency(us)=16364.37] 
 341 sec: 6075727 operations; 19962 current ops/sec; [UPDATE AverageLatency(us)=10446.85] [READ AverageLatency(us)=15553.7] 
 343 sec: 6114726 operations; 19499.5 current ops/sec; [UPDATE AverageLatency(us)=10664.38] [READ AverageLatency(us)=15900.99] 
 345 sec: 6154780 operations; 20016.99 current ops/sec; [UPDATE AverageLatency(us)=10320.77] [READ AverageLatency(us)=15449.45] 
 347 sec: 6195214 operations; 20217 current ops/sec; [UPDATE AverageLatency(us)=10137.94] [READ AverageLatency(us)=15272.5] 
 349 sec: 6235573 operations; 20169.42 current ops/sec; [UPDATE AverageLatency(us)=10260.19] [READ AverageLatency(us)=15339.7] 
 351 sec: 6275021 operations; 19724 current ops/sec; [UPDATE AverageLatency(us)=10711.56] [READ AverageLatency(us)=15691.35] 
 353 sec: 6313784 operations; 19371.81 current ops/sec; [UPDATE AverageLatency(us)=10660.78] [READ AverageLatency(us)=16000.31] 
 355 sec: 6353847 operations; 20031.5 current ops/sec; [UPDATE AverageLatency(us)=10332.21] [READ AverageLatency(us)=15471.86] 
 357 sec: 6394779 operations; 20455.77 current ops/sec; [UPDATE AverageLatency(us)=10205.49] [READ AverageLatency(us)=15108.09] 
 359 sec: 6436437 operations; 20829 current ops/sec; [UPDATE AverageLatency(us)=10216.69] [READ AverageLatency(us)=14857.97] 
 361 sec: 6474004 operations; 18774.11 current ops/sec; [UPDATE AverageLatency(us)=10957.2] [READ AverageLatency(us)=16477.09] 
 363 sec: 6513158 operations; 19577 current ops/sec; [UPDATE AverageLatency(us)=10501.24] [READ AverageLatency(us)=15684.67] 
 365 sec: 6552190 operations; 19506.25 current ops/sec; [UPDATE AverageLatency(us)=10544.21] [READ AverageLatency(us)=15847.15] 
 367 sec: 6591254 operations; 19532 current ops/sec; [UPDATE AverageLatency(us)=10836.59] [READ AverageLatency(us)=15737.65] 
 369 sec: 6630130 operations; 19428.29 current ops/sec; [UPDATE AverageLatency(us)=10749.48] [READ AverageLatency(us)=15757.72] 
 371 sec: 6670136 operations; 20003 current ops/sec; [UPDATE AverageLatency(us)=10556.38] [READ AverageLatency(us)=15501] 
 373 sec: 6709502 operations; 19673.16 current ops/sec; [UPDATE AverageLatency(us)=10651.01] [READ AverageLatency(us)=15692.27] 
 375 sec: 6748537 operations; 19517.5 current ops/sec; [UPDATE AverageLatency(us)=10713.7] [READ AverageLatency(us)=15749.77] 
 377 sec: 6789133 operations; 20287.86 current ops/sec; [UPDATE AverageLatency(us)=10303.33] [READ AverageLatency(us)=15266.29] 
 379 sec: 6829037 operations; 19952 current ops/sec; [UPDATE AverageLatency(us)=10601.75] [READ AverageLatency(us)=15480.3] 
 381 sec: 6867351 operations; 19147.43 current ops/sec; [UPDATE AverageLatency(us)=10602.86] [READ AverageLatency(us)=15454.15] 
 383 sec: 6907783 operations; 20216 current ops/sec; [UPDATE AverageLatency(us)=10306.07] [READ AverageLatency(us)=15320.23] 
 385 sec: 6947151 operations; 19674.16 current ops/sec; [UPDATE AverageLatency(us)=10667.5] [READ AverageLatency(us)=15693.74] 
 387 sec: 6984923 operations; 18886 current ops/sec; [UPDATE AverageLatency(us)=11195.37] [READ AverageLatency(us)=16275.71] 
 389 sec: 7024878 operations; 19967.52 current ops/sec; [UPDATE AverageLatency(us)=10557.16] [READ AverageLatency(us)=15466.78] 
 391 sec: 7063897 operations; 19509.5 current ops/sec; [UPDATE AverageLatency(us)=10650.95] [READ AverageLatency(us)=15451.28] 
 393 sec: 7103283 operations; 19683.16 current ops/sec; [UPDATE AverageLatency(us)=10758.93] [READ AverageLatency(us)=15717.25] 
 395 sec: 7142134 operations; 19425.5 current ops/sec; [UPDATE AverageLatency(us)=10774.67] [READ AverageLatency(us)=15739.2] 
 397 sec: 7180336 operations; 19091.45 current ops/sec; [UPDATE AverageLatency(us)=10778.9] [READ AverageLatency(us)=15814.59] 
 399 sec: 7221262 operations; 20463 current ops/sec; [UPDATE AverageLatency(us)=10485.6] [READ AverageLatency(us)=15119.32] 
 401 sec: 7264503 operations; 21609.7 current ops/sec; [UPDATE AverageLatency(us)=9765.34] [READ AverageLatency(us)=14008.92] 
 403 sec: 7303844 operations; 19670.5 current ops/sec; [UPDATE AverageLatency(us)=10749.62] [READ AverageLatency(us)=15715.5] 
 405 sec: 7343086 operations; 19611.19 current ops/sec; [UPDATE AverageLatency(us)=10481.86] [READ AverageLatency(us)=15706.87] 
 407 sec: 7382730 operations; 19822 current ops/sec; [UPDATE AverageLatency(us)=10805.42] [READ AverageLatency(us)=15588.82] 
 409 sec: 7422269 operations; 19759.62 current ops/sec; [UPDATE AverageLatency(us)=10537.3] [READ AverageLatency(us)=15546.05] 
 411 sec: 7462855 operations; 20293 current ops/sec; [UPDATE AverageLatency(us)=10278.65] [READ AverageLatency(us)=15301.06] 
 413 sec: 7498524 operations; 17825.59 current ops/sec; [UPDATE AverageLatency(us)=11672.22] [READ AverageLatency(us)=17159.59] 
 415 sec: 7533103 operations; 17289.5 current ops/sec; [UPDATE AverageLatency(us)=12177.96] [READ AverageLatency(us)=17637.66] 
 417 sec: 7568432 operations; 17664.5 current ops/sec; [UPDATE AverageLatency(us)=11753.92] [READ AverageLatency(us)=17299.19] 
 419 sec: 7603873 operations; 17711.64 current ops/sec; [UPDATE AverageLatency(us)=11705.99] [READ AverageLatency(us)=17023.3] 
 421 sec: 7638222 operations; 17174.5 current ops/sec; [UPDATE AverageLatency(us)=12334.71] [READ AverageLatency(us)=17902.57] 
 423 sec: 7673907 operations; 17833.58 current ops/sec; [UPDATE AverageLatency(us)=11856.33] [READ AverageLatency(us)=17145.89] 
 425 sec: 7710009 operations; 18051 current ops/sec; [UPDATE AverageLatency(us)=11728.89] [READ AverageLatency(us)=16894.34] 
 427 sec: 7745043 operations; 17508.25 current ops/sec; [UPDATE AverageLatency(us)=12063.95] [READ AverageLatency(us)=17495.12] 
 429 sec: 7781332 operations; 18144.5 current ops/sec; [UPDATE AverageLatency(us)=11483.71] [READ AverageLatency(us)=16927.95] 
 431 sec: 7817537 operations; 18093.45 current ops/sec; [UPDATE AverageLatency(us)=11571.6] [READ AverageLatency(us)=16834.79] 
 433 sec: 7853943 operations; 18203 current ops/sec; [UPDATE AverageLatency(us)=11539.95] [READ AverageLatency(us)=16859.48] 
 435 sec: 7890854 operations; 18446.28 current ops/sec; [UPDATE AverageLatency(us)=11453.21] [READ AverageLatency(us)=16626.45] 
 437 sec: 7927336 operations; 18241 current ops/sec; [UPDATE AverageLatency(us)=11453.89] [READ AverageLatency(us)=16685.63] 
 439 sec: 7963543 operations; 18103.5 current ops/sec; [UPDATE AverageLatency(us)=11744.77] [READ AverageLatency(us)=16908.07] 
 441 sec: 8001509 operations; 18973.51 current ops/sec; [UPDATE AverageLatency(us)=10935.96] [READ AverageLatency(us)=16383.64] 
 443 sec: 8038501 operations; 18496 current ops/sec; [UPDATE AverageLatency(us)=11464.96] [READ AverageLatency(us)=16671.27] 
 445 sec: 8076327 operations; 18903.55 current ops/sec; [UPDATE AverageLatency(us)=11004.58] [READ AverageLatency(us)=16307.22] 
 447 sec: 8113783 operations; 18728 current ops/sec; [UPDATE AverageLatency(us)=11187.62] [READ AverageLatency(us)=16441.6] 
 449 sec: 8151261 operations; 18739 current ops/sec; [UPDATE AverageLatency(us)=11144.96] [READ AverageLatency(us)=16516.04] 
 451 sec: 8188596 operations; 18658.17 current ops/sec; [UPDATE AverageLatency(us)=11180.03] [READ AverageLatency(us)=16488.46] 
 453 sec: 8225943 operations; 18673.5 current ops/sec; [UPDATE AverageLatency(us)=11117.94] [READ AverageLatency(us)=16346.1] 
 455 sec: 8264082 operations; 19059.97 current ops/sec; [UPDATE AverageLatency(us)=11094.53] [READ AverageLatency(us)=16237.39] 
 457 sec: 8302151 operations; 19034.5 current ops/sec; [UPDATE AverageLatency(us)=11113.45] [READ AverageLatency(us)=16154.26] 
 459 sec: 8340451 operations; 19140.43 current ops/sec; [UPDATE AverageLatency(us)=11127.81] [READ AverageLatency(us)=16079.69] 
 461 sec: 8379166 operations; 19357.5 current ops/sec; [UPDATE AverageLatency(us)=10788.64] [READ AverageLatency(us)=15978.42] 
 463 sec: 8417548 operations; 19181.41 current ops/sec; [UPDATE AverageLatency(us)=10749.06] [READ AverageLatency(us)=16073.84] 
 465 sec: 8456393 operations; 19422.5 current ops/sec; [UPDATE AverageLatency(us)=10939.82] [READ AverageLatency(us)=15903.93] 
 467 sec: 8495551 operations; 19579 current ops/sec; [UPDATE AverageLatency(us)=10714.75] [READ AverageLatency(us)=15799.79] 
 469 sec: 8532325 operations; 18377.81 current ops/sec; [UPDATE AverageLatency(us)=11341.6] [READ AverageLatency(us)=16798.14] 
 471 sec: 8568140 operations; 17907.5 current ops/sec; [UPDATE AverageLatency(us)=11503.31] [READ AverageLatency(us)=17000.07] 
 473 sec: 8605726 operations; 18783.61 current ops/sec; [UPDATE AverageLatency(us)=11193.85] [READ AverageLatency(us)=16180.67] 
 475 sec: 8641827 operations; 18050.5 current ops/sec; [UPDATE AverageLatency(us)=11503.38] [READ AverageLatency(us)=17112.35] 
 477 sec: 8679259 operations; 18706.65 current ops/sec; [UPDATE AverageLatency(us)=11257.75] [READ AverageLatency(us)=16129.41] 
 479 sec: 8717125 operations; 18933 current ops/sec; [UPDATE AverageLatency(us)=10937.2] [READ AverageLatency(us)=15818.92] 
 481 sec: 8754493 operations; 18684 current ops/sec; [UPDATE AverageLatency(us)=11331.67] [READ AverageLatency(us)=16327.83] 
 483 sec: 8790470 operations; 17979.51 current ops/sec; [UPDATE AverageLatency(us)=11324.6] [READ AverageLatency(us)=16517.48] 
 485 sec: 8825742 operations; 17636 current ops/sec; [UPDATE AverageLatency(us)=11717.49] [READ AverageLatency(us)=17157.32] 
 487 sec: 8862875 operations; 18557.22 current ops/sec; [UPDATE AverageLatency(us)=11081.46] [READ AverageLatency(us)=16263.64] 
 489 sec: 8899672 operations; 18398.5 current ops/sec; [UPDATE AverageLatency(us)=11518.98] [READ AverageLatency(us)=16450.08] 
 491 sec: 8937426 operations; 18867.57 current ops/sec; [UPDATE AverageLatency(us)=11002.22] [READ AverageLatency(us)=16004.17] 
 493 sec: 8974613 operations; 18593.5 current ops/sec; [UPDATE AverageLatency(us)=11270.53] [READ AverageLatency(us)=16502.78] 
 495 sec: 9011959 operations; 18673 current ops/sec; [UPDATE AverageLatency(us)=11041.15] [READ AverageLatency(us)=16010.8] 
 497 sec: 9048797 operations; 18409.8 current ops/sec; [UPDATE AverageLatency(us)=11234.65] [READ AverageLatency(us)=16481.89] 
 499 sec: 9086115 operations; 18659 current ops/sec; [UPDATE AverageLatency(us)=11207.5] [READ AverageLatency(us)=16236.9] 
 501 sec: 9124148 operations; 19007 current ops/sec; [UPDATE AverageLatency(us)=10711.41] [READ AverageLatency(us)=15947.78] 
 503 sec: 9162361 operations; 19106.5 current ops/sec; [UPDATE AverageLatency(us)=11001.87] [READ AverageLatency(us)=15828.82] 
 505 sec: 9200690 operations; 19164.5 current ops/sec; [UPDATE AverageLatency(us)=10893.89] [READ AverageLatency(us)=15938.29] 
 507 sec: 9238728 operations; 19009.5 current ops/sec; [UPDATE AverageLatency(us)=11054.21] [READ AverageLatency(us)=16237] 
 509 sec: 9277581 operations; 19426.5 current ops/sec; [UPDATE AverageLatency(us)=10883.05] [READ AverageLatency(us)=15811.47] 
 511 sec: 9315892 operations; 19145.93 current ops/sec; [UPDATE AverageLatency(us)=10897.22] [READ AverageLatency(us)=16032.91] 
 513 sec: 9354215 operations; 19161.5 current ops/sec; [UPDATE AverageLatency(us)=10939.58] [READ AverageLatency(us)=16005.88] 
 515 sec: 9392854 operations; 19319.5 current ops/sec; [UPDATE AverageLatency(us)=10763.89] [READ AverageLatency(us)=15877.46] 
 517 sec: 9431210 operations; 19168.42 current ops/sec; [UPDATE AverageLatency(us)=10844.16] [READ AverageLatency(us)=16000.17] 
 519 sec: 9469433 operations; 19111.5 current ops/sec; [UPDATE AverageLatency(us)=10745.96] [READ AverageLatency(us)=16155.73] 
 521 sec: 9509080 operations; 19813.59 current ops/sec; [UPDATE AverageLatency(us)=10610] [READ AverageLatency(us)=15591.89] 
 523 sec: 9548919 operations; 19919.5 current ops/sec; [UPDATE AverageLatency(us)=10492.29] [READ AverageLatency(us)=15404.27] 
 525 sec: 9586998 operations; 19029.99 current ops/sec; [UPDATE AverageLatency(us)=11082.18] [READ AverageLatency(us)=16238.64] 
 527 sec: 9627275 operations; 20138.5 current ops/sec; [UPDATE AverageLatency(us)=10400.14] [READ AverageLatency(us)=15373.38] 
 529 sec: 9666794 operations; 19759.5 current ops/sec; [UPDATE AverageLatency(us)=10630.74] [READ AverageLatency(us)=15624.4] 
 531 sec: 9707219 operations; 20202.4 current ops/sec; [UPDATE AverageLatency(us)=10361.29] [READ AverageLatency(us)=15305.04] 
 533 sec: 9748340 operations; 20560.5 current ops/sec; [UPDATE AverageLatency(us)=10007.4] [READ AverageLatency(us)=15081.5] 
 535 sec: 9787842 operations; 19741.13 current ops/sec; [UPDATE AverageLatency(us)=10648.07] [READ AverageLatency(us)=15694.87] 
 537 sec: 9828882 operations; 20520 current ops/sec; [UPDATE AverageLatency(us)=10283.15] [READ AverageLatency(us)=15036.94] 
 539 sec: 9869431 operations; 20264.37 current ops/sec; [UPDATE AverageLatency(us)=10147.94] [READ AverageLatency(us)=15184.07] 
 541 sec: 9909133 operations; 19851 current ops/sec; [UPDATE AverageLatency(us)=10388.57] [READ AverageLatency(us)=15654.76] 
 543 sec: 9950261 operations; 20553.72 current ops/sec; [UPDATE AverageLatency(us)=10052.52] [READ AverageLatency(us)=15051] 
 545 sec: 9990512 operations; 20115.44 current ops/sec; [UPDATE AverageLatency(us)=10387.6] [READ AverageLatency(us)=15410.6] 
 547 sec: 10031764 operations; 20615.69 current ops/sec; [UPDATE AverageLatency(us)=10065.38] [READ AverageLatency(us)=15005.62] 
 549 sec: 10072886 operations; 20561 current ops/sec; [UPDATE AverageLatency(us)=10039.13] [READ AverageLatency(us)=15050.8] 
 551 sec: 10114271 operations; 20682.16 current ops/sec; [UPDATE AverageLatency(us)=10039.49] [READ AverageLatency(us)=14978.74] 
 553 sec: 10155154 operations; 20441.5 current ops/sec; [UPDATE AverageLatency(us)=10142.18] [READ AverageLatency(us)=15155.79] 
 555 sec: 10195880 operations; 20352.82 current ops/sec; [UPDATE AverageLatency(us)=10189.39] [READ AverageLatency(us)=15208.25] 
 557 sec: 10236366 operations; 20243 current ops/sec; [UPDATE AverageLatency(us)=10102.66] [READ AverageLatency(us)=15263.19] 
 559 sec: 10276847 operations; 20230.38 current ops/sec; [UPDATE AverageLatency(us)=10410.63] [READ AverageLatency(us)=15337.46] 
 561 sec: 10317192 operations; 20162.42 current ops/sec; [UPDATE AverageLatency(us)=10405.51] [READ AverageLatency(us)=15353.62] 
 563 sec: 10358568 operations; 20677.66 current ops/sec; [UPDATE AverageLatency(us)=10056.17] [READ AverageLatency(us)=14963.76] 
 565 sec: 10399190 operations; 20300.85 current ops/sec; [UPDATE AverageLatency(us)=10294.65] [READ AverageLatency(us)=15261.82] 
 567 sec: 10440540 operations; 20664.67 current ops/sec; [UPDATE AverageLatency(us)=10076.25] [READ AverageLatency(us)=14967.26] 
 569 sec: 10480654 operations; 20057 current ops/sec; [UPDATE AverageLatency(us)=10296.73] [READ AverageLatency(us)=15425.95] 
 571 sec: 10520348 operations; 19837.08 current ops/sec; [UPDATE AverageLatency(us)=10364.74] [READ AverageLatency(us)=15660.88] 
 573 sec: 10560265 operations; 19948.53 current ops/sec; [UPDATE AverageLatency(us)=10259.97] [READ AverageLatency(us)=15540.54] 
 575 sec: 10600714 operations; 20214.39 current ops/sec; [UPDATE AverageLatency(us)=10279.15] [READ AverageLatency(us)=15353.14] 
 577 sec: 10636173 operations; 17729.5 current ops/sec; [UPDATE AverageLatency(us)=11553.34] [READ AverageLatency(us)=17299.32] 
 579 sec: 10671093 operations; 17442.56 current ops/sec; [UPDATE AverageLatency(us)=12122.12] [READ AverageLatency(us)=17541.13] 
 581 sec: 10707350 operations; 18119.44 current ops/sec; [UPDATE AverageLatency(us)=11601.16] [READ AverageLatency(us)=16972.56] 
 583 sec: 10743042 operations; 17828.17 current ops/sec; [UPDATE AverageLatency(us)=11857.17] [READ AverageLatency(us)=16920.82] 
 585 sec: 10778939 operations; 17939.53 current ops/sec; [UPDATE AverageLatency(us)=12014.05] [READ AverageLatency(us)=17058.89] 
 587 sec: 10815939 operations; 18490.75 current ops/sec; [UPDATE AverageLatency(us)=11399.4] [READ AverageLatency(us)=16583.83] 
 589 sec: 10852246 operations; 18144.43 current ops/sec; [UPDATE AverageLatency(us)=11561.61] [READ AverageLatency(us)=16886.28] 
 591 sec: 10888240 operations; 17988.01 current ops/sec; [UPDATE AverageLatency(us)=11833.68] [READ AverageLatency(us)=16987.13] 
 593 sec: 10925360 operations; 18550.72 current ops/sec; [UPDATE AverageLatency(us)=11290.08] [READ AverageLatency(us)=16463.77] 
 595 sec: 10960749 operations; 17676.82 current ops/sec; [UPDATE AverageLatency(us)=12107.57] [READ AverageLatency(us)=17425.96] 
 597 sec: 10997799 operations; 18515.74 current ops/sec; [UPDATE AverageLatency(us)=10996.02] [READ AverageLatency(us)=16429.52] 
 599 sec: 11035474 operations; 18818.68 current ops/sec; [UPDATE AverageLatency(us)=11217.57] [READ AverageLatency(us)=16262.55] 
 601 sec: 11072151 operations; 18329.34 current ops/sec; [UPDATE AverageLatency(us)=11478.21] [READ AverageLatency(us)=16779.42] 
 603 sec: 11108788 operations; 18309.35 current ops/sec; [UPDATE AverageLatency(us)=11418.6] [READ AverageLatency(us)=16817.59] 
 605 sec: 11145461 operations; 18318.18 current ops/sec; [UPDATE AverageLatency(us)=11545.07] [READ AverageLatency(us)=16869.59] 
 607 sec: 11181967 operations; 18253 current ops/sec; [UPDATE AverageLatency(us)=11627.54] [READ AverageLatency(us)=16801.16] 
 609 sec: 11219670 operations; 18842.08 current ops/sec; [UPDATE AverageLatency(us)=11119.91] [READ AverageLatency(us)=16212.34] 
 611 sec: 11257684 operations; 18997.5 current ops/sec; [UPDATE AverageLatency(us)=11065.67] [READ AverageLatency(us)=16085.14] 
 613 sec: 11295895 operations; 19095.95 current ops/sec; [UPDATE AverageLatency(us)=10886.9] [READ AverageLatency(us)=16177.24] 
 615 sec: 11333965 operations; 19035 current ops/sec; [UPDATE AverageLatency(us)=11095.81] [READ AverageLatency(us)=16228.35] 
 617 sec: 11371825 operations; 18920.54 current ops/sec; [UPDATE AverageLatency(us)=10997.62] [READ AverageLatency(us)=16376.87] 
 619 sec: 11409334 operations; 18745.13 current ops/sec; [UPDATE AverageLatency(us)=11061.1] [READ AverageLatency(us)=16455.16] 
 621 sec: 11447039 operations; 18852.5 current ops/sec; [UPDATE AverageLatency(us)=11295.32] [READ AverageLatency(us)=16374.81] 
 623 sec: 11485559 operations; 19250.37 current ops/sec; [UPDATE AverageLatency(us)=10848.34] [READ AverageLatency(us)=15990.64] 
 625 sec: 11524133 operations; 19287 current ops/sec; [UPDATE AverageLatency(us)=10814.54] [READ AverageLatency(us)=16052.43] 
 627 sec: 11563627 operations; 19737.13 current ops/sec; [UPDATE AverageLatency(us)=10627.08] [READ AverageLatency(us)=15620.99] 
 629 sec: 11604162 operations; 20267.5 current ops/sec; [UPDATE AverageLatency(us)=10173.74] [READ AverageLatency(us)=15285.67] 
 631 sec: 11643903 operations; 19860.57 current ops/sec; [UPDATE AverageLatency(us)=10384.21] [READ AverageLatency(us)=15615.63] 
 633 sec: 11683950 operations; 20023.5 current ops/sec; [UPDATE AverageLatency(us)=10288.32] [READ AverageLatency(us)=15436.13] 
 635 sec: 11721094 operations; 18562.72 current ops/sec; [UPDATE AverageLatency(us)=11137.23] [READ AverageLatency(us)=16682.21] 
 637 sec: 11758738 operations; 18822 current ops/sec; [UPDATE AverageLatency(us)=11063.43] [READ AverageLatency(us)=16353.93] 
 639 sec: 11799301 operations; 20271.36 current ops/sec; [UPDATE AverageLatency(us)=10197.29] [READ AverageLatency(us)=15174.72] 
 641 sec: 11839461 operations; 20080 current ops/sec; [UPDATE AverageLatency(us)=10375] [READ AverageLatency(us)=15386.77] 
 643 sec: 11879754 operations; 20136.43 current ops/sec; [UPDATE AverageLatency(us)=10363.45] [READ AverageLatency(us)=15358.75] 
 645 sec: 11921148 operations; 20697 current ops/sec; [UPDATE AverageLatency(us)=10067.1] [READ AverageLatency(us)=14976.29] 
 647 sec: 11961553 operations; 20192.4 current ops/sec; [UPDATE AverageLatency(us)=10256.46] [READ AverageLatency(us)=15345.02] 
 649 sec: 12002060 operations; 20253.5 current ops/sec; [UPDATE AverageLatency(us)=10224.91] [READ AverageLatency(us)=15273.83] 
 651 sec: 12042655 operations; 20287.36 current ops/sec; [UPDATE AverageLatency(us)=10129.24] [READ AverageLatency(us)=15300.77] 
 653 sec: 12083204 operations; 20264.37 current ops/sec; [UPDATE AverageLatency(us)=10128.99] [READ AverageLatency(us)=15291.1] 
 655 sec: 12124092 operations; 20444 current ops/sec; [UPDATE AverageLatency(us)=10190.47] [READ AverageLatency(us)=15147.12] 
 657 sec: 12164631 operations; 20259.37 current ops/sec; [UPDATE AverageLatency(us)=10207.02] [READ AverageLatency(us)=15307.15] 
 659 sec: 12204904 operations; 20126.44 current ops/sec; [UPDATE AverageLatency(us)=10306.07] [READ AverageLatency(us)=15376.02] 
 661 sec: 12244903 operations; 19999.5 current ops/sec; [UPDATE AverageLatency(us)=10397.12] [READ AverageLatency(us)=15490.16] 
 663 sec: 12285597 operations; 20336.83 current ops/sec; [UPDATE AverageLatency(us)=10201.93] [READ AverageLatency(us)=15228.05] 
 665 sec: 12326103 operations; 20253 current ops/sec; [UPDATE AverageLatency(us)=10210.04] [READ AverageLatency(us)=15334.12] 
 667 sec: 12366946 operations; 20411.29 current ops/sec; [UPDATE AverageLatency(us)=10190.25] [READ AverageLatency(us)=15014.69] 
 669 sec: 12407425 operations; 20229.39 current ops/sec; [UPDATE AverageLatency(us)=10158.01] [READ AverageLatency(us)=15298.82] 
 671 sec: 12448936 operations; 20755.5 current ops/sec; [UPDATE AverageLatency(us)=9957.41] [READ AverageLatency(us)=14955.65] 
 673 sec: 12490255 operations; 20649.18 current ops/sec; [UPDATE AverageLatency(us)=9994.06] [READ AverageLatency(us)=15010.68] 
 675 sec: 12531759 operations; 20752 current ops/sec; [UPDATE AverageLatency(us)=9985.37] [READ AverageLatency(us)=14933.37] 
 677 sec: 12572737 operations; 20489 current ops/sec; [UPDATE AverageLatency(us)=10002.03] [READ AverageLatency(us)=15135.19] 
 679 sec: 12613532 operations; 20387.31 current ops/sec; [UPDATE AverageLatency(us)=10097.87] [READ AverageLatency(us)=15205.13] 
 681 sec: 12654542 operations; 20505 current ops/sec; [UPDATE AverageLatency(us)=10229.49] [READ AverageLatency(us)=15107.68] 
 683 sec: 12693929 operations; 19683.66 current ops/sec; [UPDATE AverageLatency(us)=10624.54] [READ AverageLatency(us)=15704.48] 
 685 sec: 12735306 operations; 20688.5 current ops/sec; [UPDATE AverageLatency(us)=10035.54] [READ AverageLatency(us)=15000.57] 
 687 sec: 12775518 operations; 20095.95 current ops/sec; [UPDATE AverageLatency(us)=10308.96] [READ AverageLatency(us)=15390.68] 
 689 sec: 12816219 operations; 20350.5 current ops/sec; [UPDATE AverageLatency(us)=10080.41] [READ AverageLatency(us)=15237.8] 
 691 sec: 12855133 operations; 19447.28 current ops/sec; [UPDATE AverageLatency(us)=10598.04] [READ AverageLatency(us)=15959.37] 
 693 sec: 12896282 operations; 20574.5 current ops/sec; [UPDATE AverageLatency(us)=10010.75] [READ AverageLatency(us)=15083.81] 
 695 sec: 12937566 operations; 20631.68 current ops/sec; [UPDATE AverageLatency(us)=9956.37] [READ AverageLatency(us)=15022.88] 
 697 sec: 12978615 operations; 20524.5 current ops/sec; [UPDATE AverageLatency(us)=9981.85] [READ AverageLatency(us)=15100.79] 
 699 sec: 13019291 operations; 20327.84 current ops/sec; [UPDATE AverageLatency(us)=10119.32] [READ AverageLatency(us)=15252.71] 
 701 sec: 13059362 operations; 20035.5 current ops/sec; [UPDATE AverageLatency(us)=10229.39] [READ AverageLatency(us)=15325.13] 
 703 sec: 13100663 operations; 20650.5 current ops/sec; [UPDATE AverageLatency(us)=9909.2] [READ AverageLatency(us)=15003.72] 
 705 sec: 13141428 operations; 20372.31 current ops/sec; [UPDATE AverageLatency(us)=10261.22] [READ AverageLatency(us)=15215.19] 
 707 sec: 13181252 operations; 19912 current ops/sec; [UPDATE AverageLatency(us)=10455.67] [READ AverageLatency(us)=15519.39] 
 709 sec: 13221563 operations; 20145.43 current ops/sec; [UPDATE AverageLatency(us)=10273.94] [READ AverageLatency(us)=15412.01] 
 711 sec: 13262900 operations; 20668.5 current ops/sec; [UPDATE AverageLatency(us)=9934.83] [READ AverageLatency(us)=14987.62] 
 713 sec: 13303671 operations; 20375.31 current ops/sec; [UPDATE AverageLatency(us)=10059.92] [READ AverageLatency(us)=15263.58] 
 715 sec: 13344095 operations; 20212 current ops/sec; [UPDATE AverageLatency(us)=10178.9] [READ AverageLatency(us)=15340.31] 
 717 sec: 13384708 operations; 20296.35 current ops/sec; [UPDATE AverageLatency(us)=10202.97] [READ AverageLatency(us)=15243.51] 
 719 sec: 13425793 operations; 20542.5 current ops/sec; [UPDATE AverageLatency(us)=10125.65] [READ AverageLatency(us)=15081.73] 
 721 sec: 13467105 operations; 20645.68 current ops/sec; [UPDATE AverageLatency(us)=9920.35] [READ AverageLatency(us)=15020.07] 
 723 sec: 13506760 operations; 19827.5 current ops/sec; [UPDATE AverageLatency(us)=10411.23] [READ AverageLatency(us)=15592.44] 
 725 sec: 13547024 operations; 20132 current ops/sec; [UPDATE AverageLatency(us)=10274.42] [READ AverageLatency(us)=15420.9] 
 727 sec: 13587918 operations; 20436.78 current ops/sec; [UPDATE AverageLatency(us)=10150.86] [READ AverageLatency(us)=15194.5] 
 729 sec: 13628792 operations; 20437 current ops/sec; [UPDATE AverageLatency(us)=10121.47] [READ AverageLatency(us)=15138.51] 
 731 sec: 13669482 operations; 20334.83 current ops/sec; [UPDATE AverageLatency(us)=10110.33] [READ AverageLatency(us)=15302.38] 
 733 sec: 13709874 operations; 20196 current ops/sec; [UPDATE AverageLatency(us)=10174.82] [READ AverageLatency(us)=15365.32] 
 735 sec: 13750710 operations; 20407.8 current ops/sec; [UPDATE AverageLatency(us)=10130.54] [READ AverageLatency(us)=15155.25] 
 737 sec: 13791168 operations; 20229 current ops/sec; [UPDATE AverageLatency(us)=10201.33] [READ AverageLatency(us)=15344.91] 
 739 sec: 13832486 operations; 20659 current ops/sec; [UPDATE AverageLatency(us)=9929.06] [READ AverageLatency(us)=15020.9] 
 741 sec: 13872076 operations; 19785.11 current ops/sec; [UPDATE AverageLatency(us)=10424.11] [READ AverageLatency(us)=15650.07] 
 743 sec: 13913199 operations; 20561.5 current ops/sec; [UPDATE AverageLatency(us)=10104.42] [READ AverageLatency(us)=15086.93] 
 745 sec: 13953881 operations; 20330.83 current ops/sec; [UPDATE AverageLatency(us)=10075.23] [READ AverageLatency(us)=15244.5] 
 747 sec: 13995165 operations; 20642 current ops/sec; [UPDATE AverageLatency(us)=10014.11] [READ AverageLatency(us)=14997.67] 
 749 sec: 14035622 operations; 20228.5 current ops/sec; [UPDATE AverageLatency(us)=10176.15] [READ AverageLatency(us)=15342.37] 
 751 sec: 14077006 operations; 20681.66 current ops/sec; [UPDATE AverageLatency(us)=9880.88] [READ AverageLatency(us)=15005.55] 
 753 sec: 14118237 operations; 20615.5 current ops/sec; [UPDATE AverageLatency(us)=9953.65] [READ AverageLatency(us)=15061.01] 
 755 sec: 14159408 operations; 20575.21 current ops/sec; [UPDATE AverageLatency(us)=10011.21] [READ AverageLatency(us)=15044.23] 
 757 sec: 14200172 operations; 20382 current ops/sec; [UPDATE AverageLatency(us)=10090.86] [READ AverageLatency(us)=15181.05] 
 759 sec: 14240666 operations; 20247 current ops/sec; [UPDATE AverageLatency(us)=10128.05] [READ AverageLatency(us)=15377.44] 
 761 sec: 14281290 operations; 20301.85 current ops/sec; [UPDATE AverageLatency(us)=10114.21] [READ AverageLatency(us)=15251.87] 
 763 sec: 14322060 operations; 20385 current ops/sec; [UPDATE AverageLatency(us)=10145.65] [READ AverageLatency(us)=15202.14] 
 765 sec: 14363091 operations; 20505.25 current ops/sec; [UPDATE AverageLatency(us)=10081.44] [READ AverageLatency(us)=15100.88] 
 767 sec: 14403780 operations; 20344.5 current ops/sec; [UPDATE AverageLatency(us)=10050.99] [READ AverageLatency(us)=15235.23] 
 769 sec: 14444450 operations; 20335 current ops/sec; [UPDATE AverageLatency(us)=10085.26] [READ AverageLatency(us)=15281.47] 
 771 sec: 14486052 operations; 20790.6 current ops/sec; [UPDATE AverageLatency(us)=9997.9] [READ AverageLatency(us)=14861.9] 
 773 sec: 14527159 operations; 20553.5 current ops/sec; [UPDATE AverageLatency(us)=10087.64] [READ AverageLatency(us)=15097.57] 
 775 sec: 14568008 operations; 20414.29 current ops/sec; [UPDATE AverageLatency(us)=10140.41] [READ AverageLatency(us)=15177.11] 
 777 sec: 14609212 operations; 20602 current ops/sec; [UPDATE AverageLatency(us)=9943.74] [READ AverageLatency(us)=15080.7] 
 779 sec: 14650699 operations; 20733.13 current ops/sec; [UPDATE AverageLatency(us)=9884.53] [READ AverageLatency(us)=14948.36] 
 781 sec: 14690537 operations; 19919 current ops/sec; [UPDATE AverageLatency(us)=10364.21] [READ AverageLatency(us)=15546.29] 
 783 sec: 14731139 operations; 20301 current ops/sec; [UPDATE AverageLatency(us)=10164.41] [READ AverageLatency(us)=15256.71] 
 785 sec: 14771813 operations; 20326.84 current ops/sec; [UPDATE AverageLatency(us)=10201.61] [READ AverageLatency(us)=15229.03] 
 787 sec: 14812032 operations; 20109.5 current ops/sec; [UPDATE AverageLatency(us)=10339.1] [READ AverageLatency(us)=15420.58] 
 789 sec: 14852513 operations; 20240.5 current ops/sec; [UPDATE AverageLatency(us)=10277.24] [READ AverageLatency(us)=15329.88] 
 791 sec: 14893023 operations; 20244.88 current ops/sec; [UPDATE AverageLatency(us)=10200.16] [READ AverageLatency(us)=15305.96] 
 793 sec: 14933465 operations; 20221 current ops/sec; [UPDATE AverageLatency(us)=10118.63] [READ AverageLatency(us)=15339.88] 
 795 sec: 14971405 operations; 18960.52 current ops/sec; [UPDATE AverageLatency(us)=10985.48] [READ AverageLatency(us)=16284.6] 
 797 sec: 15009075 operations; 18835 current ops/sec; [UPDATE AverageLatency(us)=11390.79] [READ AverageLatency(us)=16343.81] 
 799 sec: 15046449 operations; 18687 current ops/sec; [UPDATE AverageLatency(us)=11201.33] [READ AverageLatency(us)=16346.9] 
 801 sec: 15084843 operations; 19187.41 current ops/sec; [UPDATE AverageLatency(us)=10843.6] [READ AverageLatency(us)=16027.13] 
 803 sec: 15122279 operations; 18718 current ops/sec; [UPDATE AverageLatency(us)=11091.93] [READ AverageLatency(us)=16518.84] 
 805 sec: 15160466 operations; 19083.96 current ops/sec; [UPDATE AverageLatency(us)=10862.14] [READ AverageLatency(us)=16170.13] 
 807 sec: 15198916 operations; 19225 current ops/sec; [UPDATE AverageLatency(us)=10907.92] [READ AverageLatency(us)=16089.55] 
 809 sec: 15237916 operations; 19500 current ops/sec; [UPDATE AverageLatency(us)=10708.11] [READ AverageLatency(us)=15737.16] 
 811 sec: 15277145 operations; 19604.7 current ops/sec; [UPDATE AverageLatency(us)=10716.39] [READ AverageLatency(us)=15738.34] 
 813 sec: 15315870 operations; 19362.5 current ops/sec; [UPDATE AverageLatency(us)=10707.31] [READ AverageLatency(us)=15969.67] 
 815 sec: 15354491 operations; 19300.85 current ops/sec; [UPDATE AverageLatency(us)=10854.53] [READ AverageLatency(us)=16050] 
 817 sec: 15393550 operations; 19529.5 current ops/sec; [UPDATE AverageLatency(us)=10448.28] [READ AverageLatency(us)=15698.95] 
 819 sec: 15431698 operations; 19074 current ops/sec; [UPDATE AverageLatency(us)=10902.32] [READ AverageLatency(us)=16274.03] 
 821 sec: 15471621 operations; 19951.52 current ops/sec; [UPDATE AverageLatency(us)=10472.56] [READ AverageLatency(us)=15464.84] 
 823 sec: 15511408 operations; 19893.5 current ops/sec; [UPDATE AverageLatency(us)=10520.75] [READ AverageLatency(us)=15593.63] 
 825 sec: 15551318 operations; 19955 current ops/sec; [UPDATE AverageLatency(us)=10576.67] [READ AverageLatency(us)=15437.7] 
 827 sec: 15591508 operations; 20084.96 current ops/sec; [UPDATE AverageLatency(us)=10371.71] [READ AverageLatency(us)=15452.26] 
 829 sec: 15632061 operations; 20276.5 current ops/sec; [UPDATE AverageLatency(us)=10236.6] [READ AverageLatency(us)=15308.19] 
 831 sec: 15672826 operations; 20372.31 current ops/sec; [UPDATE AverageLatency(us)=10230.42] [READ AverageLatency(us)=15131.66] 
 833 sec: 15713213 operations; 20193.5 current ops/sec; [UPDATE AverageLatency(us)=10254.61] [READ AverageLatency(us)=15381.83] 
 835 sec: 15753757 operations; 20272 current ops/sec; [UPDATE AverageLatency(us)=10263.71] [READ AverageLatency(us)=15287.66] 
 837 sec: 15794645 operations; 20433.78 current ops/sec; [UPDATE AverageLatency(us)=10110.83] [READ AverageLatency(us)=15158.57] 
 839 sec: 15835719 operations; 20537 current ops/sec; [UPDATE AverageLatency(us)=10135.76] [READ AverageLatency(us)=15088.71] 
 841 sec: 15876712 operations; 20486.26 current ops/sec; [UPDATE AverageLatency(us)=10067.63] [READ AverageLatency(us)=15108.31] 
 843 sec: 15917773 operations; 20530.5 current ops/sec; [UPDATE AverageLatency(us)=9973.58] [READ AverageLatency(us)=15136.05] 
 845 sec: 15958067 operations; 20147 current ops/sec; [UPDATE AverageLatency(us)=10210.74] [READ AverageLatency(us)=15366.11] 
 847 sec: 15997455 operations; 19684.16 current ops/sec; [UPDATE AverageLatency(us)=10542.8] [READ AverageLatency(us)=15738.42] 
 849 sec: 16038391 operations; 20468 current ops/sec; [UPDATE AverageLatency(us)=10148.74] [READ AverageLatency(us)=15162.79] 
 851 sec: 16076865 operations; 19227.39 current ops/sec; [UPDATE AverageLatency(us)=10816.51] [READ AverageLatency(us)=16079.65] 
 853 sec: 16118199 operations; 20667 current ops/sec; [UPDATE AverageLatency(us)=9972.33] [READ AverageLatency(us)=14978.43] 
 855 sec: 16159920 operations; 20860.5 current ops/sec; [UPDATE AverageLatency(us)=9935.94] [READ AverageLatency(us)=14888.8] 
 857 sec: 16200974 operations; 20516.74 current ops/sec; [UPDATE AverageLatency(us)=10069.2] [READ AverageLatency(us)=15041.91] 
 859 sec: 16241326 operations; 20176 current ops/sec; [UPDATE AverageLatency(us)=10200.92] [READ AverageLatency(us)=15397.8] 
 861 sec: 16283039 operations; 20846.08 current ops/sec; [UPDATE AverageLatency(us)=9864.05] [READ AverageLatency(us)=14867.82] 
 863 sec: 16324040 operations; 20500.5 current ops/sec; [UPDATE AverageLatency(us)=10022.11] [READ AverageLatency(us)=15134.53] 
 865 sec: 16364786 operations; 20373 current ops/sec; [UPDATE AverageLatency(us)=10109.17] [READ AverageLatency(us)=15183.01] 
 867 sec: 16406218 operations; 20705.65 current ops/sec; [UPDATE AverageLatency(us)=9873.4] [READ AverageLatency(us)=15016.08] 
 869 sec: 16447319 operations; 20550.5 current ops/sec; [UPDATE AverageLatency(us)=9989.29] [READ AverageLatency(us)=15094.34] 
 871 sec: 16488375 operations; 20517.74 current ops/sec; [UPDATE AverageLatency(us)=10005.29] [READ AverageLatency(us)=15126.79] 
 873 sec: 16529073 operations; 20349 current ops/sec; [UPDATE AverageLatency(us)=10101.88] [READ AverageLatency(us)=15225.19] 
 875 sec: 16570028 operations; 20477.5 current ops/sec; [UPDATE AverageLatency(us)=10193.67] [READ AverageLatency(us)=15119.43] 
 877 sec: 16610906 operations; 20428.79 current ops/sec; [UPDATE AverageLatency(us)=10095.92] [READ AverageLatency(us)=15174.14] 
 879 sec: 16651736 operations; 20415 current ops/sec; [UPDATE AverageLatency(us)=10114.18] [READ AverageLatency(us)=15186.96] 
 881 sec: 16692681 operations; 20462.27 current ops/sec; [UPDATE AverageLatency(us)=10081.58] [READ AverageLatency(us)=15128.38] 
 883 sec: 16732480 operations; 19899.5 current ops/sec; [UPDATE AverageLatency(us)=10240.44] [READ AverageLatency(us)=15607.18] 
 885 sec: 16773350 operations; 20435 current ops/sec; [UPDATE AverageLatency(us)=10089.2] [READ AverageLatency(us)=15185.17] 
 887 sec: 16814631 operations; 20630.18 current ops/sec; [UPDATE AverageLatency(us)=10033.92] [READ AverageLatency(us)=15007.1] 
 889 sec: 16854888 operations; 20128.5 current ops/sec; [UPDATE AverageLatency(us)=10195.91] [READ AverageLatency(us)=15412.47] 
 891 sec: 16895584 operations; 20337.83 current ops/sec; [UPDATE AverageLatency(us)=10041.09] [READ AverageLatency(us)=15240.5] 
 893 sec: 16935962 operations; 20189 current ops/sec; [UPDATE AverageLatency(us)=10142.92] [READ AverageLatency(us)=15397.76] 
 895 sec: 16976570 operations; 20304 current ops/sec; [UPDATE AverageLatency(us)=10184.43] [READ AverageLatency(us)=15140.07] 
 897 sec: 17017386 operations; 20397.8 current ops/sec; [UPDATE AverageLatency(us)=10166.47] [READ AverageLatency(us)=15301.21] 
 899 sec: 17058086 operations; 20339.83 current ops/sec; [UPDATE AverageLatency(us)=10074.43] [READ AverageLatency(us)=15243.88] 
 901 sec: 17099495 operations; 20694.15 current ops/sec; [UPDATE AverageLatency(us)=9899.79] [READ AverageLatency(us)=14964.59] 
 903 sec: 17140438 operations; 20471.5 current ops/sec; [UPDATE AverageLatency(us)=10084.5] [READ AverageLatency(us)=15166.97] 
 905 sec: 17177497 operations; 18520.24 current ops/sec; [UPDATE AverageLatency(us)=11115.13] [READ AverageLatency(us)=16696.33] 
 907 sec: 17215154 operations; 18828.5 current ops/sec; [UPDATE AverageLatency(us)=11287.5] [READ AverageLatency(us)=16371.85] 
 909 sec: 17252918 operations; 18882 current ops/sec; [UPDATE AverageLatency(us)=10965.43] [READ AverageLatency(us)=16223.84] 
 911 sec: 17289500 operations; 18281.86 current ops/sec; [UPDATE AverageLatency(us)=11306.31] [READ AverageLatency(us)=16881.5] 
 913 sec: 17328342 operations; 19421 current ops/sec; [UPDATE AverageLatency(us)=10551.84] [READ AverageLatency(us)=15688.51] 
 915 sec: 17365829 operations; 18734.13 current ops/sec; [UPDATE AverageLatency(us)=11221.67] [READ AverageLatency(us)=16365.42] 
 917 sec: 17403866 operations; 19009 current ops/sec; [UPDATE AverageLatency(us)=11007.63] [READ AverageLatency(us)=16028.52] 
 919 sec: 17442109 operations; 19121.5 current ops/sec; [UPDATE AverageLatency(us)=10970.79] [READ AverageLatency(us)=16136.59] 
 921 sec: 17479620 operations; 18746.13 current ops/sec; [UPDATE AverageLatency(us)=11189.62] [READ AverageLatency(us)=16257.3] 
 923 sec: 17517384 operations; 18882 current ops/sec; [UPDATE AverageLatency(us)=11140.76] [READ AverageLatency(us)=16338.66] 
 925 sec: 17555101 operations; 18849.08 current ops/sec; [UPDATE AverageLatency(us)=11133.42] [READ AverageLatency(us)=16204.69] 
 927 sec: 17592240 operations; 18569.5 current ops/sec; [UPDATE AverageLatency(us)=11179.59] [READ AverageLatency(us)=16463.42] 
 929 sec: 17630569 operations; 19154.92 current ops/sec; [UPDATE AverageLatency(us)=10905.88] [READ AverageLatency(us)=15868.98] 
 931 sec: 17668387 operations; 18899.55 current ops/sec; [UPDATE AverageLatency(us)=11066.71] [READ AverageLatency(us)=16213.86] 
 933 sec: 17705724 operations; 18668.5 current ops/sec; [UPDATE AverageLatency(us)=11007.21] [READ AverageLatency(us)=16170.99] 
 935 sec: 17743717 operations; 18987.01 current ops/sec; [UPDATE AverageLatency(us)=11163.43] [READ AverageLatency(us)=16134.2] 
 937 sec: 17781517 operations; 18900 current ops/sec; [UPDATE AverageLatency(us)=11012.23] [READ AverageLatency(us)=16121.76] 
 939 sec: 17820119 operations; 19291.35 current ops/sec; [UPDATE AverageLatency(us)=10763.63] [READ AverageLatency(us)=15913.53] 
 941 sec: 17857769 operations; 18825 current ops/sec; [UPDATE AverageLatency(us)=11115.51] [READ AverageLatency(us)=16243] 
 943 sec: 17895886 operations; 19058.5 current ops/sec; [UPDATE AverageLatency(us)=10988.74] [READ AverageLatency(us)=16091.18] 
 945 sec: 17933932 operations; 19013.49 current ops/sec; [UPDATE AverageLatency(us)=11007.93] [READ AverageLatency(us)=16189.8] 
 947 sec: 17972035 operations; 19051.5 current ops/sec; [UPDATE AverageLatency(us)=11098.33] [READ AverageLatency(us)=16075.82] 
 949 sec: 18011192 operations; 19568.72 current ops/sec; [UPDATE AverageLatency(us)=10707.37] [READ AverageLatency(us)=15793.63] 
 951 sec: 18049914 operations; 19361 current ops/sec; [UPDATE AverageLatency(us)=11007.64] [READ AverageLatency(us)=15914.6] 
 953 sec: 18088338 operations; 19202.4 current ops/sec; [UPDATE AverageLatency(us)=10854.72] [READ AverageLatency(us)=15964.77] 
 955 sec: 18127151 operations; 19406.5 current ops/sec; [UPDATE AverageLatency(us)=10607.15] [READ AverageLatency(us)=15661.82] 
 957 sec: 18166823 operations; 19826.09 current ops/sec; [UPDATE AverageLatency(us)=10337.78] [READ AverageLatency(us)=15612.83] 
 959 sec: 18206859 operations; 20018 current ops/sec; [UPDATE AverageLatency(us)=10400.13] [READ AverageLatency(us)=15340.84] 
 961 sec: 18245796 operations; 19458.77 current ops/sec; [UPDATE AverageLatency(us)=10773.56] [READ AverageLatency(us)=15698.45] 
 963 sec: 18280725 operations; 17464.5 current ops/sec; [UPDATE AverageLatency(us)=12116.92] [READ AverageLatency(us)=17692.08] 
 965 sec: 18319723 operations; 19499 current ops/sec; [UPDATE AverageLatency(us)=10820.45] [READ AverageLatency(us)=15882.04] 
 967 sec: 18358748 operations; 19502.75 current ops/sec; [UPDATE AverageLatency(us)=10807.26] [READ AverageLatency(us)=15814.09] 
 969 sec: 18399203 operations; 20227.5 current ops/sec; [UPDATE AverageLatency(us)=10297.83] [READ AverageLatency(us)=15324.73] 
 971 sec: 18439163 operations; 19970.01 current ops/sec; [UPDATE AverageLatency(us)=10592.84] [READ AverageLatency(us)=15498.52] 
 973 sec: 18478119 operations; 19478 current ops/sec; [UPDATE AverageLatency(us)=10629.02] [READ AverageLatency(us)=15878.35] 
 975 sec: 18518197 operations; 20039 current ops/sec; [UPDATE AverageLatency(us)=10453.78] [READ AverageLatency(us)=15416.48] 
 977 sec: 18557599 operations; 19691.15 current ops/sec; [UPDATE AverageLatency(us)=10511.9] [READ AverageLatency(us)=15724.68] 
 979 sec: 18597903 operations; 20152 current ops/sec; [UPDATE AverageLatency(us)=10222.52] [READ AverageLatency(us)=15397.09] 
 981 sec: 18639111 operations; 20604 current ops/sec; [UPDATE AverageLatency(us)=10046.81] [READ AverageLatency(us)=15031.68] 
 983 sec: 18679311 operations; 20089.96 current ops/sec; [UPDATE AverageLatency(us)=10401.3] [READ AverageLatency(us)=15417.31] 
 985 sec: 18720328 operations; 20508.5 current ops/sec; [UPDATE AverageLatency(us)=9956.8] [READ AverageLatency(us)=15108.7] 
 987 sec: 18760513 operations; 20082.46 current ops/sec; [UPDATE AverageLatency(us)=10290.9] [READ AverageLatency(us)=15396.8] 
 989 sec: 18801756 operations; 20621.5 current ops/sec; [UPDATE AverageLatency(us)=9945.81] [READ AverageLatency(us)=15092.21] 
 991 sec: 18842407 operations; 20315.34 current ops/sec; [UPDATE AverageLatency(us)=10176.82] [READ AverageLatency(us)=15215.26] 
 993 sec: 18882138 operations; 19865.5 current ops/sec; [UPDATE AverageLatency(us)=10474.54] [READ AverageLatency(us)=15598.97] 
 995 sec: 18922478 operations; 20170 current ops/sec; [UPDATE AverageLatency(us)=10243.89] [READ AverageLatency(us)=15356.74] 
 997 sec: 18962590 operations; 20045.98 current ops/sec; [UPDATE AverageLatency(us)=10255.45] [READ AverageLatency(us)=15389.91] 
 999 sec: 19003398 operations; 20404 current ops/sec; [UPDATE AverageLatency(us)=10020.88] [READ AverageLatency(us)=15258.24] 
 1001 sec: 19044321 operations; 20461.5 current ops/sec; [UPDATE AverageLatency(us)=9976.12] [READ AverageLatency(us)=15190.92] 
 1003 sec: 19085719 operations; 20688.66 current ops/sec; [UPDATE AverageLatency(us)=10142.41] [READ AverageLatency(us)=14967.61] 
 1005 sec: 19127046 operations; 20663.5 current ops/sec; [UPDATE AverageLatency(us)=9905.2] [READ AverageLatency(us)=14976.42] 
 1007 sec: 19167842 operations; 20387.81 current ops/sec; [UPDATE AverageLatency(us)=10014.39] [READ AverageLatency(us)=15204.73] 
 1009 sec: 19208649 operations; 20403.5 current ops/sec; [UPDATE AverageLatency(us)=10328.65] [READ AverageLatency(us)=15113.01] 
 1011 sec: 19250091 operations; 20721 current ops/sec; [UPDATE AverageLatency(us)=10044.08] [READ AverageLatency(us)=14966.22] 
 1013 sec: 19290713 operations; 20300.85 current ops/sec; [UPDATE AverageLatency(us)=10063.32] [READ AverageLatency(us)=15274.26] 
 1015 sec: 19332355 operations; 20821 current ops/sec; [UPDATE AverageLatency(us)=9916.88] [READ AverageLatency(us)=14886.37] 
 1017 sec: 19372068 operations; 19400.59 current ops/sec; [UPDATE AverageLatency(us)=10186.89] [READ AverageLatency(us)=15350] 
 1019 sec: 19413383 operations; 20647.18 current ops/sec; [UPDATE AverageLatency(us)=10401.17] [READ AverageLatency(us)=15586.63] 
 1021 sec: 19452764 operations; 19690.5 current ops/sec; [UPDATE AverageLatency(us)=10563.22] [READ AverageLatency(us)=15761.63] 
 1023 sec: 19492415 operations; 19825.5 current ops/sec; [UPDATE AverageLatency(us)=10530.06] [READ AverageLatency(us)=15541.27] 
 1025 sec: 19532395 operations; 19980.01 current ops/sec; [UPDATE AverageLatency(us)=10311.43] [READ AverageLatency(us)=15495.57] 
 1027 sec: 19572700 operations; 20152.5 current ops/sec; [UPDATE AverageLatency(us)=10364.69] [READ AverageLatency(us)=15386.66] 
 1029 sec: 19612800 operations; 20039.98 current ops/sec; [UPDATE AverageLatency(us)=10187.77] [READ AverageLatency(us)=15479.79] 
 1031 sec: 19653758 operations; 20479 current ops/sec; [UPDATE AverageLatency(us)=10136.16] [READ AverageLatency(us)=15087.31] 
 1033 sec: 19693634 operations; 19938 current ops/sec; [UPDATE AverageLatency(us)=10369.25] [READ AverageLatency(us)=15592.08] 
 1035 sec: 19734895 operations; 20620.19 current ops/sec; [UPDATE AverageLatency(us)=9892.4] [READ AverageLatency(us)=15031.62] 
 1037 sec: 19775484 operations; 20294.5 current ops/sec; [UPDATE AverageLatency(us)=10182.33] [READ AverageLatency(us)=15262.15] 
 1039 sec: 19815366 operations; 19931.03 current ops/sec; [UPDATE AverageLatency(us)=10390.16] [READ AverageLatency(us)=15540.36] 
 1041 sec: 19856309 operations; 20471.5 current ops/sec; [UPDATE AverageLatency(us)=10073.4] [READ AverageLatency(us)=15159.53] 
 1043 sec: 19896865 operations; 20278 current ops/sec; [UPDATE AverageLatency(us)=10191.75] [READ AverageLatency(us)=15270.82] 
 1045 sec: 19937987 operations; 20550.72 current ops/sec; [UPDATE AverageLatency(us)=10150.14] [READ AverageLatency(us)=15017.06] 
 1047 sec: 19966312 operations; 13987.65 current ops/sec; [UPDATE AverageLatency(us)=14380.95] [READ AverageLatency(us)=21314.57] [CLEANUP AverageLatency(us)=5.94] 
 1049 sec: 19990119 operations; 11897.55 current ops/sec; [UPDATE AverageLatency(us)=16655.27] [READ AverageLatency(us)=22515.7] [CLEANUP AverageLatency(us)=4.39] 
 1050 sec: 20000000 operations; 11190.26 current ops/sec; [UPDATE AverageLatency(us)=2871.22] [READ AverageLatency(us)=5774.17] [CLEANUP AverageLatency(us)=3.89] 
