Loading workload...
 (might take a few minutes for large data sets)
Starting test.
SLF4J: Class path contains multiple SLF4J bindings.
SLF4J: Found binding in [jar:file:/home/automaton/YCSB/cassandra/target/cassandra-binding-0.1.4.jar!/org/slf4j/impl/StaticLoggerBinder.class]
SLF4J: Found binding in [jar:file:/home/automaton/YCSB/apache-maven-3.2.5/lib/slf4j-simple-1.7.5.jar!/org/slf4j/impl/StaticLoggerBinder.class]
SLF4J: See http://www.slf4j.org/codes.html#multiple_bindings for an explanation.
log4j:WARN No appenders could be found for logger (com.datastax.driver.core.Cluster).
log4j:WARN Please initialize the log4j system properly.
log4j:WARN See http://logging.apache.org/log4j/1.2/faq.html#noconfig for more info.
Feb 21, 2015 4:02:58 AM org.jboss.netty.util.internal.SharedResourceMisuseDetector
WARNING: You are creating too many HashedWheelTimer instances.  HashedWheelTimer is a shared resource that must be reused across the application, so that only a few instances are created.
 0 sec: 6 operations; 24.39 current ops/sec; [UPDATE AverageLatency(us)=112818.25] [READ AverageLatency(us)=202176.74] 
 2 sec: 1324 operations; 656.37 current ops/sec; [UPDATE AverageLatency(us)=226536.84] [READ AverageLatency(us)=452435.44] 
 4 sec: 3498 operations; 1086.46 current ops/sec; [UPDATE AverageLatency(us)=163061.23] [READ AverageLatency(us)=231860.41] 
 6 sec: 18650 operations; 7572.21 current ops/sec; [UPDATE AverageLatency(us)=30062.91] [READ AverageLatency(us)=49305.22] 
 8 sec: 51902 operations; 16626 current ops/sec; [UPDATE AverageLatency(us)=13746.82] [READ AverageLatency(us)=19293.13] 
 10 sec: 87672 operations; 17876.06 current ops/sec; [UPDATE AverageLatency(us)=12354.31] [READ AverageLatency(us)=17108.48] 
 12 sec: 120861 operations; 16577.92 current ops/sec; [UPDATE AverageLatency(us)=12712.51] [READ AverageLatency(us)=18466.32] 
 14 sec: 151528 operations; 14073.89 current ops/sec; [UPDATE AverageLatency(us)=14042.81] [READ AverageLatency(us)=20310.37] 
 16 sec: 185872 operations; 17163.42 current ops/sec; [UPDATE AverageLatency(us)=14073.9] [READ AverageLatency(us)=19302.51] 
 18 sec: 216847 operations; 15472.03 current ops/sec; [UPDATE AverageLatency(us)=13928.01] [READ AverageLatency(us)=20009.11] 
 20 sec: 257930 operations; 20531.23 current ops/sec; [UPDATE AverageLatency(us)=10447.91] [READ AverageLatency(us)=15038.5] 
 22 sec: 298754 operations; 20401.8 current ops/sec; [UPDATE AverageLatency(us)=10608.21] [READ AverageLatency(us)=15071.11] 
 24 sec: 335950 operations; 18598 current ops/sec; [UPDATE AverageLatency(us)=11121.07] [READ AverageLatency(us)=16614.68] 
 26 sec: 375936 operations; 19973.03 current ops/sec; [UPDATE AverageLatency(us)=10681.05] [READ AverageLatency(us)=15350.96] 
 28 sec: 417259 operations; 20651.17 current ops/sec; [UPDATE AverageLatency(us)=10211.43] [READ AverageLatency(us)=14737.66] 
 30 sec: 456536 operations; 19618.88 current ops/sec; [UPDATE AverageLatency(us)=11107.71] [READ AverageLatency(us)=15611.03] 
 32 sec: 497085 operations; 20264.37 current ops/sec; [UPDATE AverageLatency(us)=10566.36] [READ AverageLatency(us)=14821.86] 
 34 sec: 537130 operations; 20012.49 current ops/sec; [UPDATE AverageLatency(us)=10662.07] [READ AverageLatency(us)=15060.37] 
 36 sec: 574845 operations; 18848.08 current ops/sec; [UPDATE AverageLatency(us)=11441.04] [READ AverageLatency(us)=16201.48] 
 38 sec: 613394 operations; 19264.87 current ops/sec; [UPDATE AverageLatency(us)=11135.82] [READ AverageLatency(us)=15219.14] 
 40 sec: 652553 operations; 19559.94 current ops/sec; [UPDATE AverageLatency(us)=11179.4] [READ AverageLatency(us)=15551.33] 
 42 sec: 689919 operations; 18673.66 current ops/sec; [UPDATE AverageLatency(us)=11373.34] [READ AverageLatency(us)=15827.1] 
 44 sec: 728112 operations; 19077.42 current ops/sec; [UPDATE AverageLatency(us)=11234.87] [READ AverageLatency(us)=15733.47] 
 46 sec: 762223 operations; 17029.96 current ops/sec; [UPDATE AverageLatency(us)=12800.25] [READ AverageLatency(us)=18018.7] 
 48 sec: 800417 operations; 19087.46 current ops/sec; [UPDATE AverageLatency(us)=11040.72] [READ AverageLatency(us)=15536.5] 
 50 sec: 839141 operations; 19342.66 current ops/sec; [UPDATE AverageLatency(us)=11445.06] [READ AverageLatency(us)=15820.47] 
 52 sec: 877799 operations; 19319.34 current ops/sec; [UPDATE AverageLatency(us)=11330.22] [READ AverageLatency(us)=15844.63] 
 54 sec: 915149 operations; 18665.67 current ops/sec; [UPDATE AverageLatency(us)=11422.15] [READ AverageLatency(us)=16203.04] 
 56 sec: 954345 operations; 19588.21 current ops/sec; [UPDATE AverageLatency(us)=11153.07] [READ AverageLatency(us)=15456.02] 
 58 sec: 990225 operations; 17931.03 current ops/sec; [UPDATE AverageLatency(us)=11191.81] [READ AverageLatency(us)=15721.97] 
 60 sec: 1023371 operations; 16564.72 current ops/sec; [UPDATE AverageLatency(us)=14606.43] [READ AverageLatency(us)=19703.39] 
 62 sec: 1059295 operations; 17944.06 current ops/sec; [UPDATE AverageLatency(us)=11886] [READ AverageLatency(us)=16628.79] 
 64 sec: 1095104 operations; 17895.55 current ops/sec; [UPDATE AverageLatency(us)=12169.78] [READ AverageLatency(us)=16871.68] 
 66 sec: 1132358 operations; 18608.39 current ops/sec; [UPDATE AverageLatency(us)=11463.34] [READ AverageLatency(us)=15798.01] 
 68 sec: 1169671 operations; 18647.18 current ops/sec; [UPDATE AverageLatency(us)=11626.18] [READ AverageLatency(us)=16104.03] 
 70 sec: 1206442 operations; 18367.13 current ops/sec; [UPDATE AverageLatency(us)=11319.98] [READ AverageLatency(us)=15748.79] 
 72 sec: 1237200 operations; 15371.31 current ops/sec; [UPDATE AverageLatency(us)=14132.8] [READ AverageLatency(us)=19815.7] 
 74 sec: 1271662 operations; 17231 current ops/sec; [UPDATE AverageLatency(us)=12766.49] [READ AverageLatency(us)=17794.93] 
 76 sec: 1306674 operations; 17497.25 current ops/sec; [UPDATE AverageLatency(us)=12951.6] [READ AverageLatency(us)=17501.67] 
 78 sec: 1342434 operations; 17871.06 current ops/sec; [UPDATE AverageLatency(us)=11903.53] [READ AverageLatency(us)=17154.96] 
 80 sec: 1373803 operations; 15684.5 current ops/sec; [UPDATE AverageLatency(us)=13761.6] [READ AverageLatency(us)=19485.09] 
 82 sec: 1410502 operations; 18340.33 current ops/sec; [UPDATE AverageLatency(us)=11829.04] [READ AverageLatency(us)=16775.11] 
 84 sec: 1445917 operations; 17707.5 current ops/sec; [UPDATE AverageLatency(us)=12108.74] [READ AverageLatency(us)=17449.76] 
 86 sec: 1482396 operations; 18230.38 current ops/sec; [UPDATE AverageLatency(us)=11877.7] [READ AverageLatency(us)=16724.07] 
 88 sec: 1516162 operations; 16874.56 current ops/sec; [UPDATE AverageLatency(us)=13373.37] [READ AverageLatency(us)=18174.05] 
 90 sec: 1552918 operations; 18378 current ops/sec; [UPDATE AverageLatency(us)=11962.66] [READ AverageLatency(us)=16715.38] 
 92 sec: 1589361 operations; 18212.39 current ops/sec; [UPDATE AverageLatency(us)=11778.02] [READ AverageLatency(us)=16815.44] 
 94 sec: 1623384 operations; 17011.5 current ops/sec; [UPDATE AverageLatency(us)=12838.37] [READ AverageLatency(us)=17940.49] 
 96 sec: 1660280 operations; 18438.78 current ops/sec; [UPDATE AverageLatency(us)=11822.54] [READ AverageLatency(us)=16596.08] 
 98 sec: 1696600 operations; 18150.92 current ops/sec; [UPDATE AverageLatency(us)=12457.12] [READ AverageLatency(us)=16815.34] 
 100 sec: 1733121 operations; 18260.5 current ops/sec; [UPDATE AverageLatency(us)=11929.07] [READ AverageLatency(us)=16644.4] 
 102 sec: 1762101 operations; 14482.76 current ops/sec; [UPDATE AverageLatency(us)=11939.45] [READ AverageLatency(us)=16672.75] 
 104 sec: 1800627 operations; 19253.37 current ops/sec; [UPDATE AverageLatency(us)=14174.28] [READ AverageLatency(us)=19120.73] 
 106 sec: 1838390 operations; 18872.06 current ops/sec; [UPDATE AverageLatency(us)=11424.3] [READ AverageLatency(us)=16316.71] 
 108 sec: 1878481 operations; 20035.48 current ops/sec; [UPDATE AverageLatency(us)=10685.04] [READ AverageLatency(us)=15297.51] 
 110 sec: 1918768 operations; 20123.38 current ops/sec; [UPDATE AverageLatency(us)=10734.51] [READ AverageLatency(us)=15203.41] 
 112 sec: 1957978 operations; 19595.2 current ops/sec; [UPDATE AverageLatency(us)=11017.8] [READ AverageLatency(us)=15670.52] 
 114 sec: 1996236 operations; 19119.44 current ops/sec; [UPDATE AverageLatency(us)=11217.3] [READ AverageLatency(us)=16103.01] 
 116 sec: 2037267 operations; 20495 current ops/sec; [UPDATE AverageLatency(us)=10364.62] [READ AverageLatency(us)=14789.06] 
 118 sec: 2071344 operations; 17029.99 current ops/sec; [UPDATE AverageLatency(us)=12555.19] [READ AverageLatency(us)=17842.84] 
 120 sec: 2108126 operations; 18372.63 current ops/sec; [UPDATE AverageLatency(us)=11985.81] [READ AverageLatency(us)=16566.72] 
 122 sec: 2145843 operations; 18858.5 current ops/sec; [UPDATE AverageLatency(us)=11716.91] [READ AverageLatency(us)=16273.38] 
 124 sec: 2183815 operations; 18957.56 current ops/sec; [UPDATE AverageLatency(us)=11761.02] [READ AverageLatency(us)=16014.79] 
 126 sec: 2221608 operations; 18887.06 current ops/sec; [UPDATE AverageLatency(us)=11821.97] [READ AverageLatency(us)=16113.3] 
 128 sec: 2258613 operations; 18484.02 current ops/sec; [UPDATE AverageLatency(us)=11867.03] [READ AverageLatency(us)=16564.17] 
 130 sec: 2296520 operations; 18934.57 current ops/sec; [UPDATE AverageLatency(us)=11661.19] [READ AverageLatency(us)=15825.19] 
 132 sec: 2333923 operations; 18692.15 current ops/sec; [UPDATE AverageLatency(us)=11694.14] [READ AverageLatency(us)=16317.45] 
 134 sec: 2368987 operations; 17523.24 current ops/sec; [UPDATE AverageLatency(us)=12459.19] [READ AverageLatency(us)=17498.92] 
 136 sec: 2406943 operations; 18978 current ops/sec; [UPDATE AverageLatency(us)=11472.1] [READ AverageLatency(us)=16058.86] 
 138 sec: 2444555 operations; 18796.6 current ops/sec; [UPDATE AverageLatency(us)=11516.32] [READ AverageLatency(us)=16331.45] 
 140 sec: 2483048 operations; 19246.5 current ops/sec; [UPDATE AverageLatency(us)=11184.38] [READ AverageLatency(us)=15967.43] 
 142 sec: 2522546 operations; 19739.13 current ops/sec; [UPDATE AverageLatency(us)=11302.4] [READ AverageLatency(us)=15552.98] 
 144 sec: 2561192 operations; 19313.34 current ops/sec; [UPDATE AverageLatency(us)=11071.83] [READ AverageLatency(us)=15765.25] 
 146 sec: 2601259 operations; 20033.5 current ops/sec; [UPDATE AverageLatency(us)=10753.28] [READ AverageLatency(us)=15405.79] 
 148 sec: 2639917 operations; 19319.34 current ops/sec; [UPDATE AverageLatency(us)=10990.84] [READ AverageLatency(us)=15822.53] 
 150 sec: 2674665 operations; 17374 current ops/sec; [UPDATE AverageLatency(us)=13107.64] [READ AverageLatency(us)=17545.65] 
 152 sec: 2714179 operations; 19747.13 current ops/sec; [UPDATE AverageLatency(us)=10841.74] [READ AverageLatency(us)=15401.93] 
 154 sec: 2754337 operations; 20079 current ops/sec; [UPDATE AverageLatency(us)=10733.88] [READ AverageLatency(us)=14985.4] 
 156 sec: 2795845 operations; 20743.63 current ops/sec; [UPDATE AverageLatency(us)=10509.34] [READ AverageLatency(us)=14819.25] 
 158 sec: 2837138 operations; 20646.5 current ops/sec; [UPDATE AverageLatency(us)=10552.48] [READ AverageLatency(us)=14889.79] 
 160 sec: 2878796 operations; 20818.59 current ops/sec; [UPDATE AverageLatency(us)=10555.67] [READ AverageLatency(us)=14665.95] 
 162 sec: 2918846 operations; 20014.99 current ops/sec; [UPDATE AverageLatency(us)=10633.05] [READ AverageLatency(us)=15172.09] 
 164 sec: 2955339 operations; 18246.5 current ops/sec; [UPDATE AverageLatency(us)=10342.73] [READ AverageLatency(us)=14927.19] 
 166 sec: 2995620 operations; 20130.43 current ops/sec; [UPDATE AverageLatency(us)=11773.57] [READ AverageLatency(us)=17065.05] 
 168 sec: 3035677 operations; 20028.5 current ops/sec; [UPDATE AverageLatency(us)=10793.5] [READ AverageLatency(us)=15372.39] 
 170 sec: 3075540 operations; 19921.54 current ops/sec; [UPDATE AverageLatency(us)=10631.36] [READ AverageLatency(us)=15398.77] 
 172 sec: 3114836 operations; 19638.18 current ops/sec; [UPDATE AverageLatency(us)=10746.77] [READ AverageLatency(us)=15425.84] 
 174 sec: 3153345 operations; 19254.5 current ops/sec; [UPDATE AverageLatency(us)=11093.01] [READ AverageLatency(us)=15920.9] 
 176 sec: 3193707 operations; 20170.91 current ops/sec; [UPDATE AverageLatency(us)=10763.4] [READ AverageLatency(us)=15220.23] 
 178 sec: 3234782 operations; 20537.5 current ops/sec; [UPDATE AverageLatency(us)=10319.25] [READ AverageLatency(us)=15042.35] 
 182 sec: 3271946 operations; 9733.89 current ops/sec; [UPDATE AverageLatency(us)=10580.55] [READ AverageLatency(us)=15131.7] 
 184 sec: 3313432 operations; 20743 current ops/sec; [UPDATE AverageLatency(us)=17639.33] [READ AverageLatency(us)=30092.03] 
 186 sec: 3358357 operations; 22451.27 current ops/sec; [UPDATE AverageLatency(us)=9465.52] [READ AverageLatency(us)=13787.44] 
 188 sec: 3402814 operations; 22217.39 current ops/sec; [UPDATE AverageLatency(us)=9499.77] [READ AverageLatency(us)=13921.96] 
 190 sec: 3447196 operations; 22191 current ops/sec; [UPDATE AverageLatency(us)=9486.51] [READ AverageLatency(us)=13932.2] 
 192 sec: 3492392 operations; 22586.71 current ops/sec; [UPDATE AverageLatency(us)=9420.97] [READ AverageLatency(us)=13688.08] 
 194 sec: 3533999 operations; 20803.5 current ops/sec; [UPDATE AverageLatency(us)=10118.36] [READ AverageLatency(us)=14897.58] 
 196 sec: 3576187 operations; 21083.46 current ops/sec; [UPDATE AverageLatency(us)=9944.03] [READ AverageLatency(us)=14703.06] 
 198 sec: 3614004 operations; 18899.05 current ops/sec; [UPDATE AverageLatency(us)=11594.65] [READ AverageLatency(us)=16045.26] 
 200 sec: 3653444 operations; 19720 current ops/sec; [UPDATE AverageLatency(us)=10931.53] [READ AverageLatency(us)=15523.07] 
 202 sec: 3693800 operations; 20167.92 current ops/sec; [UPDATE AverageLatency(us)=10514.16] [READ AverageLatency(us)=14949.1] 
 204 sec: 3734725 operations; 20462.5 current ops/sec; [UPDATE AverageLatency(us)=10313.27] [READ AverageLatency(us)=14915.27] 
 206 sec: 3773861 operations; 19558.22 current ops/sec; [UPDATE AverageLatency(us)=10933.95] [READ AverageLatency(us)=15680.34] 
 208 sec: 3814877 operations; 20508 current ops/sec; [UPDATE AverageLatency(us)=10623.64] [READ AverageLatency(us)=14915.85] 
 210 sec: 3855300 operations; 20201.4 current ops/sec; [UPDATE AverageLatency(us)=10544] [READ AverageLatency(us)=15137.86] 
 212 sec: 3896748 operations; 20724 current ops/sec; [UPDATE AverageLatency(us)=10296.82] [READ AverageLatency(us)=14658.39] 
 214 sec: 3936167 operations; 19699.65 current ops/sec; [UPDATE AverageLatency(us)=10663.58] [READ AverageLatency(us)=15570.67] 
 216 sec: 3977547 operations; 20690 current ops/sec; [UPDATE AverageLatency(us)=10460.43] [READ AverageLatency(us)=14752.56] 
 218 sec: 4019157 operations; 20794.6 current ops/sec; [UPDATE AverageLatency(us)=10366.34] [READ AverageLatency(us)=14763.99] 
 220 sec: 4060937 operations; 20890 current ops/sec; [UPDATE AverageLatency(us)=10410.32] [READ AverageLatency(us)=14697.8] 
 222 sec: 4101674 operations; 20358.32 current ops/sec; [UPDATE AverageLatency(us)=10527.01] [READ AverageLatency(us)=14964.49] 
 224 sec: 4143592 operations; 20959 current ops/sec; [UPDATE AverageLatency(us)=10155.03] [READ AverageLatency(us)=14718.01] 
 226 sec: 4185683 operations; 21034.98 current ops/sec; [UPDATE AverageLatency(us)=10332.73] [READ AverageLatency(us)=14615.78] 
 228 sec: 4227788 operations; 21041.98 current ops/sec; [UPDATE AverageLatency(us)=10155.01] [READ AverageLatency(us)=14630.26] 
 230 sec: 4267727 operations; 19969.5 current ops/sec; [UPDATE AverageLatency(us)=10158.67] [READ AverageLatency(us)=14685.34] 
 232 sec: 4310278 operations; 21264.87 current ops/sec; [UPDATE AverageLatency(us)=10198.18] [READ AverageLatency(us)=14482.36] 
 234 sec: 4351913 operations; 20817.5 current ops/sec; [UPDATE AverageLatency(us)=10415.89] [READ AverageLatency(us)=14745.87] 
 236 sec: 4394568 operations; 21316.84 current ops/sec; [UPDATE AverageLatency(us)=10172.63] [READ AverageLatency(us)=14398.47] 
 238 sec: 4435740 operations; 20586 current ops/sec; [UPDATE AverageLatency(us)=10464.79] [READ AverageLatency(us)=14964.07] 
 240 sec: 4477012 operations; 20625.69 current ops/sec; [UPDATE AverageLatency(us)=10375.67] [READ AverageLatency(us)=14842.61] 
 242 sec: 4518980 operations; 20984 current ops/sec; [UPDATE AverageLatency(us)=10248.67] [READ AverageLatency(us)=14561.55] 
 244 sec: 4559951 operations; 20475.26 current ops/sec; [UPDATE AverageLatency(us)=10444.14] [READ AverageLatency(us)=15110.47] 
 246 sec: 4598263 operations; 19156 current ops/sec; [UPDATE AverageLatency(us)=11239.06] [READ AverageLatency(us)=15846.75] 
 248 sec: 4638604 operations; 20160.42 current ops/sec; [UPDATE AverageLatency(us)=10771.58] [READ AverageLatency(us)=15083.18] 
 250 sec: 4679048 operations; 20201.8 current ops/sec; [UPDATE AverageLatency(us)=10523.98] [READ AverageLatency(us)=15001.09] 
 252 sec: 4718417 operations; 19664.84 current ops/sec; [UPDATE AverageLatency(us)=10753.9] [READ AverageLatency(us)=15339.19] 
 254 sec: 4757521 operations; 19542.23 current ops/sec; [UPDATE AverageLatency(us)=11039.2] [READ AverageLatency(us)=15636.55] 
 256 sec: 4797301 operations; 19870.13 current ops/sec; [UPDATE AverageLatency(us)=10809.77] [READ AverageLatency(us)=15256.25] 
 258 sec: 4838031 operations; 20354.82 current ops/sec; [UPDATE AverageLatency(us)=10428.47] [READ AverageLatency(us)=14735.61] 
 260 sec: 4877706 operations; 19817.68 current ops/sec; [UPDATE AverageLatency(us)=10713.96] [READ AverageLatency(us)=15142.65] 
 262 sec: 4915549 operations; 18902.6 current ops/sec; [UPDATE AverageLatency(us)=11351.98] [READ AverageLatency(us)=16040.61] 
 264 sec: 4954868 operations; 19649.68 current ops/sec; [UPDATE AverageLatency(us)=10690.94] [READ AverageLatency(us)=15252.13] 
 266 sec: 4994891 operations; 20001.5 current ops/sec; [UPDATE AverageLatency(us)=10886.54] [READ AverageLatency(us)=15227.13] 
 268 sec: 5035013 operations; 20030.95 current ops/sec; [UPDATE AverageLatency(us)=10399.2] [READ AverageLatency(us)=14873.62] 
 270 sec: 5074954 operations; 19960.52 current ops/sec; [UPDATE AverageLatency(us)=10873.41] [READ AverageLatency(us)=15230.18] 
 272 sec: 5114609 operations; 19807.69 current ops/sec; [UPDATE AverageLatency(us)=10672.65] [READ AverageLatency(us)=15198.46] 
 274 sec: 5154499 operations; 19935.03 current ops/sec; [UPDATE AverageLatency(us)=10760.4] [READ AverageLatency(us)=15420.24] 
 276 sec: 5193275 operations; 19368.63 current ops/sec; [UPDATE AverageLatency(us)=10909.59] [READ AverageLatency(us)=15794.98] 
 278 sec: 5233238 operations; 19971.51 current ops/sec; [UPDATE AverageLatency(us)=10531.87] [READ AverageLatency(us)=14840.7] 
 280 sec: 5269972 operations; 18357.82 current ops/sec; [UPDATE AverageLatency(us)=11650.82] [READ AverageLatency(us)=16378.2] 
 282 sec: 5311523 operations; 20775.5 current ops/sec; [UPDATE AverageLatency(us)=10422.44] [READ AverageLatency(us)=14710.11] 
 284 sec: 5352018 operations; 20237.38 current ops/sec; [UPDATE AverageLatency(us)=10719.23] [READ AverageLatency(us)=15164.12] 
 286 sec: 5393653 operations; 20817.5 current ops/sec; [UPDATE AverageLatency(us)=10404.42] [READ AverageLatency(us)=14770.47] 
 288 sec: 5432370 operations; 19348.83 current ops/sec; [UPDATE AverageLatency(us)=10743.43] [READ AverageLatency(us)=15980.86] 
 290 sec: 5473952 operations; 20791 current ops/sec; [UPDATE AverageLatency(us)=10388.23] [READ AverageLatency(us)=14720.46] 
 292 sec: 5515674 operations; 20850.57 current ops/sec; [UPDATE AverageLatency(us)=10329.65] [READ AverageLatency(us)=14708.39] 
 294 sec: 5555724 operations; 20025 current ops/sec; [UPDATE AverageLatency(us)=10666.68] [READ AverageLatency(us)=15399.53] 
 296 sec: 5596641 operations; 20448.28 current ops/sec; [UPDATE AverageLatency(us)=10251.27] [READ AverageLatency(us)=14949.91] 
 298 sec: 5634077 operations; 18718 current ops/sec; [UPDATE AverageLatency(us)=11341.32] [READ AverageLatency(us)=16229.16] 
 300 sec: 5673811 operations; 19857.07 current ops/sec; [UPDATE AverageLatency(us)=10825.06] [READ AverageLatency(us)=15300.86] 
 302 sec: 5713646 operations; 19917.5 current ops/sec; [UPDATE AverageLatency(us)=10783.85] [READ AverageLatency(us)=15329] 
 304 sec: 5752596 operations; 19465.27 current ops/sec; [UPDATE AverageLatency(us)=11259.84] [READ AverageLatency(us)=15680.82] 
 306 sec: 5791861 operations; 19632.5 current ops/sec; [UPDATE AverageLatency(us)=11134.02] [READ AverageLatency(us)=15567.29] 
 308 sec: 5831615 operations; 19867.07 current ops/sec; [UPDATE AverageLatency(us)=11063.31] [READ AverageLatency(us)=15482.77] 
 310 sec: 5871815 operations; 20100 current ops/sec; [UPDATE AverageLatency(us)=10584.94] [READ AverageLatency(us)=15146.8] 
 312 sec: 5912297 operations; 20230.88 current ops/sec; [UPDATE AverageLatency(us)=10710.01] [READ AverageLatency(us)=15154.62] 
 314 sec: 5952614 operations; 20148.43 current ops/sec; [UPDATE AverageLatency(us)=10716.25] [READ AverageLatency(us)=15242.48] 
 316 sec: 5988278 operations; 17823.09 current ops/sec; [UPDATE AverageLatency(us)=12086.16] [READ AverageLatency(us)=17195.65] 
 318 sec: 6028791 operations; 20256.5 current ops/sec; [UPDATE AverageLatency(us)=10528.25] [READ AverageLatency(us)=15139.31] 
 320 sec: 6068792 operations; 19990.5 current ops/sec; [UPDATE AverageLatency(us)=10767.58] [READ AverageLatency(us)=15277.55] 
 322 sec: 6107630 operations; 19419 current ops/sec; [UPDATE AverageLatency(us)=10971.33] [READ AverageLatency(us)=15559.63] 
 324 sec: 6146325 operations; 19337.83 current ops/sec; [UPDATE AverageLatency(us)=11159.03] [READ AverageLatency(us)=15374.27] 
 326 sec: 6185542 operations; 19598.7 current ops/sec; [UPDATE AverageLatency(us)=11036.04] [READ AverageLatency(us)=15406.66] 
 328 sec: 6225397 operations; 19907.59 current ops/sec; [UPDATE AverageLatency(us)=10565.85] [READ AverageLatency(us)=14913.35] 
 330 sec: 6264848 operations; 19725.5 current ops/sec; [UPDATE AverageLatency(us)=11065.08] [READ AverageLatency(us)=15571.12] 
 332 sec: 6305345 operations; 20238.38 current ops/sec; [UPDATE AverageLatency(us)=10415.13] [READ AverageLatency(us)=14690.57] 
 334 sec: 6338930 operations; 16775.72 current ops/sec; [UPDATE AverageLatency(us)=12157.06] [READ AverageLatency(us)=18207.81] 
 336 sec: 6378839 operations; 19954.5 current ops/sec; [UPDATE AverageLatency(us)=10942.76] [READ AverageLatency(us)=15386.04] 
 338 sec: 6417917 operations; 19519.48 current ops/sec; [UPDATE AverageLatency(us)=11312.62] [READ AverageLatency(us)=15665.4] 
 340 sec: 6457796 operations; 19929.54 current ops/sec; [UPDATE AverageLatency(us)=11016.64] [READ AverageLatency(us)=15382.91] 
 342 sec: 6497039 operations; 19601.9 current ops/sec; [UPDATE AverageLatency(us)=10997.25] [READ AverageLatency(us)=15670.55] 
 344 sec: 6535818 operations; 19370.13 current ops/sec; [UPDATE AverageLatency(us)=11119.01] [READ AverageLatency(us)=15656.06] 
 346 sec: 6575414 operations; 19778.22 current ops/sec; [UPDATE AverageLatency(us)=11152.64] [READ AverageLatency(us)=15417.8] 
 348 sec: 6615003 operations; 19784.61 current ops/sec; [UPDATE AverageLatency(us)=10961.68] [READ AverageLatency(us)=15556.57] 
 350 sec: 6654162 operations; 19569.72 current ops/sec; [UPDATE AverageLatency(us)=11508.01] [READ AverageLatency(us)=15678.28] 
 352 sec: 6691336 operations; 18577.71 current ops/sec; [UPDATE AverageLatency(us)=11738.19] [READ AverageLatency(us)=16475.98] 
 354 sec: 6733133 operations; 20898.5 current ops/sec; [UPDATE AverageLatency(us)=10273.89] [READ AverageLatency(us)=14760.82] 
 356 sec: 6774922 operations; 20884.06 current ops/sec; [UPDATE AverageLatency(us)=10465.33] [READ AverageLatency(us)=14739.04] 
 358 sec: 6817112 operations; 21095 current ops/sec; [UPDATE AverageLatency(us)=10196.34] [READ AverageLatency(us)=14548.69] 
 360 sec: 6859166 operations; 21016.49 current ops/sec; [UPDATE AverageLatency(us)=10219.07] [READ AverageLatency(us)=14669.64] 
 362 sec: 6901655 operations; 21244.5 current ops/sec; [UPDATE AverageLatency(us)=10261.28] [READ AverageLatency(us)=14505.96] 
 364 sec: 6942614 operations; 20469.27 current ops/sec; [UPDATE AverageLatency(us)=10605.11] [READ AverageLatency(us)=15033.81] 
 366 sec: 6982200 operations; 19793 current ops/sec; [UPDATE AverageLatency(us)=10707.74] [READ AverageLatency(us)=15568.94] 
 368 sec: 7024337 operations; 21068.5 current ops/sec; [UPDATE AverageLatency(us)=10387.35] [READ AverageLatency(us)=14500.52] 
 370 sec: 7060757 operations; 18200.9 current ops/sec; [UPDATE AverageLatency(us)=12251.99] [READ AverageLatency(us)=16893.27] 
 372 sec: 7098878 operations; 19060.5 current ops/sec; [UPDATE AverageLatency(us)=11465.14] [READ AverageLatency(us)=16092.47] 
 374 sec: 7136948 operations; 19025.49 current ops/sec; [UPDATE AverageLatency(us)=11245.69] [READ AverageLatency(us)=16216.46] 
 376 sec: 7174813 operations; 18932.5 current ops/sec; [UPDATE AverageLatency(us)=11434.28] [READ AverageLatency(us)=16276.84] 
 378 sec: 7213421 operations; 19294.35 current ops/sec; [UPDATE AverageLatency(us)=11373.63] [READ AverageLatency(us)=15883.58] 
 380 sec: 7251862 operations; 19210.89 current ops/sec; [UPDATE AverageLatency(us)=11165.21] [READ AverageLatency(us)=16001.02] 
 382 sec: 7290567 operations; 19342.83 current ops/sec; [UPDATE AverageLatency(us)=11255.79] [READ AverageLatency(us)=15847.27] 
 384 sec: 7330237 operations; 19825.09 current ops/sec; [UPDATE AverageLatency(us)=10966.4] [READ AverageLatency(us)=15526.83] 
 386 sec: 7369133 operations; 19448 current ops/sec; [UPDATE AverageLatency(us)=11235.53] [READ AverageLatency(us)=15646.53] 
 388 sec: 7407437 operations; 18657.57 current ops/sec; [UPDATE AverageLatency(us)=11223.75] [READ AverageLatency(us)=15685.23] 
 390 sec: 7445679 operations; 19111.44 current ops/sec; [UPDATE AverageLatency(us)=11674.88] [READ AverageLatency(us)=16669.87] 
 392 sec: 7486439 operations; 20380 current ops/sec; [UPDATE AverageLatency(us)=10691.38] [READ AverageLatency(us)=14978.71] 
 394 sec: 7526051 operations; 19796.1 current ops/sec; [UPDATE AverageLatency(us)=10870.1] [READ AverageLatency(us)=15329.97] 
 396 sec: 7566355 operations; 20152 current ops/sec; [UPDATE AverageLatency(us)=10716.49] [READ AverageLatency(us)=14970.37] 
 398 sec: 7606641 operations; 20143 current ops/sec; [UPDATE AverageLatency(us)=10734.14] [READ AverageLatency(us)=15302.63] 
 400 sec: 7647594 operations; 20466.27 current ops/sec; [UPDATE AverageLatency(us)=10782.06] [READ AverageLatency(us)=15026.35] 
 402 sec: 7688155 operations; 20280.5 current ops/sec; [UPDATE AverageLatency(us)=10670.43] [READ AverageLatency(us)=15095.73] 
 404 sec: 7727600 operations; 19712.64 current ops/sec; [UPDATE AverageLatency(us)=11176.37] [READ AverageLatency(us)=15524.66] 
 406 sec: 7769073 operations; 20736.5 current ops/sec; [UPDATE AverageLatency(us)=10164.3] [READ AverageLatency(us)=14689.24] 
 408 sec: 7807932 operations; 19419.79 current ops/sec; [UPDATE AverageLatency(us)=11051.19] [READ AverageLatency(us)=15866.8] 
 410 sec: 7848423 operations; 20245.5 current ops/sec; [UPDATE AverageLatency(us)=10831.92] [READ AverageLatency(us)=15018.93] 
 412 sec: 7888055 operations; 19816 current ops/sec; [UPDATE AverageLatency(us)=10961.13] [READ AverageLatency(us)=15518.83] 
 414 sec: 7928375 operations; 20149.93 current ops/sec; [UPDATE AverageLatency(us)=10679.16] [READ AverageLatency(us)=15200.76] 
 416 sec: 7968682 operations; 20153.5 current ops/sec; [UPDATE AverageLatency(us)=10620.82] [READ AverageLatency(us)=14872] 
 418 sec: 8008743 operations; 20020.49 current ops/sec; [UPDATE AverageLatency(us)=10814.09] [READ AverageLatency(us)=15305.95] 
 420 sec: 8049791 operations; 20524 current ops/sec; [UPDATE AverageLatency(us)=10598.93] [READ AverageLatency(us)=14966.31] 
 422 sec: 8090207 operations; 20197.9 current ops/sec; [UPDATE AverageLatency(us)=10729.47] [READ AverageLatency(us)=14953.29] 
 424 sec: 8131443 operations; 20618 current ops/sec; [UPDATE AverageLatency(us)=10393] [READ AverageLatency(us)=14869.66] 
 426 sec: 8170728 operations; 19632.68 current ops/sec; [UPDATE AverageLatency(us)=10600.62] [READ AverageLatency(us)=15429.24] 
 428 sec: 8211688 operations; 20480 current ops/sec; [UPDATE AverageLatency(us)=10684.47] [READ AverageLatency(us)=15049.44] 
 430 sec: 8253026 operations; 20669 current ops/sec; [UPDATE AverageLatency(us)=10361.35] [READ AverageLatency(us)=14646.18] 
 432 sec: 8293300 operations; 20126.94 current ops/sec; [UPDATE AverageLatency(us)=10780.32] [READ AverageLatency(us)=15219.45] 
 434 sec: 8334327 operations; 20513.5 current ops/sec; [UPDATE AverageLatency(us)=10509.14] [READ AverageLatency(us)=15050.63] 
 436 sec: 8375708 operations; 20680.16 current ops/sec; [UPDATE AverageLatency(us)=10407.56] [READ AverageLatency(us)=14806.96] 
 438 sec: 8417780 operations; 21036 current ops/sec; [UPDATE AverageLatency(us)=10161.36] [READ AverageLatency(us)=14499.43] 
 440 sec: 8458492 operations; 20345.83 current ops/sec; [UPDATE AverageLatency(us)=10597.53] [READ AverageLatency(us)=15161.97] 
 442 sec: 8499785 operations; 20646.5 current ops/sec; [UPDATE AverageLatency(us)=10463.59] [READ AverageLatency(us)=14664.62] 
 444 sec: 8539636 operations; 19915.54 current ops/sec; [UPDATE AverageLatency(us)=10576.7] [READ AverageLatency(us)=15458.24] 
 446 sec: 8578679 operations; 19521.5 current ops/sec; [UPDATE AverageLatency(us)=11112] [READ AverageLatency(us)=15438.15] 
 448 sec: 8620791 operations; 21056 current ops/sec; [UPDATE AverageLatency(us)=10379.07] [READ AverageLatency(us)=14555.64] 
 450 sec: 8661809 operations; 20498.75 current ops/sec; [UPDATE AverageLatency(us)=10665.63] [READ AverageLatency(us)=14946.68] 
 452 sec: 8703443 operations; 20817 current ops/sec; [UPDATE AverageLatency(us)=10320.3] [READ AverageLatency(us)=14605.41] 
 454 sec: 8745588 operations; 21061.97 current ops/sec; [UPDATE AverageLatency(us)=10320.37] [READ AverageLatency(us)=14567.04] 
 456 sec: 8787872 operations; 21142 current ops/sec; [UPDATE AverageLatency(us)=10145.59] [READ AverageLatency(us)=14429.69] 
 458 sec: 8829122 operations; 20614.69 current ops/sec; [UPDATE AverageLatency(us)=10375.76] [READ AverageLatency(us)=14855.07] 
 460 sec: 8870525 operations; 20701.5 current ops/sec; [UPDATE AverageLatency(us)=10391.34] [READ AverageLatency(us)=14848.75] 
 462 sec: 8912544 operations; 20999 current ops/sec; [UPDATE AverageLatency(us)=10342.46] [READ AverageLatency(us)=14605.66] 
 464 sec: 8951565 operations; 19491.01 current ops/sec; [UPDATE AverageLatency(us)=11236.99] [READ AverageLatency(us)=15816.11] 
 466 sec: 8993252 operations; 20843.5 current ops/sec; [UPDATE AverageLatency(us)=10324.75] [READ AverageLatency(us)=14750.43] 
 468 sec: 9033872 operations; 20299.85 current ops/sec; [UPDATE AverageLatency(us)=10613.3] [READ AverageLatency(us)=15187.34] 
 470 sec: 9075855 operations; 20991.5 current ops/sec; [UPDATE AverageLatency(us)=10357.11] [READ AverageLatency(us)=14391.61] 
 472 sec: 9117375 operations; 20749.63 current ops/sec; [UPDATE AverageLatency(us)=10288.38] [READ AverageLatency(us)=14604.73] 
 474 sec: 9158914 operations; 20769.5 current ops/sec; [UPDATE AverageLatency(us)=10191.84] [READ AverageLatency(us)=14535.13] 
 476 sec: 9199953 operations; 20509.25 current ops/sec; [UPDATE AverageLatency(us)=10493.73] [READ AverageLatency(us)=14961.54] 
 478 sec: 9241114 operations; 20580.5 current ops/sec; [UPDATE AverageLatency(us)=10541.28] [READ AverageLatency(us)=14935.44] 
 480 sec: 9283260 operations; 21062.47 current ops/sec; [UPDATE AverageLatency(us)=10272.19] [READ AverageLatency(us)=14581.85] 
 482 sec: 9321367 operations; 19053.5 current ops/sec; [UPDATE AverageLatency(us)=11384.22] [READ AverageLatency(us)=15910.13] 
 484 sec: 9362119 operations; 20376 current ops/sec; [UPDATE AverageLatency(us)=10256.67] [READ AverageLatency(us)=14182.23] 
 486 sec: 9404159 operations; 21009.5 current ops/sec; [UPDATE AverageLatency(us)=10056.38] [READ AverageLatency(us)=14469.74] 
 488 sec: 9446121 operations; 20981 current ops/sec; [UPDATE AverageLatency(us)=10357.79] [READ AverageLatency(us)=14596.22] 
 490 sec: 9488063 operations; 20960.52 current ops/sec; [UPDATE AverageLatency(us)=10102.67] [READ AverageLatency(us)=14366.76] 
 492 sec: 9528950 operations; 20433.28 current ops/sec; [UPDATE AverageLatency(us)=10587.94] [READ AverageLatency(us)=14803.66] 
 494 sec: 9569586 operations; 20307.85 current ops/sec; [UPDATE AverageLatency(us)=10763.01] [READ AverageLatency(us)=15038.63] 
 496 sec: 9610960 operations; 20676.66 current ops/sec; [UPDATE AverageLatency(us)=10263.01] [READ AverageLatency(us)=14321.14] 
 498 sec: 9651240 operations; 20140 current ops/sec; [UPDATE AverageLatency(us)=10965.61] [READ AverageLatency(us)=15144.45] 
 500 sec: 9690681 operations; 19710.64 current ops/sec; [UPDATE AverageLatency(us)=11059.3] [READ AverageLatency(us)=15314.08] 
 502 sec: 9732358 operations; 20828.09 current ops/sec; [UPDATE AverageLatency(us)=10661.31] [READ AverageLatency(us)=14767.89] 
 504 sec: 9772614 operations; 20117.94 current ops/sec; [UPDATE AverageLatency(us)=10793.82] [READ AverageLatency(us)=15109.94] 
 506 sec: 9812949 operations; 20157.42 current ops/sec; [UPDATE AverageLatency(us)=10827.3] [READ AverageLatency(us)=15216.77] 
 508 sec: 9854282 operations; 20656.17 current ops/sec; [UPDATE AverageLatency(us)=10317.88] [READ AverageLatency(us)=14878.69] 
 510 sec: 9894535 operations; 20116.44 current ops/sec; [UPDATE AverageLatency(us)=10456.15] [READ AverageLatency(us)=14791.61] 
 512 sec: 9934901 operations; 20172.91 current ops/sec; [UPDATE AverageLatency(us)=10808.07] [READ AverageLatency(us)=14907.38] 
 514 sec: 9976521 operations; 20810 current ops/sec; [UPDATE AverageLatency(us)=10519.34] [READ AverageLatency(us)=14699.24] 
 516 sec: 10018278 operations; 20868.07 current ops/sec; [UPDATE AverageLatency(us)=10315.21] [READ AverageLatency(us)=14453.37] 
 518 sec: 10058673 operations; 20187.41 current ops/sec; [UPDATE AverageLatency(us)=10522.34] [READ AverageLatency(us)=14743.11] 
 520 sec: 10097728 operations; 19527.5 current ops/sec; [UPDATE AverageLatency(us)=11270.21] [READ AverageLatency(us)=15790.82] 
 522 sec: 10138692 operations; 20471.76 current ops/sec; [UPDATE AverageLatency(us)=10479.66] [READ AverageLatency(us)=14760.72] 
 524 sec: 10177394 operations; 19341.33 current ops/sec; [UPDATE AverageLatency(us)=10731.96] [READ AverageLatency(us)=14928.42] 
 526 sec: 10216947 operations; 19766.62 current ops/sec; [UPDATE AverageLatency(us)=10515.79] [READ AverageLatency(us)=14951.77] 
 528 sec: 10257212 operations; 20122.44 current ops/sec; [UPDATE AverageLatency(us)=10899.87] [READ AverageLatency(us)=15244.18] 
 530 sec: 10296636 operations; 19702.15 current ops/sec; [UPDATE AverageLatency(us)=11289.56] [READ AverageLatency(us)=15339.87] 
 532 sec: 10337008 operations; 20186 current ops/sec; [UPDATE AverageLatency(us)=10624.28] [READ AverageLatency(us)=14751.29] 
 534 sec: 10376910 operations; 19941.03 current ops/sec; [UPDATE AverageLatency(us)=10658.92] [READ AverageLatency(us)=14831.36] 
 536 sec: 10416903 operations; 19986.51 current ops/sec; [UPDATE AverageLatency(us)=10838.47] [READ AverageLatency(us)=14914.36] 
 538 sec: 10456845 operations; 19961.02 current ops/sec; [UPDATE AverageLatency(us)=10905.01] [READ AverageLatency(us)=15254.85] 
 540 sec: 10494288 operations; 18712.14 current ops/sec; [UPDATE AverageLatency(us)=11589.34] [READ AverageLatency(us)=15981.6] 
 542 sec: 10534345 operations; 20028.5 current ops/sec; [UPDATE AverageLatency(us)=10620.62] [READ AverageLatency(us)=15073.1] 
 544 sec: 10573956 operations; 19795.6 current ops/sec; [UPDATE AverageLatency(us)=10873.76] [READ AverageLatency(us)=15222.11] 
 546 sec: 10614231 operations; 20137.5 current ops/sec; [UPDATE AverageLatency(us)=10943.97] [READ AverageLatency(us)=15256.23] 
 548 sec: 10654748 operations; 20248.38 current ops/sec; [UPDATE AverageLatency(us)=10686.84] [READ AverageLatency(us)=15100.6] 
 550 sec: 10696474 operations; 20863 current ops/sec; [UPDATE AverageLatency(us)=10584.24] [READ AverageLatency(us)=14763.73] 
 552 sec: 10737190 operations; 20347.83 current ops/sec; [UPDATE AverageLatency(us)=10546.1] [READ AverageLatency(us)=14872.77] 
 554 sec: 10777571 operations; 20190.5 current ops/sec; [UPDATE AverageLatency(us)=10723.53] [READ AverageLatency(us)=15147.44] 
 556 sec: 10817244 operations; 19826.59 current ops/sec; [UPDATE AverageLatency(us)=10793.43] [READ AverageLatency(us)=15129.79] 
 558 sec: 10857368 operations; 20062 current ops/sec; [UPDATE AverageLatency(us)=10872.91] [READ AverageLatency(us)=15211.72] 
 560 sec: 10894542 operations; 18577.71 current ops/sec; [UPDATE AverageLatency(us)=11557.61] [READ AverageLatency(us)=15832.38] 
 562 sec: 10935707 operations; 20582.5 current ops/sec; [UPDATE AverageLatency(us)=10528.27] [READ AverageLatency(us)=14945.6] 
 564 sec: 10976479 operations; 20375.81 current ops/sec; [UPDATE AverageLatency(us)=10541.68] [READ AverageLatency(us)=14902.61] 
 566 sec: 11018234 operations; 20877.5 current ops/sec; [UPDATE AverageLatency(us)=10077.58] [READ AverageLatency(us)=14236.83] 
 568 sec: 11059662 operations; 20703.65 current ops/sec; [UPDATE AverageLatency(us)=10280.97] [READ AverageLatency(us)=14520.78] 
 570 sec: 11102115 operations; 21226.5 current ops/sec; [UPDATE AverageLatency(us)=10124.45] [READ AverageLatency(us)=14466.66] 
 572 sec: 11143141 operations; 20513 current ops/sec; [UPDATE AverageLatency(us)=10448.94] [READ AverageLatency(us)=14770.17] 
 574 sec: 11185870 operations; 21353.82 current ops/sec; [UPDATE AverageLatency(us)=10119.99] [READ AverageLatency(us)=14387.52] 
 576 sec: 11228411 operations; 21270.5 current ops/sec; [UPDATE AverageLatency(us)=10225.37] [READ AverageLatency(us)=14479.02] 
 578 sec: 11267626 operations; 19597.7 current ops/sec; [UPDATE AverageLatency(us)=10698.19] [READ AverageLatency(us)=15766.14] 
 580 sec: 11304411 operations; 18392.5 current ops/sec; [UPDATE AverageLatency(us)=11803.73] [READ AverageLatency(us)=16592.57] 
 582 sec: 11343541 operations; 19555.22 current ops/sec; [UPDATE AverageLatency(us)=11563.07] [READ AverageLatency(us)=15786.33] 
 584 sec: 11382906 operations; 19682.5 current ops/sec; [UPDATE AverageLatency(us)=11371.48] [READ AverageLatency(us)=15564.63] 
 586 sec: 11421755 operations; 19414.79 current ops/sec; [UPDATE AverageLatency(us)=11398.03] [READ AverageLatency(us)=15819.58] 
 588 sec: 11461594 operations; 19919.5 current ops/sec; [UPDATE AverageLatency(us)=10911.86] [READ AverageLatency(us)=15428.45] 
 590 sec: 11499618 operations; 19002.5 current ops/sec; [UPDATE AverageLatency(us)=11384.2] [READ AverageLatency(us)=16174.61] 
 592 sec: 11540012 operations; 20197 current ops/sec; [UPDATE AverageLatency(us)=10791.15] [READ AverageLatency(us)=15186.66] 
 594 sec: 11579421 operations; 19694.65 current ops/sec; [UPDATE AverageLatency(us)=11090.21] [READ AverageLatency(us)=15613.08] 
 596 sec: 11618845 operations; 19702.15 current ops/sec; [UPDATE AverageLatency(us)=10846.8] [READ AverageLatency(us)=15406.1] 
 598 sec: 11656358 operations; 18747.13 current ops/sec; [UPDATE AverageLatency(us)=11963.74] [READ AverageLatency(us)=16400.37] 
 600 sec: 11695926 operations; 19764.24 current ops/sec; [UPDATE AverageLatency(us)=11012.97] [READ AverageLatency(us)=15569.28] 
 602 sec: 11735336 operations; 19695.15 current ops/sec; [UPDATE AverageLatency(us)=11163.74] [READ AverageLatency(us)=15403.78] 
 604 sec: 11773766 operations; 19195.8 current ops/sec; [UPDATE AverageLatency(us)=11618.96] [READ AverageLatency(us)=15910.89] 
 606 sec: 11813246 operations; 19730.13 current ops/sec; [UPDATE AverageLatency(us)=11156.38] [READ AverageLatency(us)=15575.28] 
 608 sec: 11853059 operations; 19886.61 current ops/sec; [UPDATE AverageLatency(us)=10854.13] [READ AverageLatency(us)=15356.45] 
 610 sec: 11892762 operations; 19841.58 current ops/sec; [UPDATE AverageLatency(us)=10677.12] [READ AverageLatency(us)=15215.85] 
 612 sec: 11931945 operations; 19571.93 current ops/sec; [UPDATE AverageLatency(us)=10795.32] [READ AverageLatency(us)=15258.27] 
 614 sec: 11971600 operations; 19807.69 current ops/sec; [UPDATE AverageLatency(us)=10846.67] [READ AverageLatency(us)=15222.13] 
 616 sec: 12011905 operations; 20142.43 current ops/sec; [UPDATE AverageLatency(us)=10598.13] [READ AverageLatency(us)=15070.4] 
 618 sec: 12052056 operations; 20045.43 current ops/sec; [UPDATE AverageLatency(us)=10782.74] [READ AverageLatency(us)=15119.16] 
 620 sec: 12088477 operations; 18201.4 current ops/sec; [UPDATE AverageLatency(us)=11285.85] [READ AverageLatency(us)=16163.21] 
 622 sec: 12129039 operations; 20270.86 current ops/sec; [UPDATE AverageLatency(us)=10814.47] [READ AverageLatency(us)=15156.63] 
 624 sec: 12168253 operations; 19597.2 current ops/sec; [UPDATE AverageLatency(us)=10950.65] [READ AverageLatency(us)=15583.27] 
 626 sec: 12207907 operations; 19817.09 current ops/sec; [UPDATE AverageLatency(us)=10535.68] [READ AverageLatency(us)=14809.49] 
 628 sec: 12248393 operations; 20232.88 current ops/sec; [UPDATE AverageLatency(us)=10367.34] [READ AverageLatency(us)=14854.53] 
 630 sec: 12289308 operations; 20447.28 current ops/sec; [UPDATE AverageLatency(us)=10755.25] [READ AverageLatency(us)=15021.2] 
 632 sec: 12329943 operations; 20307.35 current ops/sec; [UPDATE AverageLatency(us)=10819.87] [READ AverageLatency(us)=15178.87] 
 634 sec: 12370706 operations; 20381.5 current ops/sec; [UPDATE AverageLatency(us)=10614.2] [READ AverageLatency(us)=15086.83] 
 636 sec: 12412884 operations; 21078.46 current ops/sec; [UPDATE AverageLatency(us)=10389.13] [READ AverageLatency(us)=14623.43] 
 638 sec: 12454283 operations; 20689.16 current ops/sec; [UPDATE AverageLatency(us)=10326.3] [READ AverageLatency(us)=14723.21] 
 640 sec: 12492686 operations; 19191.9 current ops/sec; [UPDATE AverageLatency(us)=11261.85] [READ AverageLatency(us)=15737.75] 
 642 sec: 12533999 operations; 20646.18 current ops/sec; [UPDATE AverageLatency(us)=10291.94] [READ AverageLatency(us)=14644.13] 
 644 sec: 12574962 operations; 20471.26 current ops/sec; [UPDATE AverageLatency(us)=10562.77] [READ AverageLatency(us)=14968.96] 
 646 sec: 12616382 operations; 20710 current ops/sec; [UPDATE AverageLatency(us)=10202.69] [READ AverageLatency(us)=14600.23] 
 648 sec: 12658134 operations; 20865.57 current ops/sec; [UPDATE AverageLatency(us)=10318.89] [READ AverageLatency(us)=14687.73] 
 650 sec: 12698752 operations; 20298.85 current ops/sec; [UPDATE AverageLatency(us)=10721.48] [READ AverageLatency(us)=15091.27] 
 652 sec: 12740000 operations; 20624 current ops/sec; [UPDATE AverageLatency(us)=10475.46] [READ AverageLatency(us)=14860.83] 
 654 sec: 12781451 operations; 20715.14 current ops/sec; [UPDATE AverageLatency(us)=10368.05] [READ AverageLatency(us)=14713.2] 
 656 sec: 12822814 operations; 20671.16 current ops/sec; [UPDATE AverageLatency(us)=10527.05] [READ AverageLatency(us)=14785.56] 
 658 sec: 12864244 operations; 20715 current ops/sec; [UPDATE AverageLatency(us)=10514.47] [READ AverageLatency(us)=14740.58] 
 660 sec: 12902514 operations; 19125.44 current ops/sec; [UPDATE AverageLatency(us)=11307.5] [READ AverageLatency(us)=16038.66] 
 662 sec: 12943109 operations; 20297.5 current ops/sec; [UPDATE AverageLatency(us)=10823] [READ AverageLatency(us)=14958.33] 
 664 sec: 12984990 operations; 20930.03 current ops/sec; [UPDATE AverageLatency(us)=10422.2] [READ AverageLatency(us)=14673.72] 
 666 sec: 13026172 operations; 20591 current ops/sec; [UPDATE AverageLatency(us)=10401.02] [READ AverageLatency(us)=14940.5] 
 668 sec: 13067752 operations; 20779.61 current ops/sec; [UPDATE AverageLatency(us)=10415.92] [READ AverageLatency(us)=14821.52] 
 670 sec: 13109840 operations; 21044 current ops/sec; [UPDATE AverageLatency(us)=10222.41] [READ AverageLatency(us)=14549.38] 
 672 sec: 13151443 operations; 20791.1 current ops/sec; [UPDATE AverageLatency(us)=10224.54] [READ AverageLatency(us)=14501.01] 
 674 sec: 13193037 operations; 20786.61 current ops/sec; [UPDATE AverageLatency(us)=10512.56] [READ AverageLatency(us)=14750.33] 
 676 sec: 13234692 operations; 20817.09 current ops/sec; [UPDATE AverageLatency(us)=10226.49] [READ AverageLatency(us)=14571.97] 
 678 sec: 13274487 operations; 19897.5 current ops/sec; [UPDATE AverageLatency(us)=10984.08] [READ AverageLatency(us)=15387.35] 
 680 sec: 13314327 operations; 19910.04 current ops/sec; [UPDATE AverageLatency(us)=10996.81] [READ AverageLatency(us)=15483.08] 
 682 sec: 13353733 operations; 19693.15 current ops/sec; [UPDATE AverageLatency(us)=11059.05] [READ AverageLatency(us)=15318.52] 
 684 sec: 13392676 operations; 19461.77 current ops/sec; [UPDATE AverageLatency(us)=10889.75] [READ AverageLatency(us)=15262.3] 
 686 sec: 13431446 operations; 19365.63 current ops/sec; [UPDATE AverageLatency(us)=11024.23] [READ AverageLatency(us)=15395.31] 
 688 sec: 13471345 operations; 19929.57 current ops/sec; [UPDATE AverageLatency(us)=10698.51] [READ AverageLatency(us)=14986.48] 
 690 sec: 13511959 operations; 20286.71 current ops/sec; [UPDATE AverageLatency(us)=10551.56] [READ AverageLatency(us)=14744.2] 
 692 sec: 13551505 operations; 19743.38 current ops/sec; [UPDATE AverageLatency(us)=10766.33] [READ AverageLatency(us)=15275.36] 
 694 sec: 13591788 operations; 20131.43 current ops/sec; [UPDATE AverageLatency(us)=10641.24] [READ AverageLatency(us)=14680.25] 
 696 sec: 13631624 operations; 19908.05 current ops/sec; [UPDATE AverageLatency(us)=10807.09] [READ AverageLatency(us)=15126.93] 
 698 sec: 13672301 operations; 20308.04 current ops/sec; [UPDATE AverageLatency(us)=10633.77] [READ AverageLatency(us)=14989.11] 
 700 sec: 13711349 operations; 19514.24 current ops/sec; [UPDATE AverageLatency(us)=11062.99] [READ AverageLatency(us)=15724.38] 
 702 sec: 13751279 operations; 19965 current ops/sec; [UPDATE AverageLatency(us)=10566.21] [READ AverageLatency(us)=15160.63] 
 704 sec: 13790698 operations; 19699.65 current ops/sec; [UPDATE AverageLatency(us)=10750.21] [READ AverageLatency(us)=15421.47] 
 706 sec: 13831599 operations; 20430.07 current ops/sec; [UPDATE AverageLatency(us)=10481.05] [READ AverageLatency(us)=14752.32] 
 708 sec: 13872729 operations; 20565 current ops/sec; [UPDATE AverageLatency(us)=10583.11] [READ AverageLatency(us)=14856.78] 
 710 sec: 13911986 operations; 19608.89 current ops/sec; [UPDATE AverageLatency(us)=10882.01] [READ AverageLatency(us)=15016.55] 
 712 sec: 13951886 operations; 19930.07 current ops/sec; [UPDATE AverageLatency(us)=10432.2] [READ AverageLatency(us)=14933.9] 
 714 sec: 13992029 operations; 20071.5 current ops/sec; [UPDATE AverageLatency(us)=10564.55] [READ AverageLatency(us)=14920.56] 
 716 sec: 14031811 operations; 19881.06 current ops/sec; [UPDATE AverageLatency(us)=10475.56] [READ AverageLatency(us)=14865.96] 
 718 sec: 14071845 operations; 20017 current ops/sec; [UPDATE AverageLatency(us)=10832.88] [READ AverageLatency(us)=15114.64] 
 720 sec: 14108425 operations; 18280.86 current ops/sec; [UPDATE AverageLatency(us)=11653.95] [READ AverageLatency(us)=16706.14] 
 722 sec: 14145705 operations; 18640 current ops/sec; [UPDATE AverageLatency(us)=11721.3] [READ AverageLatency(us)=16410.06] 
 724 sec: 14182851 operations; 18563.72 current ops/sec; [UPDATE AverageLatency(us)=11728.07] [READ AverageLatency(us)=16382.49] 
 726 sec: 14219943 operations; 18546 current ops/sec; [UPDATE AverageLatency(us)=11768.71] [READ AverageLatency(us)=16416.46] 
 728 sec: 14257097 operations; 18577 current ops/sec; [UPDATE AverageLatency(us)=11693.17] [READ AverageLatency(us)=16317.61] 
 730 sec: 14293736 operations; 18310.34 current ops/sec; [UPDATE AverageLatency(us)=11527.93] [READ AverageLatency(us)=16558.78] 
 732 sec: 14330053 operations; 18158.5 current ops/sec; [UPDATE AverageLatency(us)=11885.66] [READ AverageLatency(us)=16508.77] 
 734 sec: 14366815 operations; 18371.81 current ops/sec; [UPDATE AverageLatency(us)=11957.09] [READ AverageLatency(us)=16516.7] 
 736 sec: 14403861 operations; 18523 current ops/sec; [UPDATE AverageLatency(us)=11846.85] [READ AverageLatency(us)=16386.61] 
 738 sec: 14441048 operations; 18584.21 current ops/sec; [UPDATE AverageLatency(us)=11759.85] [READ AverageLatency(us)=16366.42] 
 740 sec: 14478183 operations; 18567.5 current ops/sec; [UPDATE AverageLatency(us)=11675.98] [READ AverageLatency(us)=16313.63] 
 742 sec: 14515169 operations; 18493 current ops/sec; [UPDATE AverageLatency(us)=11951.09] [READ AverageLatency(us)=16308.48] 
 744 sec: 14551109 operations; 17961.02 current ops/sec; [UPDATE AverageLatency(us)=11912.27] [READ AverageLatency(us)=16852.81] 
 746 sec: 14589135 operations; 19013 current ops/sec; [UPDATE AverageLatency(us)=11560] [READ AverageLatency(us)=16181.4] 
 748 sec: 14627846 operations; 19345.83 current ops/sec; [UPDATE AverageLatency(us)=11466.17] [READ AverageLatency(us)=15826.46] 
 750 sec: 14667433 operations; 19793.5 current ops/sec; [UPDATE AverageLatency(us)=10910.44] [READ AverageLatency(us)=15437.11] 
 752 sec: 14706198 operations; 19372.81 current ops/sec; [UPDATE AverageLatency(us)=11203.15] [READ AverageLatency(us)=15770.9] 
 754 sec: 14746409 operations; 20105.5 current ops/sec; [UPDATE AverageLatency(us)=10888.94] [READ AverageLatency(us)=15323.89] 
 756 sec: 14786222 operations; 19906.5 current ops/sec; [UPDATE AverageLatency(us)=10822.19] [READ AverageLatency(us)=15459.9] 
 758 sec: 14823008 operations; 18383.81 current ops/sec; [UPDATE AverageLatency(us)=11689.52] [READ AverageLatency(us)=16727.64] 
 760 sec: 14862134 operations; 19563 current ops/sec; [UPDATE AverageLatency(us)=11393.17] [READ AverageLatency(us)=15718.37] 
 762 sec: 14901365 operations; 19605.7 current ops/sec; [UPDATE AverageLatency(us)=10932.3] [READ AverageLatency(us)=15658.39] 
 764 sec: 14938739 operations; 18687 current ops/sec; [UPDATE AverageLatency(us)=11634.23] [READ AverageLatency(us)=16450.61] 
 766 sec: 14976977 operations; 19109.45 current ops/sec; [UPDATE AverageLatency(us)=11452.58] [READ AverageLatency(us)=16033.78] 
 768 sec: 15016070 operations; 19546.5 current ops/sec; [UPDATE AverageLatency(us)=10821.18] [READ AverageLatency(us)=15287.91] 
 770 sec: 15056430 operations; 20180 current ops/sec; [UPDATE AverageLatency(us)=10520.03] [READ AverageLatency(us)=14950.41] 
 772 sec: 15095955 operations; 19752.62 current ops/sec; [UPDATE AverageLatency(us)=10743.71] [READ AverageLatency(us)=15311.91] 
 774 sec: 15136335 operations; 20190 current ops/sec; [UPDATE AverageLatency(us)=10554.7] [READ AverageLatency(us)=15127.42] 
 776 sec: 15175560 operations; 19602.7 current ops/sec; [UPDATE AverageLatency(us)=10686.17] [READ AverageLatency(us)=15257.82] 
 778 sec: 15215997 operations; 20218.5 current ops/sec; [UPDATE AverageLatency(us)=10905.75] [READ AverageLatency(us)=15187.47] 
 780 sec: 15256435 operations; 20219 current ops/sec; [UPDATE AverageLatency(us)=10581.39] [READ AverageLatency(us)=15063.19] 
 782 sec: 15297212 operations; 20378.31 current ops/sec; [UPDATE AverageLatency(us)=10587.85] [READ AverageLatency(us)=14869.53] 
 784 sec: 15337504 operations; 20146 current ops/sec; [UPDATE AverageLatency(us)=10558.88] [READ AverageLatency(us)=15287.82] 
 786 sec: 15376984 operations; 19730.13 current ops/sec; [UPDATE AverageLatency(us)=10494.46] [READ AverageLatency(us)=15173.72] 
 788 sec: 15417991 operations; 20503.5 current ops/sec; [UPDATE AverageLatency(us)=10631.12] [READ AverageLatency(us)=15039.41] 
 790 sec: 15457454 operations; 19721.64 current ops/sec; [UPDATE AverageLatency(us)=10644.89] [READ AverageLatency(us)=15672.72] 
 792 sec: 15499605 operations; 21075.5 current ops/sec; [UPDATE AverageLatency(us)=10128.12] [READ AverageLatency(us)=14598.64] 
 794 sec: 15540114 operations; 20254.5 current ops/sec; [UPDATE AverageLatency(us)=10601.3] [READ AverageLatency(us)=15243.18] 
 796 sec: 15580294 operations; 20079.96 current ops/sec; [UPDATE AverageLatency(us)=10575.93] [READ AverageLatency(us)=15393.93] 
 798 sec: 15622149 operations; 20927.5 current ops/sec; [UPDATE AverageLatency(us)=10227.14] [READ AverageLatency(us)=14755.4] 
 800 sec: 15664968 operations; 21398.8 current ops/sec; [UPDATE AverageLatency(us)=9998.72] [READ AverageLatency(us)=14392.52] 
 802 sec: 15706454 operations; 20743 current ops/sec; [UPDATE AverageLatency(us)=10275.21] [READ AverageLatency(us)=14828.41] 
 804 sec: 15748792 operations; 21158.42 current ops/sec; [UPDATE AverageLatency(us)=10208.36] [READ AverageLatency(us)=14543.05] 
 806 sec: 15788734 operations; 19971 current ops/sec; [UPDATE AverageLatency(us)=10983.33] [READ AverageLatency(us)=15358.49] 
 808 sec: 15831201 operations; 21233.5 current ops/sec; [UPDATE AverageLatency(us)=10122.55] [READ AverageLatency(us)=14499.61] 
 810 sec: 15874994 operations; 21885.56 current ops/sec; [UPDATE AverageLatency(us)=9857.07] [READ AverageLatency(us)=14136.7] 
 812 sec: 15917640 operations; 21323 current ops/sec; [UPDATE AverageLatency(us)=10156.05] [READ AverageLatency(us)=14424.46] 
 814 sec: 15959856 operations; 21097.45 current ops/sec; [UPDATE AverageLatency(us)=10154.66] [READ AverageLatency(us)=14639.91] 
 816 sec: 16002742 operations; 21443 current ops/sec; [UPDATE AverageLatency(us)=9952.94] [READ AverageLatency(us)=14384] 
 818 sec: 16042526 operations; 19892 current ops/sec; [UPDATE AverageLatency(us)=10567.17] [READ AverageLatency(us)=15581.67] 
 820 sec: 16085891 operations; 21671.66 current ops/sec; [UPDATE AverageLatency(us)=9722.99] [READ AverageLatency(us)=14248.26] 
 822 sec: 16128585 operations; 21347 current ops/sec; [UPDATE AverageLatency(us)=10193.07] [READ AverageLatency(us)=14458.28] 
 824 sec: 16171128 operations; 21260.87 current ops/sec; [UPDATE AverageLatency(us)=10007.57] [READ AverageLatency(us)=14495.36] 
 826 sec: 16213566 operations; 21219 current ops/sec; [UPDATE AverageLatency(us)=10258.65] [READ AverageLatency(us)=14570.72] 
 828 sec: 16256808 operations; 21610.19 current ops/sec; [UPDATE AverageLatency(us)=9982.07] [READ AverageLatency(us)=14305.75] 
 830 sec: 16299839 operations; 21515.5 current ops/sec; [UPDATE AverageLatency(us)=9894.53] [READ AverageLatency(us)=14250.84] 
 832 sec: 16343093 operations; 21627 current ops/sec; [UPDATE AverageLatency(us)=9768.95] [READ AverageLatency(us)=14322.62] 
 834 sec: 16386827 operations; 21856.07 current ops/sec; [UPDATE AverageLatency(us)=9711.8] [READ AverageLatency(us)=14010.4] 
 836 sec: 16429916 operations; 21544.5 current ops/sec; [UPDATE AverageLatency(us)=9833.51] [READ AverageLatency(us)=14147.34] 
 838 sec: 16472174 operations; 21118.44 current ops/sec; [UPDATE AverageLatency(us)=10095.58] [READ AverageLatency(us)=14437.08] 
 840 sec: 16515418 operations; 21622 current ops/sec; [UPDATE AverageLatency(us)=9783.46] [READ AverageLatency(us)=14293.45] 
 842 sec: 16556400 operations; 20491 current ops/sec; [UPDATE AverageLatency(us)=10270.26] [READ AverageLatency(us)=15107.72] 
 844 sec: 16599028 operations; 21303.35 current ops/sec; [UPDATE AverageLatency(us)=9865.34] [READ AverageLatency(us)=14510.8] 
 846 sec: 16639773 operations; 20372.5 current ops/sec; [UPDATE AverageLatency(us)=10546.78] [READ AverageLatency(us)=15112.76] 
 848 sec: 16684819 operations; 22511.74 current ops/sec; [UPDATE AverageLatency(us)=9544.63] [READ AverageLatency(us)=13675.24] 
 850 sec: 16727782 operations; 21481.5 current ops/sec; [UPDATE AverageLatency(us)=9798.69] [READ AverageLatency(us)=14188.99] 
 852 sec: 16771646 operations; 21921.04 current ops/sec; [UPDATE AverageLatency(us)=9693.23] [READ AverageLatency(us)=14099.25] 
 854 sec: 16814461 operations; 21407.5 current ops/sec; [UPDATE AverageLatency(us)=10014.27] [READ AverageLatency(us)=14400.86] 
 856 sec: 16856072 operations; 20805.5 current ops/sec; [UPDATE AverageLatency(us)=10239.46] [READ AverageLatency(us)=14828.56] 
 858 sec: 16899560 operations; 21733.13 current ops/sec; [UPDATE AverageLatency(us)=9805.17] [READ AverageLatency(us)=14099.56] 
 860 sec: 16942528 operations; 21484 current ops/sec; [UPDATE AverageLatency(us)=9840.03] [READ AverageLatency(us)=14150.2] 
 862 sec: 16986615 operations; 22032.48 current ops/sec; [UPDATE AverageLatency(us)=9750.48] [READ AverageLatency(us)=13942.59] 
 864 sec: 17030548 operations; 21966.5 current ops/sec; [UPDATE AverageLatency(us)=9688.51] [READ AverageLatency(us)=14122.66] 
 866 sec: 17072002 operations; 20727 current ops/sec; [UPDATE AverageLatency(us)=10306.19] [READ AverageLatency(us)=14764.21] 
 868 sec: 17114823 operations; 21399.8 current ops/sec; [UPDATE AverageLatency(us)=9992.53] [READ AverageLatency(us)=14413.02] 
 870 sec: 17158666 operations; 21921.5 current ops/sec; [UPDATE AverageLatency(us)=9812.61] [READ AverageLatency(us)=14112.83] 
 872 sec: 17202849 operations; 22080.46 current ops/sec; [UPDATE AverageLatency(us)=9694.13] [READ AverageLatency(us)=13945.12] 
 874 sec: 17245923 operations; 21537 current ops/sec; [UPDATE AverageLatency(us)=9868.43] [READ AverageLatency(us)=14319.04] 
 876 sec: 17289521 operations; 21799 current ops/sec; [UPDATE AverageLatency(us)=9806.29] [READ AverageLatency(us)=14174.63] 
 878 sec: 17332995 operations; 21726.14 current ops/sec; [UPDATE AverageLatency(us)=9925.52] [READ AverageLatency(us)=14108.59] 
 880 sec: 17376566 operations; 21785.5 current ops/sec; [UPDATE AverageLatency(us)=9757.87] [READ AverageLatency(us)=14276.69] 
 882 sec: 17419997 operations; 21704.65 current ops/sec; [UPDATE AverageLatency(us)=9798.02] [READ AverageLatency(us)=14228.9] 
 884 sec: 17462319 operations; 21161 current ops/sec; [UPDATE AverageLatency(us)=9876.28] [READ AverageLatency(us)=14638.22] 
 886 sec: 17502854 operations; 20267.5 current ops/sec; [UPDATE AverageLatency(us)=10469.17] [READ AverageLatency(us)=15095.93] 
 888 sec: 17542764 operations; 19945.03 current ops/sec; [UPDATE AverageLatency(us)=10755.98] [READ AverageLatency(us)=15438.99] 
 890 sec: 17584759 operations; 20987.01 current ops/sec; [UPDATE AverageLatency(us)=10201.37] [READ AverageLatency(us)=14673.47] 
 892 sec: 17626600 operations; 20910.04 current ops/sec; [UPDATE AverageLatency(us)=10219.66] [READ AverageLatency(us)=14685.97] 
 894 sec: 17668234 operations; 20806.6 current ops/sec; [UPDATE AverageLatency(us)=10269.6] [READ AverageLatency(us)=14776.68] 
 896 sec: 17710711 operations; 21227.89 current ops/sec; [UPDATE AverageLatency(us)=10008.17] [READ AverageLatency(us)=14471.97] 
 898 sec: 17752180 operations; 20724.14 current ops/sec; [UPDATE AverageLatency(us)=10308.6] [READ AverageLatency(us)=14745.62] 
 900 sec: 17793808 operations; 20803.6 current ops/sec; [UPDATE AverageLatency(us)=10143.64] [READ AverageLatency(us)=14676.81] 
 902 sec: 17834864 operations; 20517.74 current ops/sec; [UPDATE AverageLatency(us)=10242.21] [READ AverageLatency(us)=15026.45] 
 904 sec: 17877118 operations; 21105.89 current ops/sec; [UPDATE AverageLatency(us)=9954.14] [READ AverageLatency(us)=14532.31] 
 906 sec: 17919609 operations; 21234.88 current ops/sec; [UPDATE AverageLatency(us)=9980.32] [READ AverageLatency(us)=14500.07] 
 908 sec: 17959506 operations; 19928.57 current ops/sec; [UPDATE AverageLatency(us)=10824.11] [READ AverageLatency(us)=15486.65] 
 910 sec: 18001685 operations; 21068.43 current ops/sec; [UPDATE AverageLatency(us)=9996.12] [READ AverageLatency(us)=14333.97] 
 912 sec: 18043059 operations; 20687 current ops/sec; [UPDATE AverageLatency(us)=10216.41] [READ AverageLatency(us)=14728.82] 
 914 sec: 18085233 operations; 21065.93 current ops/sec; [UPDATE AverageLatency(us)=10230.81] [READ AverageLatency(us)=14518.61] 
 916 sec: 18127732 operations; 21249.5 current ops/sec; [UPDATE AverageLatency(us)=10086.15] [READ AverageLatency(us)=14495.56] 
 918 sec: 18170543 operations; 21394.8 current ops/sec; [UPDATE AverageLatency(us)=10042] [READ AverageLatency(us)=14395.35] 
 920 sec: 18213767 operations; 21601.2 current ops/sec; [UPDATE AverageLatency(us)=9916.62] [READ AverageLatency(us)=14303.54] 
 922 sec: 18256972 operations; 21602.5 current ops/sec; [UPDATE AverageLatency(us)=9990.6] [READ AverageLatency(us)=14288.45] 
 924 sec: 18299340 operations; 21173.41 current ops/sec; [UPDATE AverageLatency(us)=10051.53] [READ AverageLatency(us)=14479.74] 
 926 sec: 18339877 operations; 20258.37 current ops/sec; [UPDATE AverageLatency(us)=10420.71] [READ AverageLatency(us)=15291.97] 
 928 sec: 18380280 operations; 20191.4 current ops/sec; [UPDATE AverageLatency(us)=10612] [READ AverageLatency(us)=15268.7] 
 930 sec: 18424097 operations; 21897.55 current ops/sec; [UPDATE AverageLatency(us)=9828.2] [READ AverageLatency(us)=14094.11] 
 932 sec: 18466878 operations; 21379.81 current ops/sec; [UPDATE AverageLatency(us)=10240.73] [READ AverageLatency(us)=14400.54] 
 934 sec: 18510451 operations; 21786.5 current ops/sec; [UPDATE AverageLatency(us)=9772.71] [READ AverageLatency(us)=14209.84] 
 936 sec: 18553869 operations; 21698.15 current ops/sec; [UPDATE AverageLatency(us)=9802.9] [READ AverageLatency(us)=14217.21] 
 938 sec: 18595568 operations; 20849.5 current ops/sec; [UPDATE AverageLatency(us)=10229.93] [READ AverageLatency(us)=14844.45] 
 940 sec: 18638274 operations; 21342.33 current ops/sec; [UPDATE AverageLatency(us)=9897.06] [READ AverageLatency(us)=14423.14] 
 942 sec: 18681028 operations; 21366.32 current ops/sec; [UPDATE AverageLatency(us)=10147.28] [READ AverageLatency(us)=14433.89] 
 944 sec: 18723501 operations; 21236.5 current ops/sec; [UPDATE AverageLatency(us)=10112.95] [READ AverageLatency(us)=14509.29] 
 946 sec: 18767744 operations; 22110.44 current ops/sec; [UPDATE AverageLatency(us)=9725.19] [READ AverageLatency(us)=13893.69] 
 948 sec: 18807412 operations; 19834 current ops/sec; [UPDATE AverageLatency(us)=10782.9] [READ AverageLatency(us)=15609.52] 
 950 sec: 18846265 operations; 19416.79 current ops/sec; [UPDATE AverageLatency(us)=11045.34] [READ AverageLatency(us)=15847.13] 
 952 sec: 18885394 operations; 19564.5 current ops/sec; [UPDATE AverageLatency(us)=11104.61] [READ AverageLatency(us)=15704.51] 
 954 sec: 18925302 operations; 19944.03 current ops/sec; [UPDATE AverageLatency(us)=10537.26] [READ AverageLatency(us)=15277.19] 
 956 sec: 18966258 operations; 20467.77 current ops/sec; [UPDATE AverageLatency(us)=10385.49] [READ AverageLatency(us)=14907.93] 
 958 sec: 19007135 operations; 20438.5 current ops/sec; [UPDATE AverageLatency(us)=10656.65] [READ AverageLatency(us)=15082.2] 
 960 sec: 19046954 operations; 19899.55 current ops/sec; [UPDATE AverageLatency(us)=10741.28] [READ AverageLatency(us)=15343.97] 
 962 sec: 19087331 operations; 20188.5 current ops/sec; [UPDATE AverageLatency(us)=10845.83] [READ AverageLatency(us)=15183.69] 
 964 sec: 19127368 operations; 20008.5 current ops/sec; [UPDATE AverageLatency(us)=10767.41] [READ AverageLatency(us)=15154.44] 
 966 sec: 19168398 operations; 20515 current ops/sec; [UPDATE AverageLatency(us)=10454.1] [READ AverageLatency(us)=14770.65] 
 968 sec: 19208713 operations; 20147.43 current ops/sec; [UPDATE AverageLatency(us)=10625.74] [READ AverageLatency(us)=15251.87] 
 970 sec: 19246773 operations; 19030 current ops/sec; [UPDATE AverageLatency(us)=11073.86] [READ AverageLatency(us)=15747.66] 
 972 sec: 19287226 operations; 20216.39 current ops/sec; [UPDATE AverageLatency(us)=10630.04] [READ AverageLatency(us)=15070.72] 
 974 sec: 19327609 operations; 20191.5 current ops/sec; [UPDATE AverageLatency(us)=10708.14] [READ AverageLatency(us)=15090.38] 
 976 sec: 19367399 operations; 19885.06 current ops/sec; [UPDATE AverageLatency(us)=10879.35] [READ AverageLatency(us)=15367.88] 
 978 sec: 19408052 operations; 20316.34 current ops/sec; [UPDATE AverageLatency(us)=10489.86] [READ AverageLatency(us)=14866.78] 
 980 sec: 19448552 operations; 20250 current ops/sec; [UPDATE AverageLatency(us)=10788.01] [READ AverageLatency(us)=15052.1] 
 982 sec: 19490000 operations; 20713.64 current ops/sec; [UPDATE AverageLatency(us)=10053.31] [READ AverageLatency(us)=14464.13] 
 984 sec: 19527986 operations; 18993 current ops/sec; [UPDATE AverageLatency(us)=11260.39] [READ AverageLatency(us)=15977.63] 
 986 sec: 19568381 operations; 20187.41 current ops/sec; [UPDATE AverageLatency(us)=10154.55] [READ AverageLatency(us)=14670.21] 
 988 sec: 19607737 operations; 19678 current ops/sec; [UPDATE AverageLatency(us)=10542.15] [READ AverageLatency(us)=14886.92] 
 990 sec: 19648273 operations; 20257.87 current ops/sec; [UPDATE AverageLatency(us)=10566.1] [READ AverageLatency(us)=14810.41] 
 992 sec: 19685238 operations; 18482.5 current ops/sec; [UPDATE AverageLatency(us)=11814.12] [READ AverageLatency(us)=16293.01] 
 994 sec: 19724634 operations; 19688.16 current ops/sec; [UPDATE AverageLatency(us)=11303.16] [READ AverageLatency(us)=15878.02] 
 996 sec: 19765626 operations; 20485.76 current ops/sec; [UPDATE AverageLatency(us)=10769.25] [READ AverageLatency(us)=14972.67] 
 998 sec: 19806746 operations; 20549.73 current ops/sec; [UPDATE AverageLatency(us)=10705.7] [READ AverageLatency(us)=15051.33] 
 1000 sec: 19847652 operations; 20442.78 current ops/sec; [UPDATE AverageLatency(us)=10650.3] [READ AverageLatency(us)=15057.6] 
 1002 sec: 19888889 operations; 20618.5 current ops/sec; [UPDATE AverageLatency(us)=10316.76] [READ AverageLatency(us)=14676.29] 
 1004 sec: 19926478 operations; 18785.11 current ops/sec; [UPDATE AverageLatency(us)=11522.19] [READ AverageLatency(us)=15810.27] [CLEANUP AverageLatency(us)=8.67] 
 1007 sec: 19949208 operations; 9121.19 current ops/sec; [UPDATE AverageLatency(us)=16887.69] [READ AverageLatency(us)=23014.2] [CLEANUP AverageLatency(us)=2.62] 
 1009 sec: 19989315 operations; 20053.5 current ops/sec; [UPDATE AverageLatency(us)=10993.53] [READ AverageLatency(us)=17444.92] [CLEANUP AverageLatency(us)=3.91] 
 1010 sec: 20000000 operations; 10404.09 current ops/sec; [UPDATE AverageLatency(us)=2877.62] [READ AverageLatency(us)=4804.08] [CLEANUP AverageLatency(us)=2.61] 
