Loading workload...
 (might take a few minutes for large data sets)
Starting test.
SLF4J: Class path contains multiple SLF4J bindings.
SLF4J: Found binding in [jar:file:/home/automaton/YCSB/cassandra/target/cassandra-binding-0.1.4.jar!/org/slf4j/impl/StaticLoggerBinder.class]
SLF4J: Found binding in [jar:file:/home/automaton/YCSB/apache-maven-3.2.5/lib/slf4j-simple-1.7.5.jar!/org/slf4j/impl/StaticLoggerBinder.class]
SLF4J: See http://www.slf4j.org/codes.html#multiple_bindings for an explanation.
log4j:WARN No appenders could be found for logger (com.datastax.driver.core.Cluster).
log4j:WARN Please initialize the log4j system properly.
log4j:WARN See http://logging.apache.org/log4j/1.2/faq.html#noconfig for more info.
Feb 20, 2015 3:40:34 AM org.jboss.netty.util.internal.SharedResourceMisuseDetector
WARNING: You are creating too many HashedWheelTimer instances.  HashedWheelTimer is a shared resource that must be reused across the application, so that only a few instances are created.
 0 sec: 0 operations; 
 2 sec: 123 operations; 61.5 current ops/sec; [READ AverageLatency(us)=1824078.62] 
 4 sec: 469 operations; 172.83 current ops/sec; [READ AverageLatency(us)=1983618.66] 
 6 sec: 1140 operations; 335.33 current ops/sec; [READ AverageLatency(us)=1105262.6] 
 8 sec: 2709 operations; 784.11 current ops/sec; [READ AverageLatency(us)=420331.93] 
 10 sec: 4257 operations; 774 current ops/sec; [READ AverageLatency(us)=297083.24] 
 12 sec: 5855 operations; 798.6 current ops/sec; [READ AverageLatency(us)=437043.88] 
 14 sec: 23255 operations; 8695.65 current ops/sec; [READ AverageLatency(us)=41184.56] 
 16 sec: 41755 operations; 9245.38 current ops/sec; [READ AverageLatency(us)=31048.34] 
 18 sec: 84262 operations; 21242.88 current ops/sec; [READ AverageLatency(us)=13770.87] 
 20 sec: 141262 operations; 28485.76 current ops/sec; [READ AverageLatency(us)=9972.95] 
 22 sec: 196453 operations; 27595.5 current ops/sec; [READ AverageLatency(us)=10010.41] 
 24 sec: 250214 operations; 26867.07 current ops/sec; [READ AverageLatency(us)=10173.28] 
 26 sec: 306804 operations; 28280.86 current ops/sec; [READ AverageLatency(us)=10058.7] 
 28 sec: 357225 operations; 25210.5 current ops/sec; [READ AverageLatency(us)=11101.81] 
 30 sec: 415227 operations; 28986.51 current ops/sec; [READ AverageLatency(us)=9953.94] 
 32 sec: 471641 operations; 28192.9 current ops/sec; [READ AverageLatency(us)=10219.42] 
 34 sec: 527712 operations; 28035.5 current ops/sec; [READ AverageLatency(us)=10321.6] 
 36 sec: 583790 operations; 28024.99 current ops/sec; [READ AverageLatency(us)=10338.8] 
 38 sec: 639639 operations; 27924.5 current ops/sec; [READ AverageLatency(us)=10424.87] 
 40 sec: 692042 operations; 26188.41 current ops/sec; [READ AverageLatency(us)=10112.83] 
 42 sec: 731873 operations; 19905.55 current ops/sec; [READ AverageLatency(us)=12195.32] 
 44 sec: 785157 operations; 26628.69 current ops/sec; [READ AverageLatency(us)=10612.42] 
 46 sec: 839665 operations; 27240.38 current ops/sec; [READ AverageLatency(us)=10870.65] 
 48 sec: 895348 operations; 27827.59 current ops/sec; [READ AverageLatency(us)=10272] 
 50 sec: 949498 operations; 27047.95 current ops/sec; [READ AverageLatency(us)=10499.28] 
 52 sec: 1006163 operations; 28304.2 current ops/sec; [READ AverageLatency(us)=10038.61] 
 54 sec: 1063702 operations; 28769.5 current ops/sec; [READ AverageLatency(us)=9913.9] 
 56 sec: 1113241 operations; 24757.12 current ops/sec; [READ AverageLatency(us)=11264.82] 
 58 sec: 1170873 operations; 28787.21 current ops/sec; [READ AverageLatency(us)=9943.93] 
 60 sec: 1227757 operations; 28442 current ops/sec; [READ AverageLatency(us)=10077.32] 
 62 sec: 1285826 operations; 29019.99 current ops/sec; [READ AverageLatency(us)=9527.38] 
 64 sec: 1340396 operations; 27271.36 current ops/sec; [READ AverageLatency(us)=10279.85] 
 66 sec: 1393925 operations; 26751.12 current ops/sec; [READ AverageLatency(us)=10003.41] 
 68 sec: 1450073 operations; 28059.97 current ops/sec; [READ AverageLatency(us)=10429.24] 
 70 sec: 1505844 operations; 27871.56 current ops/sec; [READ AverageLatency(us)=10588.63] 
 72 sec: 1548665 operations; 21399.8 current ops/sec; [READ AverageLatency(us)=13048.14] 
 74 sec: 1605056 operations; 28181.41 current ops/sec; [READ AverageLatency(us)=10304.58] 
 76 sec: 1659478 operations; 27211 current ops/sec; [READ AverageLatency(us)=10621.98] 
 78 sec: 1717637 operations; 29064.97 current ops/sec; [READ AverageLatency(us)=9988.78] 
 80 sec: 1772647 operations; 27491.25 current ops/sec; [READ AverageLatency(us)=10391.86] 
 82 sec: 1828869 operations; 28111 current ops/sec; [READ AverageLatency(us)=10132.59] 
 84 sec: 1886280 operations; 28691.15 current ops/sec; [READ AverageLatency(us)=9963.27] 
 86 sec: 1941576 operations; 27634.18 current ops/sec; [READ AverageLatency(us)=10464.62] 
 88 sec: 1992426 operations; 25425 current ops/sec; [READ AverageLatency(us)=11202.32] 
 90 sec: 2046912 operations; 27229.39 current ops/sec; [READ AverageLatency(us)=10334.86] 
 92 sec: 2102826 operations; 27943.03 current ops/sec; [READ AverageLatency(us)=9799.67] 
 94 sec: 2156993 operations; 27083.5 current ops/sec; [READ AverageLatency(us)=10145.83] 
 96 sec: 2213065 operations; 28007.99 current ops/sec; [READ AverageLatency(us)=9765.4] 
 98 sec: 2269948 operations; 28441.5 current ops/sec; [READ AverageLatency(us)=9993.61] 
 100 sec: 2325848 operations; 27936.03 current ops/sec; [READ AverageLatency(us)=9608.09] 
 102 sec: 2381633 operations; 27878.56 current ops/sec; [READ AverageLatency(us)=9340.01] 
 104 sec: 2437179 operations; 27759.12 current ops/sec; [READ AverageLatency(us)=10034.45] 
 106 sec: 2487740 operations; 25280.5 current ops/sec; [READ AverageLatency(us)=11209.66] 
 108 sec: 2545431 operations; 28831.08 current ops/sec; [READ AverageLatency(us)=9327.37] 
 110 sec: 2600790 operations; 27665.67 current ops/sec; [READ AverageLatency(us)=10046.9] 
 112 sec: 2658588 operations; 28899 current ops/sec; [READ AverageLatency(us)=9368.19] 
 114 sec: 2716723 operations; 29052.97 current ops/sec; [READ AverageLatency(us)=9232.82] 
 116 sec: 2776181 operations; 29714.14 current ops/sec; [READ AverageLatency(us)=9299.12] 
 118 sec: 2832520 operations; 28169.5 current ops/sec; [READ AverageLatency(us)=9634.25] 
 120 sec: 2888970 operations; 28210.89 current ops/sec; [READ AverageLatency(us)=9894.04] 
 122 sec: 2945169 operations; 28071.43 current ops/sec; [READ AverageLatency(us)=9900.21] 
 124 sec: 2997064 operations; 25934.53 current ops/sec; [READ AverageLatency(us)=10741.08] 
 126 sec: 3053475 operations; 28177.32 current ops/sec; [READ AverageLatency(us)=9143.4] 
 128 sec: 3109779 operations; 28137.93 current ops/sec; [READ AverageLatency(us)=9224.84] 
 130 sec: 3167500 operations; 28846.08 current ops/sec; [READ AverageLatency(us)=9823.11] 
 132 sec: 3223578 operations; 28024.99 current ops/sec; [READ AverageLatency(us)=9822.17] 
 134 sec: 3284022 operations; 30206.9 current ops/sec; [READ AverageLatency(us)=8877.22] 
 136 sec: 3340077 operations; 28013.49 current ops/sec; [READ AverageLatency(us)=9371.34] 
 138 sec: 3397193 operations; 28529.47 current ops/sec; [READ AverageLatency(us)=8909.34] 
 140 sec: 3453804 operations; 28305.5 current ops/sec; [READ AverageLatency(us)=9785.48] 
 142 sec: 3511404 operations; 27259.82 current ops/sec; [READ AverageLatency(us)=9617.23] 
 144 sec: 3565952 operations; 27260.37 current ops/sec; [READ AverageLatency(us)=10423.38] 
 146 sec: 3621430 operations; 27725.14 current ops/sec; [READ AverageLatency(us)=10217.77] 
 148 sec: 3676458 operations; 27500.25 current ops/sec; [READ AverageLatency(us)=9791.99] 
 150 sec: 3730499 operations; 27007 current ops/sec; [READ AverageLatency(us)=10723.35] 
 152 sec: 3783994 operations; 26734.13 current ops/sec; [READ AverageLatency(us)=10216.09] 
 154 sec: 3839918 operations; 27948.03 current ops/sec; [READ AverageLatency(us)=9488.44] 
 156 sec: 3895231 operations; 27642.68 current ops/sec; [READ AverageLatency(us)=9669.8] 
 158 sec: 3952407 operations; 28573.71 current ops/sec; [READ AverageLatency(us)=9140.66] 
 160 sec: 4008266 operations; 27915.54 current ops/sec; [READ AverageLatency(us)=9837.25] 
 162 sec: 4064226 operations; 27966.02 current ops/sec; [READ AverageLatency(us)=9141.7] 
 164 sec: 4116336 operations; 26055 current ops/sec; [READ AverageLatency(us)=10857.6] 
 166 sec: 4173778 operations; 28706.65 current ops/sec; [READ AverageLatency(us)=9863.3] 
 168 sec: 4230413 operations; 28317.5 current ops/sec; [READ AverageLatency(us)=9648.21] 
 170 sec: 4287929 operations; 28743.63 current ops/sec; [READ AverageLatency(us)=9371.28] 
 172 sec: 4345378 operations; 28724.5 current ops/sec; [READ AverageLatency(us)=9660.13] 
 174 sec: 4402795 operations; 28694.15 current ops/sec; [READ AverageLatency(us)=9743.3] 
 176 sec: 4459213 operations; 28194.9 current ops/sec; [READ AverageLatency(us)=9985.52] 
 178 sec: 4516592 operations; 28689.5 current ops/sec; [READ AverageLatency(us)=8934.12] 
 180 sec: 4575130 operations; 29254.37 current ops/sec; [READ AverageLatency(us)=9807.83] 
 182 sec: 4634393 operations; 29631.5 current ops/sec; [READ AverageLatency(us)=9332.84] 
 184 sec: 4686887 operations; 26233.88 current ops/sec; [READ AverageLatency(us)=10837.49] 
 186 sec: 4743564 operations; 28324.34 current ops/sec; [READ AverageLatency(us)=9607.85] 
 188 sec: 4800774 operations; 28590.7 current ops/sec; [READ AverageLatency(us)=8853.23] 
 190 sec: 4858017 operations; 28607.2 current ops/sec; [READ AverageLatency(us)=9374.67] 
 192 sec: 4916301 operations; 29127.44 current ops/sec; [READ AverageLatency(us)=9542.22] 
 194 sec: 4974056 operations; 28863.07 current ops/sec; [READ AverageLatency(us)=9961.99] 
 196 sec: 5029741 operations; 27828.59 current ops/sec; [READ AverageLatency(us)=9901.53] 
 198 sec: 5087181 operations; 28705.65 current ops/sec; [READ AverageLatency(us)=9785.93] 
 200 sec: 5145346 operations; 29067.97 current ops/sec; [READ AverageLatency(us)=9932.41] 
 202 sec: 5203319 operations; 28986.5 current ops/sec; [READ AverageLatency(us)=9764.05] 
 204 sec: 5260405 operations; 28528.74 current ops/sec; [READ AverageLatency(us)=9611.03] 
 206 sec: 5313734 operations; 26651.17 current ops/sec; [READ AverageLatency(us)=10922.32] 
 208 sec: 5372570 operations; 29403.3 current ops/sec; [READ AverageLatency(us)=9232.28] 
 210 sec: 5430072 operations; 28751 current ops/sec; [READ AverageLatency(us)=9148.29] 
 212 sec: 5486693 operations; 28310.5 current ops/sec; [READ AverageLatency(us)=9234.23] 
 214 sec: 5545211 operations; 29244.38 current ops/sec; [READ AverageLatency(us)=8727] 
 216 sec: 5601638 operations; 28213.5 current ops/sec; [READ AverageLatency(us)=9943.83] 
 218 sec: 5659803 operations; 29067.97 current ops/sec; [READ AverageLatency(us)=8429.4] 
 220 sec: 5717813 operations; 29005 current ops/sec; [READ AverageLatency(us)=9577.32] 
 222 sec: 5776335 operations; 29246.38 current ops/sec; [READ AverageLatency(us)=9591.88] 
 224 sec: 5835150 operations; 29407.5 current ops/sec; [READ AverageLatency(us)=9022] 
 226 sec: 5892869 operations; 28845.08 current ops/sec; [READ AverageLatency(us)=8996.56] 
 228 sec: 5945214 operations; 26172.5 current ops/sec; [READ AverageLatency(us)=10462.25] 
 230 sec: 6001918 operations; 28337.83 current ops/sec; [READ AverageLatency(us)=9172.5] 
 232 sec: 6059754 operations; 28918 current ops/sec; [READ AverageLatency(us)=8927.01] 
 234 sec: 6117133 operations; 28675.16 current ops/sec; [READ AverageLatency(us)=8883.99] 
 236 sec: 6174343 operations; 28605 current ops/sec; [READ AverageLatency(us)=9963.63] 
 238 sec: 6230787 operations; 28207.9 current ops/sec; [READ AverageLatency(us)=9654.84] 
 240 sec: 6285146 operations; 27179.5 current ops/sec; [READ AverageLatency(us)=9562.54] 
 242 sec: 6340111 operations; 27468.77 current ops/sec; [READ AverageLatency(us)=9145.43] 
 244 sec: 6394459 operations; 27174 current ops/sec; [READ AverageLatency(us)=9158.81] 
 246 sec: 6448982 operations; 27261.5 current ops/sec; [READ AverageLatency(us)=9138.07] 
 248 sec: 6504907 operations; 27948.53 current ops/sec; [READ AverageLatency(us)=9358.32] 
 250 sec: 6557264 operations; 26178.5 current ops/sec; [READ AverageLatency(us)=9574.81] 
 252 sec: 6613327 operations; 28017.49 current ops/sec; [READ AverageLatency(us)=8903.15] 
 254 sec: 6669901 operations; 28287 current ops/sec; [READ AverageLatency(us)=9395.39] 
 256 sec: 6726347 operations; 28208.9 current ops/sec; [READ AverageLatency(us)=9894.66] 
 258 sec: 6781888 operations; 27756.62 current ops/sec; [READ AverageLatency(us)=9563.54] 
 260 sec: 6837097 operations; 27604.5 current ops/sec; [READ AverageLatency(us)=9610.94] 
 262 sec: 6893651 operations; 28262.87 current ops/sec; [READ AverageLatency(us)=9635.39] 
 264 sec: 6948406 operations; 27377.5 current ops/sec; [READ AverageLatency(us)=9468.2] 
 266 sec: 7003446 operations; 27506.25 current ops/sec; [READ AverageLatency(us)=9423.55] 
 268 sec: 7060757 operations; 28655.5 current ops/sec; [READ AverageLatency(us)=9808.79] 
 270 sec: 7116727 operations; 27971.01 current ops/sec; [READ AverageLatency(us)=9044.67] 
 272 sec: 7173648 operations; 28460.5 current ops/sec; [READ AverageLatency(us)=9111.75] 
 274 sec: 7226733 operations; 26529.24 current ops/sec; [READ AverageLatency(us)=10847.06] 
 276 sec: 7285661 operations; 29464 current ops/sec; [READ AverageLatency(us)=9805.13] 
 278 sec: 7343066 operations; 28688.16 current ops/sec; [READ AverageLatency(us)=9810] 
 280 sec: 7400576 operations; 28755 current ops/sec; [READ AverageLatency(us)=9543.49] 
 282 sec: 7458490 operations; 28942.53 current ops/sec; [READ AverageLatency(us)=9769.93] 
 284 sec: 7513905 operations; 27707.5 current ops/sec; [READ AverageLatency(us)=10211.69] 
 286 sec: 7570793 operations; 28429.79 current ops/sec; [READ AverageLatency(us)=9862.08] 
 288 sec: 7627437 operations; 28322 current ops/sec; [READ AverageLatency(us)=9726.48] 
 290 sec: 7684802 operations; 28668.17 current ops/sec; [READ AverageLatency(us)=9775.65] 
 292 sec: 7740756 operations; 27963.02 current ops/sec; [READ AverageLatency(us)=9720.73] 
 294 sec: 7797693 operations; 28454.27 current ops/sec; [READ AverageLatency(us)=9313.59] 
 296 sec: 7848788 operations; 25534.73 current ops/sec; [READ AverageLatency(us)=10953.21] 
 298 sec: 7905147 operations; 28165.42 current ops/sec; [READ AverageLatency(us)=9915.68] 
 300 sec: 7963800 operations; 29297.2 current ops/sec; [READ AverageLatency(us)=9741.63] 
 302 sec: 8021629 operations; 28900.05 current ops/sec; [READ AverageLatency(us)=9784.61] 
 304 sec: 8079476 operations; 28909.05 current ops/sec; [READ AverageLatency(us)=9350] 
 306 sec: 8135709 operations; 28102.45 current ops/sec; [READ AverageLatency(us)=10023.53] 
 308 sec: 8194028 operations; 29144.93 current ops/sec; [READ AverageLatency(us)=9920.32] 
 310 sec: 8250197 operations; 28070.46 current ops/sec; [READ AverageLatency(us)=9315.12] 
 312 sec: 8308507 operations; 29140.43 current ops/sec; [READ AverageLatency(us)=9825.76] 
 314 sec: 8365342 operations; 28403.3 current ops/sec; [READ AverageLatency(us)=10150.16] 
 316 sec: 8421930 operations; 28279.86 current ops/sec; [READ AverageLatency(us)=9896.74] 
 318 sec: 8478664 operations; 28352.82 current ops/sec; [READ AverageLatency(us)=9910.79] 
 320 sec: 8533017 operations; 27162.92 current ops/sec; [READ AverageLatency(us)=10050.22] 
 322 sec: 8591083 operations; 29018.49 current ops/sec; [READ AverageLatency(us)=9900.05] 
 324 sec: 8647428 operations; 28172.5 current ops/sec; [READ AverageLatency(us)=9652.28] 
 326 sec: 8704807 operations; 28675.16 current ops/sec; [READ AverageLatency(us)=9833.59] 
 328 sec: 8762355 operations; 28745.25 current ops/sec; [READ AverageLatency(us)=9143.98] 
 330 sec: 8822266 operations; 29940.53 current ops/sec; [READ AverageLatency(us)=8864.88] 
 332 sec: 8877954 operations; 27830.08 current ops/sec; [READ AverageLatency(us)=8849.77] 
 334 sec: 8934764 operations; 28405 current ops/sec; [READ AverageLatency(us)=10019.8] 
 336 sec: 8992325 operations; 28766.12 current ops/sec; [READ AverageLatency(us)=9185.26] 
 338 sec: 9049594 operations; 28620.19 current ops/sec; [READ AverageLatency(us)=9592.68] 
 340 sec: 9105623 operations; 28000.5 current ops/sec; [READ AverageLatency(us)=9105.31] 
 342 sec: 9161418 operations; 27883.56 current ops/sec; [READ AverageLatency(us)=9200.47] 
 344 sec: 9215748 operations; 27165 current ops/sec; [READ AverageLatency(us)=10159.21] 
 346 sec: 9272813 operations; 28518.24 current ops/sec; [READ AverageLatency(us)=9160.91] 
 348 sec: 9330742 operations; 28964.5 current ops/sec; [READ AverageLatency(us)=9409.31] 
 350 sec: 9388907 operations; 29067.97 current ops/sec; [READ AverageLatency(us)=9100.14] 
 352 sec: 9446108 operations; 28586.21 current ops/sec; [READ AverageLatency(us)=9785.21] 
 354 sec: 9503192 operations; 28542 current ops/sec; [READ AverageLatency(us)=9401.81] 
 356 sec: 9560617 operations; 28698.15 current ops/sec; [READ AverageLatency(us)=9637.02] 
 358 sec: 9616242 operations; 27798.6 current ops/sec; [READ AverageLatency(us)=9360.6] 
 360 sec: 9673836 operations; 28782.61 current ops/sec; [READ AverageLatency(us)=9039.94] 
 362 sec: 9730000 operations; 28082 current ops/sec; [READ AverageLatency(us)=9453.83] 
 364 sec: 9787296 operations; 28633.68 current ops/sec; [READ AverageLatency(us)=9048.82] 
 366 sec: 9845549 operations; 29111.94 current ops/sec; [READ AverageLatency(us)=9571.89] 
 368 sec: 9898981 operations; 26702.65 current ops/sec; [READ AverageLatency(us)=10250.08] 
 370 sec: 9953793 operations; 27406 current ops/sec; [READ AverageLatency(us)=9748.97] 
 372 sec: 10008485 operations; 27332.33 current ops/sec; [READ AverageLatency(us)=9574.28] 
 374 sec: 10063560 operations; 27523.74 current ops/sec; [READ AverageLatency(us)=9506.62] 
 376 sec: 10119127 operations; 27783.5 current ops/sec; [READ AverageLatency(us)=8849.58] 
 378 sec: 10176056 operations; 28450.27 current ops/sec; [READ AverageLatency(us)=9346.06] 
 380 sec: 10234350 operations; 29147 current ops/sec; [READ AverageLatency(us)=9497.93] 
 382 sec: 10289328 operations; 27475.26 current ops/sec; [READ AverageLatency(us)=9252.93] 
 384 sec: 10344732 operations; 27674.33 current ops/sec; [READ AverageLatency(us)=9658.17] 
 386 sec: 10400859 operations; 28049.48 current ops/sec; [READ AverageLatency(us)=9287.13] 
 388 sec: 10459036 operations; 29059.44 current ops/sec; [READ AverageLatency(us)=9145.1] 
 390 sec: 10515274 operations; 28090.91 current ops/sec; [READ AverageLatency(us)=8963.75] 
 392 sec: 10569578 operations; 27138.43 current ops/sec; [READ AverageLatency(us)=9864.22] 
 394 sec: 10624494 operations; 27416.87 current ops/sec; [READ AverageLatency(us)=9838.07] 
 396 sec: 10679365 operations; 27421.79 current ops/sec; [READ AverageLatency(us)=8924.73] 
 398 sec: 10736000 operations; 28289.21 current ops/sec; [READ AverageLatency(us)=9896.4] 
 400 sec: 10791232 operations; 27602.2 current ops/sec; [READ AverageLatency(us)=9427.26] 
 402 sec: 10845985 operations; 27362.82 current ops/sec; [READ AverageLatency(us)=9784.09] 
 404 sec: 10901145 operations; 27552.45 current ops/sec; [READ AverageLatency(us)=9838.41] 
 406 sec: 10956096 operations; 27461.77 current ops/sec; [READ AverageLatency(us)=9155.89] 
 408 sec: 11012462 operations; 28168.92 current ops/sec; [READ AverageLatency(us)=9520.65] 
 410 sec: 11066724 operations; 27117.44 current ops/sec; [READ AverageLatency(us)=9080.34] 
 412 sec: 11125402 operations; 29324.34 current ops/sec; [READ AverageLatency(us)=9097.77] 
 414 sec: 11181906 operations; 28223.78 current ops/sec; [READ AverageLatency(us)=9138.8] 
 416 sec: 11234633 operations; 26350.32 current ops/sec; [READ AverageLatency(us)=10831.8] 
 418 sec: 11289284 operations; 27311.84 current ops/sec; [READ AverageLatency(us)=10121.92] 
 420 sec: 11343572 operations; 27130.43 current ops/sec; [READ AverageLatency(us)=10133.08] 
 422 sec: 11399845 operations; 28122.44 current ops/sec; [READ AverageLatency(us)=9807.23] 
 424 sec: 11455950 operations; 28038.48 current ops/sec; [READ AverageLatency(us)=9479.65] 
 426 sec: 11511402 operations; 27712.14 current ops/sec; [READ AverageLatency(us)=9616.81] 
 428 sec: 11567862 operations; 28230 current ops/sec; [READ AverageLatency(us)=9572.19] 
 430 sec: 11623951 operations; 28030.48 current ops/sec; [READ AverageLatency(us)=9622.95] 
 432 sec: 11681623 operations; 28821.59 current ops/sec; [READ AverageLatency(us)=9777.44] 
 434 sec: 11736959 operations; 27640.36 current ops/sec; [READ AverageLatency(us)=9946.66] 
 436 sec: 11792944 operations; 27978.51 current ops/sec; [READ AverageLatency(us)=9924.94] 
 438 sec: 11849354 operations; 28205 current ops/sec; [READ AverageLatency(us)=9497.15] 
 440 sec: 11906093 operations; 28355.32 current ops/sec; [READ AverageLatency(us)=9417.84] 
 442 sec: 11959662 operations; 26771.11 current ops/sec; [READ AverageLatency(us)=10476.73] 
 444 sec: 12016916 operations; 28627 current ops/sec; [READ AverageLatency(us)=9369.08] 
 446 sec: 12073605 operations; 28316.18 current ops/sec; [READ AverageLatency(us)=9820.94] 
 448 sec: 12132348 operations; 29371.5 current ops/sec; [READ AverageLatency(us)=9657.6] 
 450 sec: 12189855 operations; 28739.13 current ops/sec; [READ AverageLatency(us)=9812.5] 
 452 sec: 12247173 operations; 28644.68 current ops/sec; [READ AverageLatency(us)=9899.05] 
 454 sec: 12302902 operations; 27864.5 current ops/sec; [READ AverageLatency(us)=9919.8] 
 456 sec: 12359589 operations; 28329.34 current ops/sec; [READ AverageLatency(us)=9570.48] 
 458 sec: 12416403 operations; 28407 current ops/sec; [READ AverageLatency(us)=9722.47] 
 460 sec: 12473635 operations; 28601.7 current ops/sec; [READ AverageLatency(us)=9748.52] 
 462 sec: 12532153 operations; 29244.38 current ops/sec; [READ AverageLatency(us)=9500.73] 
 464 sec: 12589398 operations; 28622.5 current ops/sec; [READ AverageLatency(us)=9924.96] 
 466 sec: 12642836 operations; 26705.65 current ops/sec; [READ AverageLatency(us)=10556.49] 
 468 sec: 12698275 operations; 27705.65 current ops/sec; [READ AverageLatency(us)=9788.73] 
 470 sec: 12753549 operations; 27623.19 current ops/sec; [READ AverageLatency(us)=10024.91] 
 472 sec: 12810009 operations; 28215.89 current ops/sec; [READ AverageLatency(us)=9708.72] 
 474 sec: 12865846 operations; 27904.55 current ops/sec; [READ AverageLatency(us)=9559.18] 
 476 sec: 12921176 operations; 27651.17 current ops/sec; [READ AverageLatency(us)=10110.93] 
 478 sec: 12977022 operations; 27923 current ops/sec; [READ AverageLatency(us)=9600.88] 
 480 sec: 13033395 operations; 28172.41 current ops/sec; [READ AverageLatency(us)=9528.72] 
 482 sec: 13090447 operations; 28511.74 current ops/sec; [READ AverageLatency(us)=9381.72] 
 484 sec: 13146402 operations; 27963.52 current ops/sec; [READ AverageLatency(us)=10007.28] 
 486 sec: 13201930 operations; 27750.12 current ops/sec; [READ AverageLatency(us)=9548.35] 
 488 sec: 13259664 operations; 28852.57 current ops/sec; [READ AverageLatency(us)=9191.57] 
 490 sec: 13316327 operations; 28317.34 current ops/sec; [READ AverageLatency(us)=9892.05] 
 492 sec: 13368735 operations; 26190.9 current ops/sec; [READ AverageLatency(us)=10046.35] 
 494 sec: 13424785 operations; 28025 current ops/sec; [READ AverageLatency(us)=9280.76] 
 496 sec: 13479975 operations; 27581.21 current ops/sec; [READ AverageLatency(us)=9744.09] 
 498 sec: 13534580 operations; 27288.86 current ops/sec; [READ AverageLatency(us)=9646.44] 
 500 sec: 13589753 operations; 27572.71 current ops/sec; [READ AverageLatency(us)=9728.6] 
 502 sec: 13646345 operations; 28281.86 current ops/sec; [READ AverageLatency(us)=9031.02] 
 504 sec: 13702602 operations; 28114.44 current ops/sec; [READ AverageLatency(us)=9865.33] 
 506 sec: 13757148 operations; 27259.37 current ops/sec; [READ AverageLatency(us)=9093.55] 
 508 sec: 13813158 operations; 27991 current ops/sec; [READ AverageLatency(us)=9493.7] 
 510 sec: 13869104 operations; 27959.02 current ops/sec; [READ AverageLatency(us)=9976.64] 
 512 sec: 13925396 operations; 28131.93 current ops/sec; [READ AverageLatency(us)=9089.48] 
 514 sec: 13979072 operations; 26824.59 current ops/sec; [READ AverageLatency(us)=9534.39] 
 516 sec: 14033595 operations; 27247.88 current ops/sec; [READ AverageLatency(us)=9900.62] 
 518 sec: 14088286 operations; 27318.18 current ops/sec; [READ AverageLatency(us)=9930.23] 
 520 sec: 14145217 operations; 28437.06 current ops/sec; [READ AverageLatency(us)=9565.3] 
 522 sec: 14200854 operations; 27804.6 current ops/sec; [READ AverageLatency(us)=9347.56] 
 524 sec: 14257907 operations; 28483.77 current ops/sec; [READ AverageLatency(us)=9457.15] 
 526 sec: 14314603 operations; 28319.68 current ops/sec; [READ AverageLatency(us)=9287.6] 
 528 sec: 14370806 operations; 28073.43 current ops/sec; [READ AverageLatency(us)=9328.11] 
 530 sec: 14424295 operations; 26731.13 current ops/sec; [READ AverageLatency(us)=10096.87] 
 532 sec: 14480422 operations; 28035.46 current ops/sec; [READ AverageLatency(us)=9334.55] 
 534 sec: 14535247 operations; 27385.11 current ops/sec; [READ AverageLatency(us)=9649.89] 
 536 sec: 14590496 operations; 27610.69 current ops/sec; [READ AverageLatency(us)=9657.82] 
 538 sec: 14646316 operations; 27896.05 current ops/sec; [READ AverageLatency(us)=9906.2] 
 540 sec: 14703825 operations; 28725.77 current ops/sec; [READ AverageLatency(us)=9687.8] 
 542 sec: 14760072 operations; 26758.8 current ops/sec; [READ AverageLatency(us)=9251.33] 
 544 sec: 14812241 operations; 26071.46 current ops/sec; [READ AverageLatency(us)=10669.71] 
 546 sec: 14867783 operations; 27757.12 current ops/sec; [READ AverageLatency(us)=9453.6] 
 548 sec: 14922642 operations; 27415.79 current ops/sec; [READ AverageLatency(us)=10071.53] 
 550 sec: 14976304 operations; 26817.59 current ops/sec; [READ AverageLatency(us)=9190.46] 
 552 sec: 15030498 operations; 27083.46 current ops/sec; [READ AverageLatency(us)=9783.75] 
 554 sec: 15084304 operations; 26889.56 current ops/sec; [READ AverageLatency(us)=9567.37] 
 556 sec: 15137795 operations; 26732.13 current ops/sec; [READ AverageLatency(us)=9845.08] 
 558 sec: 15191302 operations; 26740.13 current ops/sec; [READ AverageLatency(us)=10051.43] 
 560 sec: 15242397 operations; 25521.98 current ops/sec; [READ AverageLatency(us)=9985.52] 
 562 sec: 15296196 operations; 26886.06 current ops/sec; [READ AverageLatency(us)=9184.66] 
 564 sec: 15350272 operations; 26997.5 current ops/sec; [READ AverageLatency(us)=9269.58] 
 566 sec: 15404671 operations; 27199.5 current ops/sec; [READ AverageLatency(us)=9601.64] 
 568 sec: 15457014 operations; 26145.35 current ops/sec; [READ AverageLatency(us)=10437] 
 570 sec: 15506214 operations; 24587.71 current ops/sec; [READ AverageLatency(us)=10804] 
 572 sec: 15560498 operations; 27142 current ops/sec; [READ AverageLatency(us)=9106] 
 574 sec: 15614546 operations; 27010.49 current ops/sec; [READ AverageLatency(us)=9521.39] 
 576 sec: 15670492 operations; 27973 current ops/sec; [READ AverageLatency(us)=9042.67] 
 578 sec: 15726154 operations; 27831 current ops/sec; [READ AverageLatency(us)=9823.32] 
 580 sec: 15781306 operations; 27562.22 current ops/sec; [READ AverageLatency(us)=9521.35] 
 582 sec: 15837177 operations; 27935.5 current ops/sec; [READ AverageLatency(us)=9092.88] 
 584 sec: 15891308 operations; 27051.97 current ops/sec; [READ AverageLatency(us)=9625.47] 
 586 sec: 15946291 operations; 27491.5 current ops/sec; [READ AverageLatency(us)=9193.77] 
 588 sec: 16000712 operations; 27196.9 current ops/sec; [READ AverageLatency(us)=9712.53] 
 590 sec: 16055203 operations; 27245.5 current ops/sec; [READ AverageLatency(us)=9730.7] 
 592 sec: 16112212 operations; 28490.25 current ops/sec; [READ AverageLatency(us)=9280.75] 
 594 sec: 16168096 operations; 27942 current ops/sec; [READ AverageLatency(us)=9038.59] 
 596 sec: 16219655 operations; 25766.62 current ops/sec; [READ AverageLatency(us)=9849.35] 
 598 sec: 16274169 operations; 27257 current ops/sec; [READ AverageLatency(us)=10097.79] 
 600 sec: 16330333 operations; 28082 current ops/sec; [READ AverageLatency(us)=9684.61] 
 602 sec: 16386554 operations; 28096.45 current ops/sec; [READ AverageLatency(us)=9166.91] 
 604 sec: 16442596 operations; 28021 current ops/sec; [READ AverageLatency(us)=9389.71] 
 606 sec: 16499098 operations; 28236.88 current ops/sec; [READ AverageLatency(us)=9589.02] 
 608 sec: 16552582 operations; 26742 current ops/sec; [READ AverageLatency(us)=9878.89] 
 610 sec: 16606808 operations; 27099.45 current ops/sec; [READ AverageLatency(us)=9212.74] 
 612 sec: 16661506 operations; 27349 current ops/sec; [READ AverageLatency(us)=9958.63] 
 614 sec: 16717573 operations; 28019.49 current ops/sec; [READ AverageLatency(us)=9450.02] 
 616 sec: 16773863 operations; 28145 current ops/sec; [READ AverageLatency(us)=9420.04] 
 618 sec: 16828871 operations; 27504 current ops/sec; [READ AverageLatency(us)=9404.64] 
 620 sec: 16884598 operations; 27849.58 current ops/sec; [READ AverageLatency(us)=9368.87] 
 622 sec: 16937524 operations; 26463 current ops/sec; [READ AverageLatency(us)=10147.51] 
 624 sec: 16991747 operations; 27097.95 current ops/sec; [READ AverageLatency(us)=9367.5] 
 626 sec: 17046637 operations; 27445 current ops/sec; [READ AverageLatency(us)=9654.25] 
 628 sec: 17099889 operations; 26612.69 current ops/sec; [READ AverageLatency(us)=9728.93] 
 630 sec: 17154916 operations; 27513.5 current ops/sec; [READ AverageLatency(us)=9166.35] 
 632 sec: 17210873 operations; 27964.52 current ops/sec; [READ AverageLatency(us)=9086.35] 
 634 sec: 17264749 operations; 26938 current ops/sec; [READ AverageLatency(us)=9753.38] 
 636 sec: 17318757 operations; 26990.5 current ops/sec; [READ AverageLatency(us)=8640.45] 
 638 sec: 17375190 operations; 28216.5 current ops/sec; [READ AverageLatency(us)=8724.83] 
 640 sec: 17430062 operations; 27422.29 current ops/sec; [READ AverageLatency(us)=8870.23] 
 642 sec: 17485095 operations; 27516.5 current ops/sec; [READ AverageLatency(us)=8900.79] 
 644 sec: 17540702 operations; 27789.61 current ops/sec; [READ AverageLatency(us)=9268.22] 
 646 sec: 17595445 operations; 27371.5 current ops/sec; [READ AverageLatency(us)=9683.09] 
 648 sec: 17649576 operations; 27051.97 current ops/sec; [READ AverageLatency(us)=8859.96] 
 650 sec: 17704411 operations; 27417.5 current ops/sec; [READ AverageLatency(us)=10607.24] 
 652 sec: 17761962 operations; 28761.12 current ops/sec; [READ AverageLatency(us)=10058.41] 
 654 sec: 17820255 operations; 29146.5 current ops/sec; [READ AverageLatency(us)=9895.34] 
 656 sec: 17879134 operations; 29439.5 current ops/sec; [READ AverageLatency(us)=9817.35] 
 658 sec: 17937772 operations; 29304.35 current ops/sec; [READ AverageLatency(us)=10019.69] 
 660 sec: 17994668 operations; 28448 current ops/sec; [READ AverageLatency(us)=10148.69] 
 662 sec: 18053176 operations; 29239.38 current ops/sec; [READ AverageLatency(us)=9419.97] 
 664 sec: 18113631 operations; 30227.5 current ops/sec; [READ AverageLatency(us)=9458.72] 
 666 sec: 18172121 operations; 29230.38 current ops/sec; [READ AverageLatency(us)=9485.24] 
 668 sec: 18230579 operations; 29229 current ops/sec; [READ AverageLatency(us)=9950.61] 
 670 sec: 18288186 operations; 28789.11 current ops/sec; [READ AverageLatency(us)=9900.69] 
 672 sec: 18345941 operations; 28877.5 current ops/sec; [READ AverageLatency(us)=9695.46] 
 674 sec: 18401963 operations; 27997 current ops/sec; [READ AverageLatency(us)=9980.94] 
 676 sec: 18459595 operations; 28816 current ops/sec; [READ AverageLatency(us)=9635.08] 
 678 sec: 18516943 operations; 28659.67 current ops/sec; [READ AverageLatency(us)=10070.59] 
 680 sec: 18575923 operations; 29490 current ops/sec; [READ AverageLatency(us)=9441.97] 
 682 sec: 18632276 operations; 28176.5 current ops/sec; [READ AverageLatency(us)=9761.68] 
 684 sec: 18690291 operations; 28993 current ops/sec; [READ AverageLatency(us)=9795.51] 
 686 sec: 18747110 operations; 28409.5 current ops/sec; [READ AverageLatency(us)=9893.18] 
 688 sec: 18804806 operations; 28833.58 current ops/sec; [READ AverageLatency(us)=10020.12] 
 690 sec: 18862247 operations; 28720.5 current ops/sec; [READ AverageLatency(us)=9938.26] 
 692 sec: 18919813 operations; 28768.62 current ops/sec; [READ AverageLatency(us)=9409.94] 
 694 sec: 18974137 operations; 27148.43 current ops/sec; [READ AverageLatency(us)=10548.92] 
 696 sec: 19031503 operations; 28668.67 current ops/sec; [READ AverageLatency(us)=9186.01] 
 698 sec: 19088763 operations; 28615.69 current ops/sec; [READ AverageLatency(us)=9136.99] 
 700 sec: 19144997 operations; 28102.95 current ops/sec; [READ AverageLatency(us)=9726.86] 
 702 sec: 19200305 operations; 27654 current ops/sec; [READ AverageLatency(us)=9705.74] 
 704 sec: 19258625 operations; 29145.43 current ops/sec; [READ AverageLatency(us)=9704.46] 
 706 sec: 19315699 operations; 28522.74 current ops/sec; [READ AverageLatency(us)=9077.32] 
 708 sec: 19372982 operations; 28627.19 current ops/sec; [READ AverageLatency(us)=9090.21] 
 710 sec: 19430685 operations; 28851.5 current ops/sec; [READ AverageLatency(us)=9135.63] 
 712 sec: 19488590 operations; 28938.03 current ops/sec; [READ AverageLatency(us)=9022.14] 
 714 sec: 19544550 operations; 27966.02 current ops/sec; [READ AverageLatency(us)=9109.48] 
 716 sec: 19600739 operations; 28080.46 current ops/sec; [READ AverageLatency(us)=8970.41] 
 718 sec: 19657396 operations; 28300.2 current ops/sec; [READ AverageLatency(us)=8424.7] 
 720 sec: 19715814 operations; 29194.4 current ops/sec; [READ AverageLatency(us)=8906.19] 
 722 sec: 19772482 operations; 28305.69 current ops/sec; [READ AverageLatency(us)=8578.01] 
 724 sec: 19829798 operations; 28629.37 current ops/sec; [READ AverageLatency(us)=8582.1] 
 726 sec: 19881533 operations; 25854.57 current ops/sec; [READ AverageLatency(us)=9473.5] [CLEANUP AverageLatency(us)=15] 
 728 sec: 19929086 operations; 23764.62 current ops/sec; [READ AverageLatency(us)=10307.56] [CLEANUP AverageLatency(us)=5] 
 730 sec: 19965384 operations; 18139.93 current ops/sec; [READ AverageLatency(us)=14577.43] [CLEANUP AverageLatency(us)=8.62] 
 732 sec: 20000000 operations; 20765.45 current ops/sec; [READ AverageLatency(us)=5223.57] [CLEANUP AverageLatency(us)=6.43] 
