Loading workload...
 (might take a few minutes for large data sets)
Starting test.
SLF4J: Class path contains multiple SLF4J bindings.
SLF4J: Found binding in [jar:file:/home/automaton/YCSB/cassandra/target/cassandra-binding-0.1.4.jar!/org/slf4j/impl/StaticLoggerBinder.class]
SLF4J: Found binding in [jar:file:/home/automaton/YCSB/apache-maven-3.2.5/lib/slf4j-simple-1.7.5.jar!/org/slf4j/impl/StaticLoggerBinder.class]
SLF4J: See http://www.slf4j.org/codes.html#multiple_bindings for an explanation.
log4j:WARN No appenders could be found for logger (com.datastax.driver.core.Cluster).
log4j:WARN No appenders could be found for logger (com.datastax.driver.core.Cluster).
log4j:WARN No appenders could be found for logger (com.datastax.driver.core.Cluster).
log4j:WARN No appenders could be found for logger (com.datastax.driver.core.Cluster).
log4j:WARN Please initialize the log4j system properly.
log4j:WARN No appenders could be found for logger (com.datastax.driver.core.Cluster).
log4j:WARN No appenders could be found for logger (com.datastax.driver.core.Cluster).
log4j:WARN No appenders could be found for logger (com.datastax.driver.core.Cluster).
log4j:WARN No appenders could be found for logger (com.datastax.driver.core.Cluster).
log4j:WARN No appenders could be found for logger (com.datastax.driver.core.Cluster).
log4j:WARN No appenders could be found for logger (com.datastax.driver.core.Cluster).
log4j:WARN No appenders could be found for logger (com.datastax.driver.core.Cluster).
log4j:WARN Please initialize the log4j system properly.
log4j:WARN No appenders could be found for logger (com.datastax.driver.core.Cluster).
log4j:WARN No appenders could be found for logger (com.datastax.driver.core.Cluster).
log4j:WARN No appenders could be found for logger (com.datastax.driver.core.Cluster).
log4j:WARN Please initialize the log4j system properly.
log4j:WARN No appenders could be found for logger (com.datastax.driver.core.Cluster).
log4j:WARN No appenders could be found for logger (com.datastax.driver.core.Cluster).
log4j:WARN No appenders could be found for logger (com.datastax.driver.core.Cluster).
log4j:WARN No appenders could be found for logger (com.datastax.driver.core.Cluster).
log4j:WARN No appenders could be found for logger (com.datastax.driver.core.Cluster).
log4j:WARN Please initialize the log4j system properly.
log4j:WARN No appenders could be found for logger (com.datastax.driver.core.Cluster).
log4j:WARN Please initialize the log4j system properly.
log4j:WARN No appenders could be found for logger (com.datastax.driver.core.Cluster).
log4j:WARN Please initialize the log4j system properly.
log4j:WARN No appenders could be found for logger (com.datastax.driver.core.Cluster).
log4j:WARN Please initialize the log4j system properly.
log4j:WARN No appenders could be found for logger (com.datastax.driver.core.Cluster).
log4j:WARN No appenders could be found for logger (com.datastax.driver.core.Cluster).
log4j:WARN No appenders could be found for logger (com.datastax.driver.core.Cluster).
log4j:WARN No appenders could be found for logger (com.datastax.driver.core.Cluster).
log4j:WARN No appenders could be found for logger (com.datastax.driver.core.Cluster).
log4j:WARN No appenders could be found for logger (com.datastax.driver.core.Cluster).
log4j:WARN Please initialize the log4j system properly.
log4j:WARN No appenders could be found for logger (com.datastax.driver.core.Cluster).
log4j:WARN Please initialize the log4j system properly.
log4j:WARN No appenders could be found for logger (com.datastax.driver.core.Cluster).
log4j:WARN Please initialize the log4j system properly.
log4j:WARN No appenders could be found for logger (com.datastax.driver.core.Cluster).
log4j:WARN No appenders could be found for logger (com.datastax.driver.core.Cluster).
log4j:WARN No appenders could be found for logger (com.datastax.driver.core.Cluster).
log4j:WARN No appenders could be found for logger (com.datastax.driver.core.Cluster).
log4j:WARN No appenders could be found for logger (com.datastax.driver.core.Cluster).
log4j:WARN Please initialize the log4j system properly.
log4j:WARN No appenders could be found for logger (com.datastax.driver.core.Cluster).
log4j:WARN No appenders could be found for logger (com.datastax.driver.core.Cluster).
log4j:WARN Please initialize the log4j system properly.
log4j:WARN No appenders could be found for logger (com.datastax.driver.core.Cluster).
log4j:WARN No appenders could be found for logger (com.datastax.driver.core.Cluster).
log4j:WARN No appenders could be found for logger (com.datastax.driver.core.Cluster).
log4j:WARN Please initialize the log4j system properly.
log4j:WARN No appenders could be found for logger (com.datastax.driver.core.Cluster).
log4j:WARN Please initialize the log4j system properly.
log4j:WARN See http://logging.apache.org/log4j/1.2/faq.html#noconfig for more info.
log4j:WARN No appenders could be found for logger (com.datastax.driver.core.Cluster).
log4j:WARN Please initialize the log4j system properly.
log4j:WARN See http://logging.apache.org/log4j/1.2/faq.html#noconfig for more info.
log4j:WARN No appenders could be found for logger (com.datastax.driver.core.Cluster).
log4j:WARN Please initialize the log4j system properly.
log4j:WARN See http://logging.apache.org/log4j/1.2/faq.html#noconfig for more info.
log4j:WARN No appenders could be found for logger (com.datastax.driver.core.Cluster).
log4j:WARN Please initialize the log4j system properly.
log4j:WARN See http://logging.apache.org/log4j/1.2/faq.html#noconfig for more info.
log4j:WARN No appenders could be found for logger (com.datastax.driver.core.Cluster).
log4j:WARN Please initialize the log4j system properly.
log4j:WARN See http://logging.apache.org/log4j/1.2/faq.html#noconfig for more info.
log4j:WARN No appenders could be found for logger (com.datastax.driver.core.Cluster).
log4j:WARN Please initialize the log4j system properly.
log4j:WARN See http://logging.apache.org/log4j/1.2/faq.html#noconfig for more info.
log4j:WARN No appenders could be found for logger (com.datastax.driver.core.Cluster).
log4j:WARN Please initialize the log4j system properly.
log4j:WARN See http://logging.apache.org/log4j/1.2/faq.html#noconfig for more info.
log4j:WARN No appenders could be found for logger (com.datastax.driver.core.Cluster).
log4j:WARN Please initialize the log4j system properly.
log4j:WARN See http://logging.apache.org/log4j/1.2/faq.html#noconfig for more info.
log4j:WARN No appenders could be found for logger (com.datastax.driver.core.Cluster).
log4j:WARN Please initialize the log4j system properly.
log4j:WARN See http://logging.apache.org/log4j/1.2/faq.html#noconfig for more info.
log4j:WARN No appenders could be found for logger (com.datastax.driver.core.Cluster).
log4j:WARN Please initialize the log4j system properly.
log4j:WARN See http://logging.apache.org/log4j/1.2/faq.html#noconfig for more info.
log4j:WARN No appenders could be found for logger (com.datastax.driver.core.Cluster).
log4j:WARN Please initialize the log4j system properly.
log4j:WARN See http://logging.apache.org/log4j/1.2/faq.html#noconfig for more info.
log4j:WARN No appenders could be found for logger (com.datastax.driver.core.Cluster).
log4j:WARN Please initialize the log4j system properly.
log4j:WARN See http://logging.apache.org/log4j/1.2/faq.html#noconfig for more info.
log4j:WARN No appenders could be found for logger (com.datastax.driver.core.Cluster).
log4j:WARN Please initialize the log4j system properly.
log4j:WARN See http://logging.apache.org/log4j/1.2/faq.html#noconfig for more info.
log4j:WARN No appenders could be found for logger (com.datastax.driver.core.Cluster).
log4j:WARN Please initialize the log4j system properly.
log4j:WARN See http://logging.apache.org/log4j/1.2/faq.html#noconfig for more info.
log4j:WARN No appenders could be found for logger (com.datastax.driver.core.Cluster).
log4j:WARN Please initialize the log4j system properly.
log4j:WARN See http://logging.apache.org/log4j/1.2/faq.html#noconfig for more info.
log4j:WARN No appenders could be found for logger (com.datastax.driver.core.Cluster).
log4j:WARN See http://logging.apache.org/log4j/1.2/faq.html#noconfig for more info.
log4j:WARN No appenders could be found for logger (com.datastax.driver.core.Cluster).
log4j:WARN Please initialize the log4j system properly.
log4j:WARN See http://logging.apache.org/log4j/1.2/faq.html#noconfig for more info.
log4j:WARN No appenders could be found for logger (com.datastax.driver.core.Cluster).
log4j:WARN Please initialize the log4j system properly.
log4j:WARN See http://logging.apache.org/log4j/1.2/faq.html#noconfig for more info.
log4j:WARN Please initialize the log4j system properly.
log4j:WARN See http://logging.apache.org/log4j/1.2/faq.html#noconfig for more info.
log4j:WARN No appenders could be found for logger (com.datastax.driver.core.Cluster).
log4j:WARN Please initialize the log4j system properly.
log4j:WARN See http://logging.apache.org/log4j/1.2/faq.html#noconfig for more info.
log4j:WARN No appenders could be found for logger (com.datastax.driver.core.Cluster).
log4j:WARN Please initialize the log4j system properly.
log4j:WARN See http://logging.apache.org/log4j/1.2/faq.html#noconfig for more info.
log4j:WARN Please initialize the log4j system properly.
log4j:WARN See http://logging.apache.org/log4j/1.2/faq.html#noconfig for more info.
log4j:WARN See http://logging.apache.org/log4j/1.2/faq.html#noconfig for more info.
log4j:WARN No appenders could be found for logger (com.datastax.driver.core.Cluster).
log4j:WARN Please initialize the log4j system properly.
log4j:WARN See http://logging.apache.org/log4j/1.2/faq.html#noconfig for more info.
log4j:WARN No appenders could be found for logger (com.datastax.driver.core.Cluster).
log4j:WARN Please initialize the log4j system properly.
log4j:WARN See http://logging.apache.org/log4j/1.2/faq.html#noconfig for more info.
log4j:WARN No appenders could be found for logger (com.datastax.driver.core.Cluster).
log4j:WARN Please initialize the log4j system properly.
log4j:WARN See http://logging.apache.org/log4j/1.2/faq.html#noconfig for more info.
log4j:WARN No appenders could be found for logger (com.datastax.driver.core.Cluster).
log4j:WARN Please initialize the log4j system properly.
log4j:WARN See http://logging.apache.org/log4j/1.2/faq.html#noconfig for more info.
log4j:WARN No appenders could be found for logger (com.datastax.driver.core.Cluster).
log4j:WARN Please initialize the log4j system properly.
log4j:WARN See http://logging.apache.org/log4j/1.2/faq.html#noconfig for more info.
log4j:WARN Please initialize the log4j system properly.
log4j:WARN See http://logging.apache.org/log4j/1.2/faq.html#noconfig for more info.
log4j:WARN No appenders could be found for logger (com.datastax.driver.core.Cluster).
log4j:WARN Please initialize the log4j system properly.
log4j:WARN See http://logging.apache.org/log4j/1.2/faq.html#noconfig for more info.
log4j:WARN No appenders could be found for logger (com.datastax.driver.core.Cluster).
log4j:WARN Please initialize the log4j system properly.
log4j:WARN See http://logging.apache.org/log4j/1.2/faq.html#noconfig for more info.
log4j:WARN No appenders could be found for logger (com.datastax.driver.core.Cluster).
log4j:WARN Please initialize the log4j system properly.
log4j:WARN See http://logging.apache.org/log4j/1.2/faq.html#noconfig for more info.
log4j:WARN No appenders could be found for logger (com.datastax.driver.core.Cluster).
log4j:WARN Please initialize the log4j system properly.
log4j:WARN See http://logging.apache.org/log4j/1.2/faq.html#noconfig for more info.
log4j:WARN No appenders could be found for logger (com.datastax.driver.core.Cluster).
log4j:WARN Please initialize the log4j system properly.
log4j:WARN See http://logging.apache.org/log4j/1.2/faq.html#noconfig for more info.
log4j:WARN No appenders could be found for logger (com.datastax.driver.core.Cluster).
log4j:WARN Please initialize the log4j system properly.
log4j:WARN See http://logging.apache.org/log4j/1.2/faq.html#noconfig for more info.
log4j:WARN See http://logging.apache.org/log4j/1.2/faq.html#noconfig for more info.
log4j:WARN No appenders could be found for logger (com.datastax.driver.core.Cluster).
log4j:WARN Please initialize the log4j system properly.
log4j:WARN See http://logging.apache.org/log4j/1.2/faq.html#noconfig for more info.
log4j:WARN No appenders could be found for logger (com.datastax.driver.core.Cluster).
log4j:WARN Please initialize the log4j system properly.
log4j:WARN See http://logging.apache.org/log4j/1.2/faq.html#noconfig for more info.
log4j:WARN No appenders could be found for logger (com.datastax.driver.core.Cluster).
log4j:WARN Please initialize the log4j system properly.
log4j:WARN See http://logging.apache.org/log4j/1.2/faq.html#noconfig for more info.
log4j:WARN No appenders could be found for logger (com.datastax.driver.core.Cluster).
log4j:WARN Please initialize the log4j system properly.
log4j:WARN See http://logging.apache.org/log4j/1.2/faq.html#noconfig for more info.
log4j:WARN Please initialize the log4j system properly.
log4j:WARN See http://logging.apache.org/log4j/1.2/faq.html#noconfig for more info.
log4j:WARN No appenders could be found for logger (com.datastax.driver.core.Cluster).
log4j:WARN Please initialize the log4j system properly.
log4j:WARN See http://logging.apache.org/log4j/1.2/faq.html#noconfig for more info.
log4j:WARN No appenders could be found for logger (com.datastax.driver.core.Cluster).
log4j:WARN Please initialize the log4j system properly.
log4j:WARN See http://logging.apache.org/log4j/1.2/faq.html#noconfig for more info.
log4j:WARN No appenders could be found for logger (com.datastax.driver.core.Cluster).
log4j:WARN Please initialize the log4j system properly.
log4j:WARN See http://logging.apache.org/log4j/1.2/faq.html#noconfig for more info.
log4j:WARN No appenders could be found for logger (com.datastax.driver.core.Cluster).
log4j:WARN Please initialize the log4j system properly.
log4j:WARN See http://logging.apache.org/log4j/1.2/faq.html#noconfig for more info.
log4j:WARN No appenders could be found for logger (com.datastax.driver.core.Cluster).
log4j:WARN Please initialize the log4j system properly.
log4j:WARN See http://logging.apache.org/log4j/1.2/faq.html#noconfig for more info.
log4j:WARN No appenders could be found for logger (com.datastax.driver.core.Cluster).
log4j:WARN Please initialize the log4j system properly.
log4j:WARN See http://logging.apache.org/log4j/1.2/faq.html#noconfig for more info.
log4j:WARN No appenders could be found for logger (com.datastax.driver.core.Cluster).
log4j:WARN Please initialize the log4j system properly.
log4j:WARN See http://logging.apache.org/log4j/1.2/faq.html#noconfig for more info.
log4j:WARN Please initialize the log4j system properly.
log4j:WARN See http://logging.apache.org/log4j/1.2/faq.html#noconfig for more info.
log4j:WARN Please initialize the log4j system properly.
log4j:WARN See http://logging.apache.org/log4j/1.2/faq.html#noconfig for more info.
log4j:WARN No appenders could be found for logger (com.datastax.driver.core.Cluster).
log4j:WARN Please initialize the log4j system properly.
log4j:WARN See http://logging.apache.org/log4j/1.2/faq.html#noconfig for more info.
log4j:WARN No appenders could be found for logger (com.datastax.driver.core.Cluster).
log4j:WARN Please initialize the log4j system properly.
log4j:WARN See http://logging.apache.org/log4j/1.2/faq.html#noconfig for more info.
log4j:WARN No appenders could be found for logger (com.datastax.driver.core.Cluster).
log4j:WARN Please initialize the log4j system properly.
log4j:WARN Please initialize the log4j system properly.
log4j:WARN See http://logging.apache.org/log4j/1.2/faq.html#noconfig for more info.
log4j:WARN No appenders could be found for logger (com.datastax.driver.core.Cluster).
log4j:WARN Please initialize the log4j system properly.
log4j:WARN See http://logging.apache.org/log4j/1.2/faq.html#noconfig for more info.
log4j:WARN No appenders could be found for logger (com.datastax.driver.core.Cluster).
log4j:WARN Please initialize the log4j system properly.
log4j:WARN See http://logging.apache.org/log4j/1.2/faq.html#noconfig for more info.
log4j:WARN No appenders could be found for logger (com.datastax.driver.core.Cluster).
log4j:WARN Please initialize the log4j system properly.
log4j:WARN See http://logging.apache.org/log4j/1.2/faq.html#noconfig for more info.
log4j:WARN No appenders could be found for logger (com.datastax.driver.core.Cluster).
log4j:WARN Please initialize the log4j system properly.
log4j:WARN See http://logging.apache.org/log4j/1.2/faq.html#noconfig for more info.
log4j:WARN No appenders could be found for logger (com.datastax.driver.core.Cluster).
log4j:WARN Please initialize the log4j system properly.
log4j:WARN See http://logging.apache.org/log4j/1.2/faq.html#noconfig for more info.
log4j:WARN No appenders could be found for logger (com.datastax.driver.core.Cluster).
log4j:WARN Please initialize the log4j system properly.
log4j:WARN See http://logging.apache.org/log4j/1.2/faq.html#noconfig for more info.
log4j:WARN No appenders could be found for logger (com.datastax.driver.core.Cluster).
log4j:WARN Please initialize the log4j system properly.
log4j:WARN See http://logging.apache.org/log4j/1.2/faq.html#noconfig for more info.
log4j:WARN See http://logging.apache.org/log4j/1.2/faq.html#noconfig for more info.
log4j:WARN No appenders could be found for logger (com.datastax.driver.core.Cluster).
log4j:WARN Please initialize the log4j system properly.
log4j:WARN See http://logging.apache.org/log4j/1.2/faq.html#noconfig for more info.
log4j:WARN No appenders could be found for logger (com.datastax.driver.core.Cluster).
log4j:WARN Please initialize the log4j system properly.
log4j:WARN See http://logging.apache.org/log4j/1.2/faq.html#noconfig for more info.
log4j:WARN No appenders could be found for logger (com.datastax.driver.core.Cluster).
log4j:WARN Please initialize the log4j system properly.
log4j:WARN See http://logging.apache.org/log4j/1.2/faq.html#noconfig for more info.
log4j:WARN No appenders could be found for logger (com.datastax.driver.core.Cluster).
log4j:WARN Please initialize the log4j system properly.
log4j:WARN See http://logging.apache.org/log4j/1.2/faq.html#noconfig for more info.
log4j:WARN No appenders could be found for logger (com.datastax.driver.core.Cluster).
log4j:WARN Please initialize the log4j system properly.
log4j:WARN See http://logging.apache.org/log4j/1.2/faq.html#noconfig for more info.
log4j:WARN See http://logging.apache.org/log4j/1.2/faq.html#noconfig for more info.
log4j:WARN No appenders could be found for logger (com.datastax.driver.core.Cluster).
log4j:WARN Please initialize the log4j system properly.
log4j:WARN See http://logging.apache.org/log4j/1.2/faq.html#noconfig for more info.
log4j:WARN No appenders could be found for logger (com.datastax.driver.core.Cluster).
log4j:WARN Please initialize the log4j system properly.
log4j:WARN See http://logging.apache.org/log4j/1.2/faq.html#noconfig for more info.
log4j:WARN No appenders could be found for logger (com.datastax.driver.core.Cluster).
log4j:WARN Please initialize the log4j system properly.
log4j:WARN See http://logging.apache.org/log4j/1.2/faq.html#noconfig for more info.
log4j:WARN No appenders could be found for logger (com.datastax.driver.core.Cluster).
log4j:WARN Please initialize the log4j system properly.
log4j:WARN See http://logging.apache.org/log4j/1.2/faq.html#noconfig for more info.
log4j:WARN No appenders could be found for logger (com.datastax.driver.core.Cluster).
log4j:WARN Please initialize the log4j system properly.
log4j:WARN See http://logging.apache.org/log4j/1.2/faq.html#noconfig for more info.
log4j:WARN No appenders could be found for logger (com.datastax.driver.core.Cluster).
log4j:WARN Please initialize the log4j system properly.
log4j:WARN See http://logging.apache.org/log4j/1.2/faq.html#noconfig for more info.
log4j:WARN No appenders could be found for logger (com.datastax.driver.core.Cluster).
log4j:WARN Please initialize the log4j system properly.
log4j:WARN See http://logging.apache.org/log4j/1.2/faq.html#noconfig for more info.
log4j:WARN No appenders could be found for logger (com.datastax.driver.core.Cluster).
log4j:WARN Please initialize the log4j system properly.
log4j:WARN See http://logging.apache.org/log4j/1.2/faq.html#noconfig for more info.
log4j:WARN No appenders could be found for logger (com.datastax.driver.core.Cluster).
log4j:WARN Please initialize the log4j system properly.
log4j:WARN See http://logging.apache.org/log4j/1.2/faq.html#noconfig for more info.
log4j:WARN No appenders could be found for logger (com.datastax.driver.core.Cluster).
log4j:WARN Please initialize the log4j system properly.
log4j:WARN See http://logging.apache.org/log4j/1.2/faq.html#noconfig for more info.
log4j:WARN See http://logging.apache.org/log4j/1.2/faq.html#noconfig for more info.
log4j:WARN No appenders could be found for logger (com.datastax.driver.core.Cluster).
log4j:WARN Please initialize the log4j system properly.
log4j:WARN No appenders could be found for logger (com.datastax.driver.core.Cluster).
log4j:WARN Please initialize the log4j system properly.
log4j:WARN See http://logging.apache.org/log4j/1.2/faq.html#noconfig for more info.
log4j:WARN No appenders could be found for logger (com.datastax.driver.core.Cluster).
log4j:WARN Please initialize the log4j system properly.
log4j:WARN See http://logging.apache.org/log4j/1.2/faq.html#noconfig for more info.
log4j:WARN No appenders could be found for logger (com.datastax.driver.core.Cluster).
log4j:WARN Please initialize the log4j system properly.
log4j:WARN See http://logging.apache.org/log4j/1.2/faq.html#noconfig for more info.
log4j:WARN No appenders could be found for logger (com.datastax.driver.core.Cluster).
log4j:WARN Please initialize the log4j system properly.
log4j:WARN See http://logging.apache.org/log4j/1.2/faq.html#noconfig for more info.
log4j:WARN No appenders could be found for logger (com.datastax.driver.core.Cluster).
log4j:WARN Please initialize the log4j system properly.
log4j:WARN See http://logging.apache.org/log4j/1.2/faq.html#noconfig for more info.
log4j:WARN No appenders could be found for logger (com.datastax.driver.core.Cluster).
log4j:WARN Please initialize the log4j system properly.
log4j:WARN See http://logging.apache.org/log4j/1.2/faq.html#noconfig for more info.
log4j:WARN No appenders could be found for logger (com.datastax.driver.core.Cluster).
log4j:WARN Please initialize the log4j system properly.
log4j:WARN See http://logging.apache.org/log4j/1.2/faq.html#noconfig for more info.
log4j:WARN No appenders could be found for logger (com.datastax.driver.core.Cluster).
log4j:WARN Please initialize the log4j system properly.
log4j:WARN See http://logging.apache.org/log4j/1.2/faq.html#noconfig for more info.
log4j:WARN No appenders could be found for logger (com.datastax.driver.core.Cluster).
log4j:WARN Please initialize the log4j system properly.
log4j:WARN See http://logging.apache.org/log4j/1.2/faq.html#noconfig for more info.
log4j:WARN Please initialize the log4j system properly.
log4j:WARN See http://logging.apache.org/log4j/1.2/faq.html#noconfig for more info.
log4j:WARN No appenders could be found for logger (com.datastax.driver.core.Cluster).
log4j:WARN Please initialize the log4j system properly.
log4j:WARN See http://logging.apache.org/log4j/1.2/faq.html#noconfig for more info.
log4j:WARN No appenders could be found for logger (com.datastax.driver.core.Cluster).
log4j:WARN Please initialize the log4j system properly.
log4j:WARN See http://logging.apache.org/log4j/1.2/faq.html#noconfig for more info.
log4j:WARN No appenders could be found for logger (com.datastax.driver.core.Cluster).
log4j:WARN Please initialize the log4j system properly.
log4j:WARN See http://logging.apache.org/log4j/1.2/faq.html#noconfig for more info.
log4j:WARN Please initialize the log4j system properly.
log4j:WARN See http://logging.apache.org/log4j/1.2/faq.html#noconfig for more info.
log4j:WARN No appenders could be found for logger (com.datastax.driver.core.Cluster).
log4j:WARN Please initialize the log4j system properly.
log4j:WARN See http://logging.apache.org/log4j/1.2/faq.html#noconfig for more info.
log4j:WARN No appenders could be found for logger (com.datastax.driver.core.Cluster).
log4j:WARN Please initialize the log4j system properly.
log4j:WARN See http://logging.apache.org/log4j/1.2/faq.html#noconfig for more info.
log4j:WARN No appenders could be found for logger (com.datastax.driver.core.Cluster).
log4j:WARN Please initialize the log4j system properly.
log4j:WARN See http://logging.apache.org/log4j/1.2/faq.html#noconfig for more info.
log4j:WARN No appenders could be found for logger (com.datastax.driver.core.Cluster).
log4j:WARN Please initialize the log4j system properly.
log4j:WARN See http://logging.apache.org/log4j/1.2/faq.html#noconfig for more info.
log4j:WARN No appenders could be found for logger (com.datastax.driver.core.Cluster).
log4j:WARN Please initialize the log4j system properly.
log4j:WARN See http://logging.apache.org/log4j/1.2/faq.html#noconfig for more info.
log4j:WARN No appenders could be found for logger (com.datastax.driver.core.Cluster).
log4j:WARN Please initialize the log4j system properly.
log4j:WARN See http://logging.apache.org/log4j/1.2/faq.html#noconfig for more info.
log4j:WARN Please initialize the log4j system properly.
log4j:WARN See http://logging.apache.org/log4j/1.2/faq.html#noconfig for more info.
log4j:WARN No appenders could be found for logger (com.datastax.driver.core.Cluster).
log4j:WARN Please initialize the log4j system properly.
log4j:WARN See http://logging.apache.org/log4j/1.2/faq.html#noconfig for more info.
log4j:WARN No appenders could be found for logger (com.datastax.driver.core.Cluster).
log4j:WARN Please initialize the log4j system properly.
log4j:WARN See http://logging.apache.org/log4j/1.2/faq.html#noconfig for more info.
log4j:WARN No appenders could be found for logger (com.datastax.driver.core.Cluster).
log4j:WARN Please initialize the log4j system properly.
log4j:WARN See http://logging.apache.org/log4j/1.2/faq.html#noconfig for more info.
log4j:WARN Please initialize the log4j system properly.
log4j:WARN See http://logging.apache.org/log4j/1.2/faq.html#noconfig for more info.
log4j:WARN No appenders could be found for logger (com.datastax.driver.core.Cluster).
log4j:WARN Please initialize the log4j system properly.
log4j:WARN See http://logging.apache.org/log4j/1.2/faq.html#noconfig for more info.
log4j:WARN No appenders could be found for logger (com.datastax.driver.core.Cluster).
log4j:WARN Please initialize the log4j system properly.
log4j:WARN See http://logging.apache.org/log4j/1.2/faq.html#noconfig for more info.
log4j:WARN Please initialize the log4j system properly.
log4j:WARN See http://logging.apache.org/log4j/1.2/faq.html#noconfig for more info.
log4j:WARN No appenders could be found for logger (com.datastax.driver.core.Cluster).
log4j:WARN Please initialize the log4j system properly.
log4j:WARN See http://logging.apache.org/log4j/1.2/faq.html#noconfig for more info.
log4j:WARN No appenders could be found for logger (com.datastax.driver.core.Cluster).
log4j:WARN Please initialize the log4j system properly.
log4j:WARN See http://logging.apache.org/log4j/1.2/faq.html#noconfig for more info.
log4j:WARN No appenders could be found for logger (com.datastax.driver.core.Cluster).
log4j:WARN Please initialize the log4j system properly.
log4j:WARN See http://logging.apache.org/log4j/1.2/faq.html#noconfig for more info.
log4j:WARN No appenders could be found for logger (com.datastax.driver.core.Cluster).
log4j:WARN Please initialize the log4j system properly.
log4j:WARN See http://logging.apache.org/log4j/1.2/faq.html#noconfig for more info.
log4j:WARN No appenders could be found for logger (com.datastax.driver.core.Cluster).
log4j:WARN Please initialize the log4j system properly.
log4j:WARN See http://logging.apache.org/log4j/1.2/faq.html#noconfig for more info.
log4j:WARN See http://logging.apache.org/log4j/1.2/faq.html#noconfig for more info.
log4j:WARN No appenders could be found for logger (com.datastax.driver.core.Cluster).
log4j:WARN Please initialize the log4j system properly.
log4j:WARN See http://logging.apache.org/log4j/1.2/faq.html#noconfig for more info.
log4j:WARN No appenders could be found for logger (com.datastax.driver.core.Cluster).
log4j:WARN Please initialize the log4j system properly.
log4j:WARN See http://logging.apache.org/log4j/1.2/faq.html#noconfig for more info.
log4j:WARN No appenders could be found for logger (com.datastax.driver.core.Cluster).
log4j:WARN Please initialize the log4j system properly.
log4j:WARN No appenders could be found for logger (com.datastax.driver.core.Cluster).
log4j:WARN Please initialize the log4j system properly.
log4j:WARN See http://logging.apache.org/log4j/1.2/faq.html#noconfig for more info.
log4j:WARN No appenders could be found for logger (com.datastax.driver.core.Cluster).
log4j:WARN Please initialize the log4j system properly.
log4j:WARN See http://logging.apache.org/log4j/1.2/faq.html#noconfig for more info.
log4j:WARN No appenders could be found for logger (com.datastax.driver.core.Cluster).
log4j:WARN Please initialize the log4j system properly.
log4j:WARN See http://logging.apache.org/log4j/1.2/faq.html#noconfig for more info.
log4j:WARN See http://logging.apache.org/log4j/1.2/faq.html#noconfig for more info.
log4j:WARN No appenders could be found for logger (com.datastax.driver.core.Cluster).
log4j:WARN Please initialize the log4j system properly.
log4j:WARN See http://logging.apache.org/log4j/1.2/faq.html#noconfig for more info.
log4j:WARN No appenders could be found for logger (com.datastax.driver.core.Cluster).
log4j:WARN Please initialize the log4j system properly.
log4j:WARN See http://logging.apache.org/log4j/1.2/faq.html#noconfig for more info.
log4j:WARN No appenders could be found for logger (com.datastax.driver.core.Cluster).
log4j:WARN Please initialize the log4j system properly.
log4j:WARN See http://logging.apache.org/log4j/1.2/faq.html#noconfig for more info.
log4j:WARN No appenders could be found for logger (com.datastax.driver.core.Cluster).
log4j:WARN Please initialize the log4j system properly.
log4j:WARN See http://logging.apache.org/log4j/1.2/faq.html#noconfig for more info.
log4j:WARN No appenders could be found for logger (com.datastax.driver.core.Cluster).
log4j:WARN Please initialize the log4j system properly.
log4j:WARN See http://logging.apache.org/log4j/1.2/faq.html#noconfig for more info.
log4j:WARN No appenders could be found for logger (com.datastax.driver.core.Cluster).
log4j:WARN Please initialize the log4j system properly.
log4j:WARN See http://logging.apache.org/log4j/1.2/faq.html#noconfig for more info.
log4j:WARN See http://logging.apache.org/log4j/1.2/faq.html#noconfig for more info.
log4j:WARN No appenders could be found for logger (com.datastax.driver.core.Cluster).
log4j:WARN Please initialize the log4j system properly.
log4j:WARN See http://logging.apache.org/log4j/1.2/faq.html#noconfig for more info.
log4j:WARN No appenders could be found for logger (com.datastax.driver.core.Cluster).
log4j:WARN Please initialize the log4j system properly.
log4j:WARN See http://logging.apache.org/log4j/1.2/faq.html#noconfig for more info.
log4j:WARN No appenders could be found for logger (com.datastax.driver.core.Cluster).
log4j:WARN Please initialize the log4j system properly.
log4j:WARN See http://logging.apache.org/log4j/1.2/faq.html#noconfig for more info.
log4j:WARN No appenders could be found for logger (com.datastax.driver.core.Cluster).
log4j:WARN Please initialize the log4j system properly.
log4j:WARN See http://logging.apache.org/log4j/1.2/faq.html#noconfig for more info.
log4j:WARN No appenders could be found for logger (com.datastax.driver.core.Cluster).
log4j:WARN Please initialize the log4j system properly.
log4j:WARN See http://logging.apache.org/log4j/1.2/faq.html#noconfig for more info.
log4j:WARN No appenders could be found for logger (com.datastax.driver.core.Cluster).
log4j:WARN Please initialize the log4j system properly.
log4j:WARN See http://logging.apache.org/log4j/1.2/faq.html#noconfig for more info.
log4j:WARN No appenders could be found for logger (com.datastax.driver.core.Cluster).
log4j:WARN Please initialize the log4j system properly.
log4j:WARN See http://logging.apache.org/log4j/1.2/faq.html#noconfig for more info.
log4j:WARN See http://logging.apache.org/log4j/1.2/faq.html#noconfig for more info.
log4j:WARN No appenders could be found for logger (com.datastax.driver.core.Cluster).
log4j:WARN Please initialize the log4j system properly.
log4j:WARN See http://logging.apache.org/log4j/1.2/faq.html#noconfig for more info.
log4j:WARN No appenders could be found for logger (com.datastax.driver.core.Cluster).
log4j:WARN Please initialize the log4j system properly.
log4j:WARN See http://logging.apache.org/log4j/1.2/faq.html#noconfig for more info.
log4j:WARN No appenders could be found for logger (com.datastax.driver.core.Cluster).
log4j:WARN Please initialize the log4j system properly.
log4j:WARN See http://logging.apache.org/log4j/1.2/faq.html#noconfig for more info.
log4j:WARN No appenders could be found for logger (com.datastax.driver.core.Cluster).
log4j:WARN Please initialize the log4j system properly.
log4j:WARN See http://logging.apache.org/log4j/1.2/faq.html#noconfig for more info.
log4j:WARN No appenders could be found for logger (com.datastax.driver.core.Cluster).
log4j:WARN Please initialize the log4j system properly.
log4j:WARN See http://logging.apache.org/log4j/1.2/faq.html#noconfig for more info.
log4j:WARN No appenders could be found for logger (com.datastax.driver.core.Cluster).
log4j:WARN Please initialize the log4j system properly.
log4j:WARN See http://logging.apache.org/log4j/1.2/faq.html#noconfig for more info.
log4j:WARN Please initialize the log4j system properly.
log4j:WARN See http://logging.apache.org/log4j/1.2/faq.html#noconfig for more info.
log4j:WARN No appenders could be found for logger (com.datastax.driver.core.Cluster).
log4j:WARN Please initialize the log4j system properly.
log4j:WARN See http://logging.apache.org/log4j/1.2/faq.html#noconfig for more info.
log4j:WARN No appenders could be found for logger (com.datastax.driver.core.Cluster).
log4j:WARN Please initialize the log4j system properly.
log4j:WARN See http://logging.apache.org/log4j/1.2/faq.html#noconfig for more info.
log4j:WARN No appenders could be found for logger (com.datastax.driver.core.Cluster).
log4j:WARN No appenders could be found for logger (com.datastax.driver.core.Cluster).
log4j:WARN Please initialize the log4j system properly.
log4j:WARN See http://logging.apache.org/log4j/1.2/faq.html#noconfig for more info.
log4j:WARN No appenders could be found for logger (com.datastax.driver.core.Cluster).
log4j:WARN Please initialize the log4j system properly.
log4j:WARN See http://logging.apache.org/log4j/1.2/faq.html#noconfig for more info.
log4j:WARN Please initialize the log4j system properly.
log4j:WARN See http://logging.apache.org/log4j/1.2/faq.html#noconfig for more info.
log4j:WARN No appenders could be found for logger (com.datastax.driver.core.Cluster).
log4j:WARN Please initialize the log4j system properly.
log4j:WARN See http://logging.apache.org/log4j/1.2/faq.html#noconfig for more info.
log4j:WARN No appenders could be found for logger (com.datastax.driver.core.Cluster).
log4j:WARN Please initialize the log4j system properly.
log4j:WARN See http://logging.apache.org/log4j/1.2/faq.html#noconfig for more info.
log4j:WARN Please initialize the log4j system properly.
log4j:WARN See http://logging.apache.org/log4j/1.2/faq.html#noconfig for more info.
log4j:WARN No appenders could be found for logger (com.datastax.driver.core.Cluster).
log4j:WARN Please initialize the log4j system properly.
log4j:WARN See http://logging.apache.org/log4j/1.2/faq.html#noconfig for more info.
log4j:WARN Please initialize the log4j system properly.
log4j:WARN See http://logging.apache.org/log4j/1.2/faq.html#noconfig for more info.
log4j:WARN No appenders could be found for logger (com.datastax.driver.core.Cluster).
log4j:WARN Please initialize the log4j system properly.
log4j:WARN See http://logging.apache.org/log4j/1.2/faq.html#noconfig for more info.
log4j:WARN No appenders could be found for logger (com.datastax.driver.core.Cluster).
log4j:WARN Please initialize the log4j system properly.
log4j:WARN See http://logging.apache.org/log4j/1.2/faq.html#noconfig for more info.
log4j:WARN No appenders could be found for logger (com.datastax.driver.core.Cluster).
log4j:WARN Please initialize the log4j system properly.
log4j:WARN See http://logging.apache.org/log4j/1.2/faq.html#noconfig for more info.
log4j:WARN No appenders could be found for logger (com.datastax.driver.core.Cluster).
log4j:WARN Please initialize the log4j system properly.
log4j:WARN See http://logging.apache.org/log4j/1.2/faq.html#noconfig for more info.
log4j:WARN No appenders could be found for logger (com.datastax.driver.core.Cluster).
log4j:WARN Please initialize the log4j system properly.
log4j:WARN See http://logging.apache.org/log4j/1.2/faq.html#noconfig for more info.
log4j:WARN No appenders could be found for logger (com.datastax.driver.core.Cluster).
log4j:WARN Please initialize the log4j system properly.
log4j:WARN See http://logging.apache.org/log4j/1.2/faq.html#noconfig for more info.
log4j:WARN See http://logging.apache.org/log4j/1.2/faq.html#noconfig for more info.
log4j:WARN No appenders could be found for logger (com.datastax.driver.core.Cluster).
log4j:WARN Please initialize the log4j system properly.
log4j:WARN See http://logging.apache.org/log4j/1.2/faq.html#noconfig for more info.
log4j:WARN No appenders could be found for logger (com.datastax.driver.core.Cluster).
log4j:WARN Please initialize the log4j system properly.
log4j:WARN See http://logging.apache.org/log4j/1.2/faq.html#noconfig for more info.
log4j:WARN No appenders could be found for logger (com.datastax.driver.core.Cluster).
log4j:WARN Please initialize the log4j system properly.
log4j:WARN See http://logging.apache.org/log4j/1.2/faq.html#noconfig for more info.
log4j:WARN Please initialize the log4j system properly.
log4j:WARN See http://logging.apache.org/log4j/1.2/faq.html#noconfig for more info.
log4j:WARN No appenders could be found for logger (com.datastax.driver.core.Cluster).
log4j:WARN Please initialize the log4j system properly.
log4j:WARN See http://logging.apache.org/log4j/1.2/faq.html#noconfig for more info.
log4j:WARN Please initialize the log4j system properly.
log4j:WARN See http://logging.apache.org/log4j/1.2/faq.html#noconfig for more info.
log4j:WARN No appenders could be found for logger (com.datastax.driver.core.Cluster).
log4j:WARN Please initialize the log4j system properly.
log4j:WARN See http://logging.apache.org/log4j/1.2/faq.html#noconfig for more info.
log4j:WARN No appenders could be found for logger (com.datastax.driver.core.Cluster).
log4j:WARN Please initialize the log4j system properly.
log4j:WARN See http://logging.apache.org/log4j/1.2/faq.html#noconfig for more info.
log4j:WARN No appenders could be found for logger (com.datastax.driver.core.Cluster).
log4j:WARN Please initialize the log4j system properly.
log4j:WARN See http://logging.apache.org/log4j/1.2/faq.html#noconfig for more info.
log4j:WARN See http://logging.apache.org/log4j/1.2/faq.html#noconfig for more info.
log4j:WARN No appenders could be found for logger (com.datastax.driver.core.Cluster).
log4j:WARN Please initialize the log4j system properly.
log4j:WARN See http://logging.apache.org/log4j/1.2/faq.html#noconfig for more info.
log4j:WARN No appenders could be found for logger (com.datastax.driver.core.Cluster).
log4j:WARN Please initialize the log4j system properly.
log4j:WARN See http://logging.apache.org/log4j/1.2/faq.html#noconfig for more info.
log4j:WARN No appenders could be found for logger (com.datastax.driver.core.Cluster).
log4j:WARN Please initialize the log4j system properly.
log4j:WARN See http://logging.apache.org/log4j/1.2/faq.html#noconfig for more info.
log4j:WARN No appenders could be found for logger (com.datastax.driver.core.Cluster).
log4j:WARN Please initialize the log4j system properly.
log4j:WARN See http://logging.apache.org/log4j/1.2/faq.html#noconfig for more info.
log4j:WARN No appenders could be found for logger (com.datastax.driver.core.Cluster).
log4j:WARN Please initialize the log4j system properly.
log4j:WARN See http://logging.apache.org/log4j/1.2/faq.html#noconfig for more info.
log4j:WARN No appenders could be found for logger (com.datastax.driver.core.Cluster).
log4j:WARN Please initialize the log4j system properly.
log4j:WARN See http://logging.apache.org/log4j/1.2/faq.html#noconfig for more info.
log4j:WARN No appenders could be found for logger (com.datastax.driver.core.Cluster).
log4j:WARN Please initialize the log4j system properly.
log4j:WARN See http://logging.apache.org/log4j/1.2/faq.html#noconfig for more info.
log4j:WARN No appenders could be found for logger (com.datastax.driver.core.Cluster).
log4j:WARN Please initialize the log4j system properly.
log4j:WARN See http://logging.apache.org/log4j/1.2/faq.html#noconfig for more info.
log4j:WARN Please initialize the log4j system properly.
log4j:WARN See http://logging.apache.org/log4j/1.2/faq.html#noconfig for more info.
log4j:WARN No appenders could be found for logger (com.datastax.driver.core.Cluster).
log4j:WARN Please initialize the log4j system properly.
log4j:WARN See http://logging.apache.org/log4j/1.2/faq.html#noconfig for more info.
log4j:WARN No appenders could be found for logger (com.datastax.driver.core.Cluster).
log4j:WARN Please initialize the log4j system properly.
log4j:WARN See http://logging.apache.org/log4j/1.2/faq.html#noconfig for more info.
log4j:WARN No appenders could be found for logger (com.datastax.driver.core.Cluster).
log4j:WARN Please initialize the log4j system properly.
log4j:WARN See http://logging.apache.org/log4j/1.2/faq.html#noconfig for more info.
log4j:WARN No appenders could be found for logger (com.datastax.driver.core.Cluster).
log4j:WARN Please initialize the log4j system properly.
log4j:WARN See http://logging.apache.org/log4j/1.2/faq.html#noconfig for more info.
log4j:WARN No appenders could be found for logger (com.datastax.driver.core.Cluster).
log4j:WARN Please initialize the log4j system properly.
log4j:WARN See http://logging.apache.org/log4j/1.2/faq.html#noconfig for more info.
log4j:WARN Please initialize the log4j system properly.
log4j:WARN See http://logging.apache.org/log4j/1.2/faq.html#noconfig for more info.
log4j:WARN No appenders could be found for logger (com.datastax.driver.core.Cluster).
log4j:WARN Please initialize the log4j system properly.
log4j:WARN See http://logging.apache.org/log4j/1.2/faq.html#noconfig for more info.
log4j:WARN No appenders could be found for logger (com.datastax.driver.core.Cluster).
log4j:WARN Please initialize the log4j system properly.
log4j:WARN See http://logging.apache.org/log4j/1.2/faq.html#noconfig for more info.
log4j:WARN No appenders could be found for logger (com.datastax.driver.core.Cluster).
log4j:WARN Please initialize the log4j system properly.
log4j:WARN See http://logging.apache.org/log4j/1.2/faq.html#noconfig for more info.
log4j:WARN No appenders could be found for logger (com.datastax.driver.core.Cluster).
log4j:WARN Please initialize the log4j system properly.
log4j:WARN See http://logging.apache.org/log4j/1.2/faq.html#noconfig for more info.
log4j:WARN No appenders could be found for logger (com.datastax.driver.core.Cluster).
log4j:WARN Please initialize the log4j system properly.
log4j:WARN See http://logging.apache.org/log4j/1.2/faq.html#noconfig for more info.
log4j:WARN No appenders could be found for logger (com.datastax.driver.core.Cluster).
log4j:WARN Please initialize the log4j system properly.
log4j:WARN See http://logging.apache.org/log4j/1.2/faq.html#noconfig for more info.
log4j:WARN Please initialize the log4j system properly.
log4j:WARN See http://logging.apache.org/log4j/1.2/faq.html#noconfig for more info.
log4j:WARN No appenders could be found for logger (com.datastax.driver.core.Cluster).
log4j:WARN Please initialize the log4j system properly.
log4j:WARN See http://logging.apache.org/log4j/1.2/faq.html#noconfig for more info.
log4j:WARN No appenders could be found for logger (com.datastax.driver.core.Cluster).
log4j:WARN Please initialize the log4j system properly.
log4j:WARN See http://logging.apache.org/log4j/1.2/faq.html#noconfig for more info.
log4j:WARN No appenders could be found for logger (com.datastax.driver.core.Cluster).
log4j:WARN Please initialize the log4j system properly.
log4j:WARN See http://logging.apache.org/log4j/1.2/faq.html#noconfig for more info.
log4j:WARN No appenders could be found for logger (com.datastax.driver.core.Cluster).
log4j:WARN Please initialize the log4j system properly.
log4j:WARN See http://logging.apache.org/log4j/1.2/faq.html#noconfig for more info.
log4j:WARN Please initialize the log4j system properly.
log4j:WARN See http://logging.apache.org/log4j/1.2/faq.html#noconfig for more info.
log4j:WARN No appenders could be found for logger (com.datastax.driver.core.Cluster).
log4j:WARN Please initialize the log4j system properly.
log4j:WARN See http://logging.apache.org/log4j/1.2/faq.html#noconfig for more info.
log4j:WARN No appenders could be found for logger (com.datastax.driver.core.Cluster).
log4j:WARN Please initialize the log4j system properly.
log4j:WARN See http://logging.apache.org/log4j/1.2/faq.html#noconfig for more info.
log4j:WARN No appenders could be found for logger (com.datastax.driver.core.Cluster).
log4j:WARN Please initialize the log4j system properly.
log4j:WARN No appenders could be found for logger (com.datastax.driver.core.Cluster).
log4j:WARN Please initialize the log4j system properly.
log4j:WARN See http://logging.apache.org/log4j/1.2/faq.html#noconfig for more info.
log4j:WARN No appenders could be found for logger (com.datastax.driver.core.Cluster).
log4j:WARN Please initialize the log4j system properly.
log4j:WARN See http://logging.apache.org/log4j/1.2/faq.html#noconfig for more info.
log4j:WARN Please initialize the log4j system properly.
log4j:WARN See http://logging.apache.org/log4j/1.2/faq.html#noconfig for more info.
log4j:WARN No appenders could be found for logger (com.datastax.driver.core.Cluster).
log4j:WARN Please initialize the log4j system properly.
log4j:WARN See http://logging.apache.org/log4j/1.2/faq.html#noconfig for more info.
log4j:WARN No appenders could be found for logger (com.datastax.driver.core.Cluster).
log4j:WARN Please initialize the log4j system properly.
log4j:WARN See http://logging.apache.org/log4j/1.2/faq.html#noconfig for more info.
log4j:WARN No appenders could be found for logger (com.datastax.driver.core.Cluster).
log4j:WARN Please initialize the log4j system properly.
log4j:WARN No appenders could be found for logger (com.datastax.driver.core.Cluster).
log4j:WARN Please initialize the log4j system properly.
log4j:WARN See http://logging.apache.org/log4j/1.2/faq.html#noconfig for more info.
log4j:WARN No appenders could be found for logger (com.datastax.driver.core.Cluster).
log4j:WARN Please initialize the log4j system properly.
log4j:WARN See http://logging.apache.org/log4j/1.2/faq.html#noconfig for more info.
log4j:WARN No appenders could be found for logger (com.datastax.driver.core.Cluster).
log4j:WARN Please initialize the log4j system properly.
log4j:WARN See http://logging.apache.org/log4j/1.2/faq.html#noconfig for more info.
log4j:WARN Please initialize the log4j system properly.
log4j:WARN See http://logging.apache.org/log4j/1.2/faq.html#noconfig for more info.
log4j:WARN No appenders could be found for logger (com.datastax.driver.core.Cluster).
log4j:WARN Please initialize the log4j system properly.
log4j:WARN See http://logging.apache.org/log4j/1.2/faq.html#noconfig for more info.
log4j:WARN No appenders could be found for logger (com.datastax.driver.core.Cluster).
log4j:WARN Please initialize the log4j system properly.
log4j:WARN See http://logging.apache.org/log4j/1.2/faq.html#noconfig for more info.
log4j:WARN No appenders could be found for logger (com.datastax.driver.core.Cluster).
log4j:WARN Please initialize the log4j system properly.
log4j:WARN See http://logging.apache.org/log4j/1.2/faq.html#noconfig for more info.
log4j:WARN No appenders could be found for logger (com.datastax.driver.core.Cluster).
log4j:WARN Please initialize the log4j system properly.
log4j:WARN See http://logging.apache.org/log4j/1.2/faq.html#noconfig for more info.
log4j:WARN No appenders could be found for logger (com.datastax.driver.core.Cluster).
log4j:WARN Please initialize the log4j system properly.
log4j:WARN See http://logging.apache.org/log4j/1.2/faq.html#noconfig for more info.
log4j:WARN No appenders could be found for logger (com.datastax.driver.core.Cluster).
log4j:WARN Please initialize the log4j system properly.
log4j:WARN See http://logging.apache.org/log4j/1.2/faq.html#noconfig for more info.
log4j:WARN See http://logging.apache.org/log4j/1.2/faq.html#noconfig for more info.
log4j:WARN No appenders could be found for logger (com.datastax.driver.core.Cluster).
log4j:WARN Please initialize the log4j system properly.
log4j:WARN See http://logging.apache.org/log4j/1.2/faq.html#noconfig for more info.
log4j:WARN No appenders could be found for logger (com.datastax.driver.core.Cluster).
log4j:WARN Please initialize the log4j system properly.
log4j:WARN See http://logging.apache.org/log4j/1.2/faq.html#noconfig for more info.
log4j:WARN No appenders could be found for logger (com.datastax.driver.core.Cluster).
log4j:WARN Please initialize the log4j system properly.
log4j:WARN See http://logging.apache.org/log4j/1.2/faq.html#noconfig for more info.
log4j:WARN No appenders could be found for logger (com.datastax.driver.core.Cluster).
log4j:WARN Please initialize the log4j system properly.
log4j:WARN See http://logging.apache.org/log4j/1.2/faq.html#noconfig for more info.
log4j:WARN No appenders could be found for logger (com.datastax.driver.core.Cluster).
log4j:WARN Please initialize the log4j system properly.
log4j:WARN See http://logging.apache.org/log4j/1.2/faq.html#noconfig for more info.
log4j:WARN No appenders could be found for logger (com.datastax.driver.core.Cluster).
log4j:WARN Please initialize the log4j system properly.
log4j:WARN See http://logging.apache.org/log4j/1.2/faq.html#noconfig for more info.
log4j:WARN No appenders could be found for logger (com.datastax.driver.core.Cluster).
log4j:WARN Please initialize the log4j system properly.
log4j:WARN See http://logging.apache.org/log4j/1.2/faq.html#noconfig for more info.
log4j:WARN No appenders could be found for logger (com.datastax.driver.core.Cluster).
log4j:WARN Please initialize the log4j system properly.
log4j:WARN See http://logging.apache.org/log4j/1.2/faq.html#noconfig for more info.
log4j:WARN No appenders could be found for logger (com.datastax.driver.core.Cluster).
log4j:WARN Please initialize the log4j system properly.
log4j:WARN See http://logging.apache.org/log4j/1.2/faq.html#noconfig for more info.
log4j:WARN No appenders could be found for logger (com.datastax.driver.core.Cluster).
log4j:WARN Please initialize the log4j system properly.
log4j:WARN See http://logging.apache.org/log4j/1.2/faq.html#noconfig for more info.
log4j:WARN Please initialize the log4j system properly.
log4j:WARN See http://logging.apache.org/log4j/1.2/faq.html#noconfig for more info.
log4j:WARN No appenders could be found for logger (com.datastax.driver.core.Cluster).
log4j:WARN Please initialize the log4j system properly.
log4j:WARN See http://logging.apache.org/log4j/1.2/faq.html#noconfig for more info.
log4j:WARN No appenders could be found for logger (com.datastax.driver.core.Cluster).
log4j:WARN Please initialize the log4j system properly.
log4j:WARN See http://logging.apache.org/log4j/1.2/faq.html#noconfig for more info.
log4j:WARN No appenders could be found for logger (com.datastax.driver.core.Cluster).
log4j:WARN Please initialize the log4j system properly.
log4j:WARN See http://logging.apache.org/log4j/1.2/faq.html#noconfig for more info.
log4j:WARN No appenders could be found for logger (com.datastax.driver.core.Cluster).
log4j:WARN Please initialize the log4j system properly.
log4j:WARN See http://logging.apache.org/log4j/1.2/faq.html#noconfig for more info.
log4j:WARN No appenders could be found for logger (com.datastax.driver.core.Cluster).
log4j:WARN Please initialize the log4j system properly.
log4j:WARN See http://logging.apache.org/log4j/1.2/faq.html#noconfig for more info.
log4j:WARN No appenders could be found for logger (com.datastax.driver.core.Cluster).
log4j:WARN Please initialize the log4j system properly.
log4j:WARN See http://logging.apache.org/log4j/1.2/faq.html#noconfig for more info.
log4j:WARN No appenders could be found for logger (com.datastax.driver.core.Cluster).
log4j:WARN Please initialize the log4j system properly.
log4j:WARN See http://logging.apache.org/log4j/1.2/faq.html#noconfig for more info.
log4j:WARN Please initialize the log4j system properly.
log4j:WARN See http://logging.apache.org/log4j/1.2/faq.html#noconfig for more info.
log4j:WARN No appenders could be found for logger (com.datastax.driver.core.Cluster).
log4j:WARN Please initialize the log4j system properly.
log4j:WARN See http://logging.apache.org/log4j/1.2/faq.html#noconfig for more info.
log4j:WARN No appenders could be found for logger (com.datastax.driver.core.Cluster).
log4j:WARN Please initialize the log4j system properly.
log4j:WARN Please initialize the log4j system properly.
log4j:WARN See http://logging.apache.org/log4j/1.2/faq.html#noconfig for more info.
log4j:WARN No appenders could be found for logger (com.datastax.driver.core.Cluster).
log4j:WARN Please initialize the log4j system properly.
log4j:WARN See http://logging.apache.org/log4j/1.2/faq.html#noconfig for more info.
log4j:WARN No appenders could be found for logger (com.datastax.driver.core.Cluster).
log4j:WARN Please initialize the log4j system properly.
log4j:WARN See http://logging.apache.org/log4j/1.2/faq.html#noconfig for more info.
log4j:WARN No appenders could be found for logger (com.datastax.driver.core.Cluster).
log4j:WARN Please initialize the log4j system properly.
log4j:WARN See http://logging.apache.org/log4j/1.2/faq.html#noconfig for more info.
log4j:WARN No appenders could be found for logger (com.datastax.driver.core.Cluster).
log4j:WARN Please initialize the log4j system properly.
log4j:WARN See http://logging.apache.org/log4j/1.2/faq.html#noconfig for more info.
log4j:WARN No appenders could be found for logger (com.datastax.driver.core.Cluster).
log4j:WARN Please initialize the log4j system properly.
log4j:WARN See http://logging.apache.org/log4j/1.2/faq.html#noconfig for more info.
log4j:WARN No appenders could be found for logger (com.datastax.driver.core.Cluster).
log4j:WARN Please initialize the log4j system properly.
log4j:WARN See http://logging.apache.org/log4j/1.2/faq.html#noconfig for more info.
log4j:WARN No appenders could be found for logger (com.datastax.driver.core.Cluster).
log4j:WARN Please initialize the log4j system properly.
log4j:WARN See http://logging.apache.org/log4j/1.2/faq.html#noconfig for more info.
log4j:WARN No appenders could be found for logger (com.datastax.driver.core.Cluster).
log4j:WARN Please initialize the log4j system properly.
log4j:WARN See http://logging.apache.org/log4j/1.2/faq.html#noconfig for more info.
log4j:WARN No appenders could be found for logger (com.datastax.driver.core.Cluster).
log4j:WARN Please initialize the log4j system properly.
log4j:WARN See http://logging.apache.org/log4j/1.2/faq.html#noconfig for more info.
log4j:WARN See http://logging.apache.org/log4j/1.2/faq.html#noconfig for more info.
log4j:WARN See http://logging.apache.org/log4j/1.2/faq.html#noconfig for more info.
log4j:WARN See http://logging.apache.org/log4j/1.2/faq.html#noconfig for more info.
log4j:WARN Please initialize the log4j system properly.
log4j:WARN See http://logging.apache.org/log4j/1.2/faq.html#noconfig for more info.
log4j:WARN See http://logging.apache.org/log4j/1.2/faq.html#noconfig for more info.
log4j:WARN See http://logging.apache.org/log4j/1.2/faq.html#noconfig for more info.
log4j:WARN See http://logging.apache.org/log4j/1.2/faq.html#noconfig for more info.
log4j:WARN Please initialize the log4j system properly.
log4j:WARN See http://logging.apache.org/log4j/1.2/faq.html#noconfig for more info.
Feb 20, 2015 6:46:01 PM org.jboss.netty.util.internal.SharedResourceMisuseDetector
WARNING: You are creating too many HashedWheelTimer instances.  HashedWheelTimer is a shared resource that must be reused across the application, so that only a few instances are created.
 0 sec: 0 operations; 
 4 sec: 14494 operations; 3064.92 current ops/sec; [READ AverageLatency(us)=32751.83] 
 6 sec: 43359 operations; 14418.08 current ops/sec; [READ AverageLatency(us)=51775.07] 
 8 sec: 74617 operations; 15629 current ops/sec; [READ AverageLatency(us)=19205.61] 
 10 sec: 104712 operations; 15039.98 current ops/sec; [READ AverageLatency(us)=19857.57] 
 12 sec: 135359 operations; 15323.5 current ops/sec; [READ AverageLatency(us)=19561.59] 
 14 sec: 161145 operations; 12880.12 current ops/sec; [READ AverageLatency(us)=23242.51] 
 16 sec: 184138 operations; 11485.01 current ops/sec; [READ AverageLatency(us)=25998.68] 
 18 sec: 214424 operations; 15135.43 current ops/sec; [READ AverageLatency(us)=19793.63] 
 20 sec: 245672 operations; 15616.19 current ops/sec; [READ AverageLatency(us)=19177.33] 
 22 sec: 276333 operations; 15322.84 current ops/sec; [READ AverageLatency(us)=19499.07] 
 24 sec: 307016 operations; 15326.17 current ops/sec; [READ AverageLatency(us)=19507.45] 
 26 sec: 337348 operations; 15158.42 current ops/sec; [READ AverageLatency(us)=19542.41] 
 28 sec: 367687 operations; 15169.5 current ops/sec; [READ AverageLatency(us)=19395.2] 
 30 sec: 397746 operations; 15021.99 current ops/sec; [READ AverageLatency(us)=19817.83] 
 32 sec: 428452 operations; 15345.33 current ops/sec; [READ AverageLatency(us)=19414.74] 
 34 sec: 457850 operations; 14691.65 current ops/sec; [READ AverageLatency(us)=19972.34] 
 36 sec: 487930 operations; 15032.48 current ops/sec; [READ AverageLatency(us)=19663.29] 
 38 sec: 518592 operations; 15323.34 current ops/sec; [READ AverageLatency(us)=19025.16] 
 40 sec: 548643 operations; 15017.99 current ops/sec; [READ AverageLatency(us)=19840.29] 
 42 sec: 579661 operations; 15501.25 current ops/sec; [READ AverageLatency(us)=19145.37] 
 44 sec: 609635 operations; 14979.51 current ops/sec; [READ AverageLatency(us)=19734.03] 
 46 sec: 639621 operations; 14985.51 current ops/sec; [READ AverageLatency(us)=19744.99] 
 48 sec: 669961 operations; 15162.42 current ops/sec; [READ AverageLatency(us)=19478.48] 
 50 sec: 700194 operations; 15108.95 current ops/sec; [READ AverageLatency(us)=19604.64] 
 52 sec: 730811 operations; 15293.21 current ops/sec; [READ AverageLatency(us)=19445.69] 
 54 sec: 761061 operations; 15117.44 current ops/sec; [READ AverageLatency(us)=19762.76] 
 56 sec: 791820 operations; 15371.81 current ops/sec; [READ AverageLatency(us)=19522.78] 
 58 sec: 823492 operations; 15828.09 current ops/sec; [READ AverageLatency(us)=18688.54] 
 60 sec: 854750 operations; 15629 current ops/sec; [READ AverageLatency(us)=19049.72] 
 62 sec: 884827 operations; 15030.98 current ops/sec; [READ AverageLatency(us)=19817.65] 
 64 sec: 915295 operations; 15226.39 current ops/sec; [READ AverageLatency(us)=19672.29] 
 66 sec: 946599 operations; 15652 current ops/sec; [READ AverageLatency(us)=19129.91] 
 68 sec: 977839 operations; 15604.4 current ops/sec; [READ AverageLatency(us)=19038.12] 
 70 sec: 1007322 operations; 14734.13 current ops/sec; [READ AverageLatency(us)=19900.28] 
 72 sec: 1037787 operations; 15232.5 current ops/sec; [READ AverageLatency(us)=19684.45] 
 74 sec: 1067007 operations; 14602.7 current ops/sec; [READ AverageLatency(us)=20510] 
 76 sec: 1096163 operations; 14578 current ops/sec; [READ AverageLatency(us)=20531.66] 
 78 sec: 1125496 operations; 14659.17 current ops/sec; [READ AverageLatency(us)=20416.58] 
 80 sec: 1153840 operations; 14172 current ops/sec; [READ AverageLatency(us)=21135.87] 
 82 sec: 1181220 operations; 13683.16 current ops/sec; [READ AverageLatency(us)=21851.86] 
 84 sec: 1210153 operations; 14459.27 current ops/sec; [READ AverageLatency(us)=20712.32] 
 86 sec: 1238519 operations; 14183 current ops/sec; [READ AverageLatency(us)=20922.66] 
 88 sec: 1268072 operations; 14761.74 current ops/sec; [READ AverageLatency(us)=20190.92] 
 90 sec: 1297514 operations; 14713.64 current ops/sec; [READ AverageLatency(us)=20341.25] 
 92 sec: 1327264 operations; 14875 current ops/sec; [READ AverageLatency(us)=20060.99] 
 94 sec: 1355999 operations; 14353.15 current ops/sec; [READ AverageLatency(us)=20789.51] 
 96 sec: 1385008 operations; 14497.25 current ops/sec; [READ AverageLatency(us)=20159.62] 
 98 sec: 1413937 operations; 14457.27 current ops/sec; [READ AverageLatency(us)=20263.26] 
 100 sec: 1443011 operations; 14529.74 current ops/sec; [READ AverageLatency(us)=20487.49] 
 102 sec: 1473234 operations; 15103.95 current ops/sec; [READ AverageLatency(us)=18972.11] 
 104 sec: 1503897 operations; 15323.84 current ops/sec; [READ AverageLatency(us)=19198.94] 
 106 sec: 1533629 operations; 14851.15 current ops/sec; [READ AverageLatency(us)=19644.84] 
 108 sec: 1564418 operations; 15394.5 current ops/sec; [READ AverageLatency(us)=19159.07] 
 110 sec: 1594676 operations; 15121.44 current ops/sec; [READ AverageLatency(us)=19775.68] 
 112 sec: 1624987 operations; 15147.93 current ops/sec; [READ AverageLatency(us)=19792.06] 
 114 sec: 1654698 operations; 14848.08 current ops/sec; [READ AverageLatency(us)=19902.81] 
 116 sec: 1685097 operations; 15191.9 current ops/sec; [READ AverageLatency(us)=19140.3] 
 118 sec: 1715822 operations; 15354.82 current ops/sec; [READ AverageLatency(us)=19558.8] 
 120 sec: 1746871 operations; 15516.74 current ops/sec; [READ AverageLatency(us)=19338.87] 
 122 sec: 1777377 operations; 15245.38 current ops/sec; [READ AverageLatency(us)=19291.35] 
 124 sec: 1807887 operations; 15247.38 current ops/sec; [READ AverageLatency(us)=19563.64] 
 126 sec: 1837350 operations; 14724.14 current ops/sec; [READ AverageLatency(us)=19934.09] 
 128 sec: 1867720 operations; 15177.41 current ops/sec; [READ AverageLatency(us)=19634.71] 
 130 sec: 1896972 operations; 14618.69 current ops/sec; [READ AverageLatency(us)=20301.37] 
 132 sec: 1928418 operations; 15715.14 current ops/sec; [READ AverageLatency(us)=18842.7] 
 134 sec: 1959351 operations; 15466.5 current ops/sec; [READ AverageLatency(us)=19066.31] 
 136 sec: 1990886 operations; 15759.62 current ops/sec; [READ AverageLatency(us)=18969.39] 
 138 sec: 2022724 operations; 15911.04 current ops/sec; [READ AverageLatency(us)=18704.8] 
 140 sec: 2053483 operations; 15379.5 current ops/sec; [READ AverageLatency(us)=19488.69] 
 142 sec: 2083827 operations; 15164.42 current ops/sec; [READ AverageLatency(us)=19638.13] 
 144 sec: 2114245 operations; 15201.4 current ops/sec; [READ AverageLatency(us)=19715.19] 
 146 sec: 2144215 operations; 14985 current ops/sec; [READ AverageLatency(us)=19870.54] 
 148 sec: 2175518 operations; 15643.68 current ops/sec; [READ AverageLatency(us)=19137.8] 
 150 sec: 2206924 operations; 15703 current ops/sec; [READ AverageLatency(us)=19017.63] 
 152 sec: 2237726 operations; 15401 current ops/sec; [READ AverageLatency(us)=19222.96] 
 154 sec: 2269570 operations; 15914.04 current ops/sec; [READ AverageLatency(us)=18781.45] 
 156 sec: 2300264 operations; 15347 current ops/sec; [READ AverageLatency(us)=19588.75] 
 158 sec: 2331619 operations; 15669.67 current ops/sec; [READ AverageLatency(us)=19084.73] 
 160 sec: 2363670 operations; 16025.5 current ops/sec; [READ AverageLatency(us)=18735.58] 
 162 sec: 2395718 operations; 16015.99 current ops/sec; [READ AverageLatency(us)=18606.21] 
 164 sec: 2425855 operations; 15068.5 current ops/sec; [READ AverageLatency(us)=19883.04] 
 166 sec: 2456085 operations; 15107.45 current ops/sec; [READ AverageLatency(us)=19852.21] 
 168 sec: 2487856 operations; 15877.56 current ops/sec; [READ AverageLatency(us)=18842.25] 
 170 sec: 2518266 operations; 15205 current ops/sec; [READ AverageLatency(us)=19716.31] 
 172 sec: 2549965 operations; 15841.58 current ops/sec; [READ AverageLatency(us)=18872.21] 
 174 sec: 2581131 operations; 15583 current ops/sec; [READ AverageLatency(us)=19080.06] 
 176 sec: 2612176 operations; 15514.74 current ops/sec; [READ AverageLatency(us)=19230.64] 
 178 sec: 2642812 operations; 15318 current ops/sec; [READ AverageLatency(us)=19613.32] 
 180 sec: 2673204 operations; 15188.41 current ops/sec; [READ AverageLatency(us)=19542.26] 
 182 sec: 2705148 operations; 15972 current ops/sec; [READ AverageLatency(us)=18774.36] 
 184 sec: 2736630 operations; 15733.13 current ops/sec; [READ AverageLatency(us)=19089.13] 
 186 sec: 2767574 operations; 15472 current ops/sec; [READ AverageLatency(us)=19349.88] 
 188 sec: 2800133 operations; 16279.5 current ops/sec; [READ AverageLatency(us)=18414.28] 
 190 sec: 2832608 operations; 16229.39 current ops/sec; [READ AverageLatency(us)=18434.25] 
 192 sec: 2864349 operations; 15862.57 current ops/sec; [READ AverageLatency(us)=18864.05] 
 194 sec: 2896316 operations; 15975.51 current ops/sec; [READ AverageLatency(us)=18738.39] 
 196 sec: 2927186 operations; 15435 current ops/sec; [READ AverageLatency(us)=19408.32] 
 198 sec: 2958491 operations; 15652.5 current ops/sec; [READ AverageLatency(us)=19105.26] 
 200 sec: 2989415 operations; 15454.27 current ops/sec; [READ AverageLatency(us)=19384.32] 
 202 sec: 3021196 operations; 15890.5 current ops/sec; [READ AverageLatency(us)=18877.2] 
 204 sec: 3052512 operations; 15650.17 current ops/sec; [READ AverageLatency(us)=18958.7] 
 206 sec: 3084535 operations; 16003.5 current ops/sec; [READ AverageLatency(us)=18700.62] 
 208 sec: 3114726 operations; 15095.5 current ops/sec; [READ AverageLatency(us)=19865.48] 
 210 sec: 3144942 operations; 15100.45 current ops/sec; [READ AverageLatency(us)=19852.93] 
 212 sec: 3175967 operations; 15512.5 current ops/sec; [READ AverageLatency(us)=19303.79] 
 214 sec: 3207084 operations; 15550.72 current ops/sec; [READ AverageLatency(us)=19261.94] 
 216 sec: 3237911 operations; 15413.5 current ops/sec; [READ AverageLatency(us)=19270.39] 
 218 sec: 3269983 operations; 16027.99 current ops/sec; [READ AverageLatency(us)=18675.04] 
 220 sec: 3300921 operations; 15469 current ops/sec; [READ AverageLatency(us)=19386.49] 
 222 sec: 3333129 operations; 16095.95 current ops/sec; [READ AverageLatency(us)=18580.3] 
 224 sec: 3364187 operations; 15521.24 current ops/sec; [READ AverageLatency(us)=19290.88] 
 226 sec: 3396562 operations; 16187.5 current ops/sec; [READ AverageLatency(us)=18401.12] 
 228 sec: 3428205 operations; 15813.59 current ops/sec; [READ AverageLatency(us)=18920.27] 
 230 sec: 3457808 operations; 14801.5 current ops/sec; [READ AverageLatency(us)=20251.1] 
 232 sec: 3488884 operations; 15530.23 current ops/sec; [READ AverageLatency(us)=19155.09] 
 234 sec: 3520648 operations; 15882 current ops/sec; [READ AverageLatency(us)=18854.48] 
 236 sec: 3551586 operations; 15461.27 current ops/sec; [READ AverageLatency(us)=19393] 
 238 sec: 3580969 operations; 14691.5 current ops/sec; [READ AverageLatency(us)=20297.48] 
 240 sec: 3612808 operations; 15911.54 current ops/sec; [READ AverageLatency(us)=18891.5] 
 242 sec: 3643902 operations; 15547 current ops/sec; [READ AverageLatency(us)=19238.35] 
 244 sec: 3675740 operations; 15919 current ops/sec; [READ AverageLatency(us)=18856.44] 
 246 sec: 3707316 operations; 15780.11 current ops/sec; [READ AverageLatency(us)=18990.81] 
 248 sec: 3738888 operations; 15786 current ops/sec; [READ AverageLatency(us)=18815.12] 
 250 sec: 3770061 operations; 15578.71 current ops/sec; [READ AverageLatency(us)=19072.34] 
 252 sec: 3802705 operations; 16322 current ops/sec; [READ AverageLatency(us)=18478.45] 
 254 sec: 3833248 operations; 15263.87 current ops/sec; [READ AverageLatency(us)=19630.83] 
 256 sec: 3865577 operations; 16164.5 current ops/sec; [READ AverageLatency(us)=18530.46] 
 258 sec: 3895908 operations; 15157.92 current ops/sec; [READ AverageLatency(us)=19590.29] 
 260 sec: 3926599 operations; 15345.5 current ops/sec; [READ AverageLatency(us)=19547.05] 
 262 sec: 3958051 operations; 15726 current ops/sec; [READ AverageLatency(us)=19039.93] 
 264 sec: 3988798 operations; 15365.82 current ops/sec; [READ AverageLatency(us)=19476.21] 
 266 sec: 4018339 operations; 14770.5 current ops/sec; [READ AverageLatency(us)=20299.78] 
 268 sec: 4049500 operations; 15572.71 current ops/sec; [READ AverageLatency(us)=19256.16] 
 270 sec: 4079330 operations; 14915 current ops/sec; [READ AverageLatency(us)=20071.54] 
 272 sec: 4110350 operations; 15502.25 current ops/sec; [READ AverageLatency(us)=19317.07] 
 274 sec: 4141145 operations; 15397.5 current ops/sec; [READ AverageLatency(us)=19422.78] 
 276 sec: 4171597 operations; 15226 current ops/sec; [READ AverageLatency(us)=19655.65] 
 278 sec: 4202121 operations; 15254.37 current ops/sec; [READ AverageLatency(us)=19688.02] 
 280 sec: 4232878 operations; 15378.5 current ops/sec; [READ AverageLatency(us)=19479.94] 
 282 sec: 4264289 operations; 15697.65 current ops/sec; [READ AverageLatency(us)=19081.43] 
 284 sec: 4294343 operations; 15027 current ops/sec; [READ AverageLatency(us)=19900.25] 
 286 sec: 4325858 operations; 15749.63 current ops/sec; [READ AverageLatency(us)=19052.56] 
 288 sec: 4358150 operations; 16146 current ops/sec; [READ AverageLatency(us)=18520.98] 
 290 sec: 4389857 operations; 15853.5 current ops/sec; [READ AverageLatency(us)=18933.27] 
 292 sec: 4421060 operations; 15593.7 current ops/sec; [READ AverageLatency(us)=19196.1] 
 294 sec: 4452709 operations; 15824.5 current ops/sec; [READ AverageLatency(us)=18962.34] 
 296 sec: 4482783 operations; 15037 current ops/sec; [READ AverageLatency(us)=19933.88] 
 298 sec: 4514011 operations; 15606.2 current ops/sec; [READ AverageLatency(us)=19186.78] 
 300 sec: 4545623 operations; 15806 current ops/sec; [READ AverageLatency(us)=18980.87] 
 302 sec: 4576851 operations; 15606.2 current ops/sec; [READ AverageLatency(us)=19208.68] 
 304 sec: 4608060 operations; 15604.5 current ops/sec; [READ AverageLatency(us)=19216.77] 
 306 sec: 4638198 operations; 15061.47 current ops/sec; [READ AverageLatency(us)=19873.92] 
 308 sec: 4669898 operations; 15850 current ops/sec; [READ AverageLatency(us)=18937.5] 
 310 sec: 4702492 operations; 16297 current ops/sec; [READ AverageLatency(us)=18233.58] 
 312 sec: 4734394 operations; 15943.03 current ops/sec; [READ AverageLatency(us)=18777.99] 
 314 sec: 4764148 operations; 14877 current ops/sec; [READ AverageLatency(us)=20150.74] 
 316 sec: 4796353 operations; 16094.45 current ops/sec; [READ AverageLatency(us)=18624.55] 
 318 sec: 4826897 operations; 15272 current ops/sec; [READ AverageLatency(us)=19615.31] 
 320 sec: 4858442 operations; 15772.5 current ops/sec; [READ AverageLatency(us)=18973.1] 
 322 sec: 4889669 operations; 15605.7 current ops/sec; [READ AverageLatency(us)=19265.57] 
 324 sec: 4921609 operations; 15970 current ops/sec; [READ AverageLatency(us)=18732.02] 
 326 sec: 4951788 operations; 15081.96 current ops/sec; [READ AverageLatency(us)=19846.66] 
 328 sec: 4983271 operations; 15741.5 current ops/sec; [READ AverageLatency(us)=19094.28] 
 330 sec: 5014683 operations; 15706 current ops/sec; [READ AverageLatency(us)=19060.15] 
 332 sec: 5042630 operations; 13966.52 current ops/sec; [READ AverageLatency(us)=21440.04] 
 334 sec: 5072477 operations; 14923.5 current ops/sec; [READ AverageLatency(us)=20109.97] 
 336 sec: 5103144 operations; 15325.84 current ops/sec; [READ AverageLatency(us)=19470.24] 
 338 sec: 5132191 operations; 14523.5 current ops/sec; [READ AverageLatency(us)=20582.66] 
 340 sec: 5163500 operations; 15654.5 current ops/sec; [READ AverageLatency(us)=19115.75] 
 342 sec: 5192987 operations; 14736.13 current ops/sec; [READ AverageLatency(us)=20307.55] 
 344 sec: 5223217 operations; 15115 current ops/sec; [READ AverageLatency(us)=19649.12] 
 346 sec: 5253284 operations; 15025.99 current ops/sec; [READ AverageLatency(us)=19827.63] 
 348 sec: 5284079 operations; 15397.5 current ops/sec; [READ AverageLatency(us)=19408.9] 
 350 sec: 5314539 operations; 15222.39 current ops/sec; [READ AverageLatency(us)=19633.84] 
 352 sec: 5344978 operations; 15219.5 current ops/sec; [READ AverageLatency(us)=19664.26] 
 354 sec: 5374574 operations; 14798 current ops/sec; [READ AverageLatency(us)=20111.21] 
 356 sec: 5405350 operations; 15380.31 current ops/sec; [READ AverageLatency(us)=19222.18] 
 358 sec: 5436630 operations; 15640 current ops/sec; [READ AverageLatency(us)=19154.85] 
 360 sec: 5467253 operations; 15303.85 current ops/sec; [READ AverageLatency(us)=19583.62] 
 362 sec: 5496195 operations; 14471 current ops/sec; [READ AverageLatency(us)=20692.59] 
 364 sec: 5527179 operations; 15492 current ops/sec; [READ AverageLatency(us)=19329.79] 
 366 sec: 5558616 operations; 15710.64 current ops/sec; [READ AverageLatency(us)=19036.87] 
 368 sec: 5589944 operations; 15664 current ops/sec; [READ AverageLatency(us)=19126.35] 
 370 sec: 5621618 operations; 15829.09 current ops/sec; [READ AverageLatency(us)=18912.45] 
 372 sec: 5653182 operations; 15782 current ops/sec; [READ AverageLatency(us)=18963.5] 
 374 sec: 5683874 operations; 15338.33 current ops/sec; [READ AverageLatency(us)=19522.68] 
 376 sec: 5715717 operations; 15921.5 current ops/sec; [READ AverageLatency(us)=18838.14] 
 378 sec: 5747416 operations; 15841.58 current ops/sec; [READ AverageLatency(us)=18922.12] 
 380 sec: 5778175 operations; 15379.5 current ops/sec; [READ AverageLatency(us)=19423.4] 
 382 sec: 5809314 operations; 15561.72 current ops/sec; [READ AverageLatency(us)=19161.79] 
 384 sec: 5840465 operations; 15575.5 current ops/sec; [READ AverageLatency(us)=19328.62] 
 386 sec: 5873754 operations; 16644.5 current ops/sec; [READ AverageLatency(us)=18021.69] 
 388 sec: 5904731 operations; 15480.76 current ops/sec; [READ AverageLatency(us)=19294.44] 
 390 sec: 5936990 operations; 16129.5 current ops/sec; [READ AverageLatency(us)=18649.63] 
 392 sec: 5967548 operations; 15271.36 current ops/sec; [READ AverageLatency(us)=19134.51] [CLEANUP AverageLatency(us)=10.5] 
 394 sec: 5987107 operations; 9774.61 current ops/sec; [READ AverageLatency(us)=29278.5] [CLEANUP AverageLatency(us)=3.43] 
 396 sec: 6000000 operations; 10456.61 current ops/sec; [READ AverageLatency(us)=12192.27] [CLEANUP AverageLatency(us)=8.56] 
