Loading workload...
Starting test.
SLF4J: Class path contains multiple SLF4J bindings.
SLF4J: Found binding in [jar:file:/home/automaton/YCSB/cassandra/target/cassandra-binding-0.1.4.jar!/org/slf4j/impl/StaticLoggerBinder.class]
SLF4J: Found binding in [jar:file:/home/automaton/YCSB/apache-maven-3.2.5/lib/slf4j-simple-1.7.5.jar!/org/slf4j/impl/StaticLoggerBinder.class]
SLF4J: See http://www.slf4j.org/codes.html#multiple_bindings for an explanation.
log4j:WARN No appenders could be found for logger (com.datastax.driver.core.Cluster).
log4j:WARN No appenders could be found for logger (com.datastax.driver.core.Cluster).
log4j:WARN Please initialize the log4j system properly.
log4j:WARN See http://logging.apache.org/log4j/1.2/faq.html#noconfig for more info.
log4j:WARN No appenders could be found for logger (com.datastax.driver.core.Cluster).
log4j:WARN Please initialize the log4j system properly.
log4j:WARN No appenders could be found for logger (com.datastax.driver.core.Cluster).
log4j:WARN No appenders could be found for logger (com.datastax.driver.core.Cluster).
log4j:WARN Please initialize the log4j system properly.
log4j:WARN See http://logging.apache.org/log4j/1.2/faq.html#noconfig for more info.
log4j:WARN No appenders could be found for logger (com.datastax.driver.core.Cluster).
log4j:WARN Please initialize the log4j system properly.
log4j:WARN See http://logging.apache.org/log4j/1.2/faq.html#noconfig for more info.
log4j:WARN No appenders could be found for logger (com.datastax.driver.core.Cluster).
log4j:WARN Please initialize the log4j system properly.
log4j:WARN See http://logging.apache.org/log4j/1.2/faq.html#noconfig for more info.
log4j:WARN No appenders could be found for logger (com.datastax.driver.core.Cluster).
log4j:WARN Please initialize the log4j system properly.
log4j:WARN See http://logging.apache.org/log4j/1.2/faq.html#noconfig for more info.
log4j:WARN No appenders could be found for logger (com.datastax.driver.core.Cluster).
log4j:WARN Please initialize the log4j system properly.
log4j:WARN See http://logging.apache.org/log4j/1.2/faq.html#noconfig for more info.
log4j:WARN No appenders could be found for logger (com.datastax.driver.core.Cluster).
log4j:WARN Please initialize the log4j system properly.
log4j:WARN See http://logging.apache.org/log4j/1.2/faq.html#noconfig for more info.
log4j:WARN No appenders could be found for logger (com.datastax.driver.core.Cluster).
log4j:WARN Please initialize the log4j system properly.
log4j:WARN See http://logging.apache.org/log4j/1.2/faq.html#noconfig for more info.
log4j:WARN No appenders could be found for logger (com.datastax.driver.core.Cluster).
log4j:WARN Please initialize the log4j system properly.
log4j:WARN See http://logging.apache.org/log4j/1.2/faq.html#noconfig for more info.
log4j:WARN No appenders could be found for logger (com.datastax.driver.core.Cluster).
log4j:WARN Please initialize the log4j system properly.
log4j:WARN No appenders could be found for logger (com.datastax.driver.core.Cluster).
log4j:WARN Please initialize the log4j system properly.
log4j:WARN See http://logging.apache.org/log4j/1.2/faq.html#noconfig for more info.
log4j:WARN No appenders could be found for logger (com.datastax.driver.core.Cluster).
log4j:WARN Please initialize the log4j system properly.
log4j:WARN See http://logging.apache.org/log4j/1.2/faq.html#noconfig for more info.
log4j:WARN No appenders could be found for logger (com.datastax.driver.core.Cluster).
log4j:WARN Please initialize the log4j system properly.
log4j:WARN See http://logging.apache.org/log4j/1.2/faq.html#noconfig for more info.
log4j:WARN No appenders could be found for logger (com.datastax.driver.core.Cluster).
log4j:WARN Please initialize the log4j system properly.
log4j:WARN See http://logging.apache.org/log4j/1.2/faq.html#noconfig for more info.
log4j:WARN No appenders could be found for logger (com.datastax.driver.core.Cluster).
log4j:WARN Please initialize the log4j system properly.
log4j:WARN See http://logging.apache.org/log4j/1.2/faq.html#noconfig for more info.
log4j:WARN No appenders could be found for logger (com.datastax.driver.core.Cluster).
log4j:WARN Please initialize the log4j system properly.
log4j:WARN See http://logging.apache.org/log4j/1.2/faq.html#noconfig for more info.
log4j:WARN See http://logging.apache.org/log4j/1.2/faq.html#noconfig for more info.
log4j:WARN No appenders could be found for logger (com.datastax.driver.core.Cluster).
log4j:WARN Please initialize the log4j system properly.
log4j:WARN See http://logging.apache.org/log4j/1.2/faq.html#noconfig for more info.
log4j:WARN Please initialize the log4j system properly.
log4j:WARN See http://logging.apache.org/log4j/1.2/faq.html#noconfig for more info.
log4j:WARN No appenders could be found for logger (com.datastax.driver.core.Cluster).
log4j:WARN Please initialize the log4j system properly.
log4j:WARN See http://logging.apache.org/log4j/1.2/faq.html#noconfig for more info.
log4j:WARN See http://logging.apache.org/log4j/1.2/faq.html#noconfig for more info.
log4j:WARN No appenders could be found for logger (com.datastax.driver.core.Cluster).
log4j:WARN Please initialize the log4j system properly.
log4j:WARN See http://logging.apache.org/log4j/1.2/faq.html#noconfig for more info.
log4j:WARN No appenders could be found for logger (com.datastax.driver.core.Cluster).
log4j:WARN Please initialize the log4j system properly.
log4j:WARN See http://logging.apache.org/log4j/1.2/faq.html#noconfig for more info.
log4j:WARN No appenders could be found for logger (com.datastax.driver.core.Cluster).
log4j:WARN Please initialize the log4j system properly.
log4j:WARN See http://logging.apache.org/log4j/1.2/faq.html#noconfig for more info.
log4j:WARN No appenders could be found for logger (com.datastax.driver.core.Cluster).
log4j:WARN Please initialize the log4j system properly.
log4j:WARN See http://logging.apache.org/log4j/1.2/faq.html#noconfig for more info.
log4j:WARN No appenders could be found for logger (com.datastax.driver.core.Cluster).
log4j:WARN Please initialize the log4j system properly.
log4j:WARN See http://logging.apache.org/log4j/1.2/faq.html#noconfig for more info.
log4j:WARN No appenders could be found for logger (com.datastax.driver.core.Cluster).
log4j:WARN Please initialize the log4j system properly.
log4j:WARN No appenders could be found for logger (com.datastax.driver.core.Cluster).
log4j:WARN Please initialize the log4j system properly.
log4j:WARN See http://logging.apache.org/log4j/1.2/faq.html#noconfig for more info.
log4j:WARN No appenders could be found for logger (com.datastax.driver.core.Cluster).
log4j:WARN Please initialize the log4j system properly.
log4j:WARN See http://logging.apache.org/log4j/1.2/faq.html#noconfig for more info.
log4j:WARN No appenders could be found for logger (com.datastax.driver.core.Cluster).
log4j:WARN Please initialize the log4j system properly.
log4j:WARN See http://logging.apache.org/log4j/1.2/faq.html#noconfig for more info.
log4j:WARN No appenders could be found for logger (com.datastax.driver.core.Cluster).
log4j:WARN Please initialize the log4j system properly.
log4j:WARN See http://logging.apache.org/log4j/1.2/faq.html#noconfig for more info.
log4j:WARN No appenders could be found for logger (com.datastax.driver.core.Cluster).
log4j:WARN Please initialize the log4j system properly.
log4j:WARN See http://logging.apache.org/log4j/1.2/faq.html#noconfig for more info.
log4j:WARN No appenders could be found for logger (com.datastax.driver.core.Cluster).
log4j:WARN Please initialize the log4j system properly.
log4j:WARN See http://logging.apache.org/log4j/1.2/faq.html#noconfig for more info.
log4j:WARN No appenders could be found for logger (com.datastax.driver.core.Cluster).
log4j:WARN Please initialize the log4j system properly.
log4j:WARN See http://logging.apache.org/log4j/1.2/faq.html#noconfig for more info.
log4j:WARN No appenders could be found for logger (com.datastax.driver.core.Cluster).
log4j:WARN Please initialize the log4j system properly.
log4j:WARN See http://logging.apache.org/log4j/1.2/faq.html#noconfig for more info.
log4j:WARN No appenders could be found for logger (com.datastax.driver.core.Cluster).
log4j:WARN Please initialize the log4j system properly.
log4j:WARN See http://logging.apache.org/log4j/1.2/faq.html#noconfig for more info.
log4j:WARN No appenders could be found for logger (com.datastax.driver.core.Cluster).
log4j:WARN Please initialize the log4j system properly.
log4j:WARN See http://logging.apache.org/log4j/1.2/faq.html#noconfig for more info.
log4j:WARN No appenders could be found for logger (com.datastax.driver.core.Cluster).
log4j:WARN Please initialize the log4j system properly.
log4j:WARN See http://logging.apache.org/log4j/1.2/faq.html#noconfig for more info.
log4j:WARN Please initialize the log4j system properly.
log4j:WARN See http://logging.apache.org/log4j/1.2/faq.html#noconfig for more info.
log4j:WARN No appenders could be found for logger (com.datastax.driver.core.Cluster).
log4j:WARN Please initialize the log4j system properly.
log4j:WARN See http://logging.apache.org/log4j/1.2/faq.html#noconfig for more info.
log4j:WARN See http://logging.apache.org/log4j/1.2/faq.html#noconfig for more info.
Feb 21, 2015 5:43:12 PM org.jboss.netty.util.internal.SharedResourceMisuseDetector
WARNING: You are creating too many HashedWheelTimer instances.  HashedWheelTimer is a shared resource that must be reused across the application, so that only a few instances are created.
 0 sec: 0 operations; 
 2 sec: 910 operations; 454.77 current ops/sec; [READ AverageLatency(us)=641890.2] 
 4 sec: 2194 operations; 641.68 current ops/sec; [READ AverageLatency(us)=479231.49] 
 6 sec: 3805 operations; 805.1 current ops/sec; [READ AverageLatency(us)=370853.47] 
 8 sec: 5639 operations; 916.54 current ops/sec; [READ AverageLatency(us)=332031.62] 
 10 sec: 7859 operations; 1110 current ops/sec; [READ AverageLatency(us)=279259.74] 
 12 sec: 10242 operations; 1190.9 current ops/sec; [READ AverageLatency(us)=245652.03] 
 14 sec: 12795 operations; 1276.5 current ops/sec; [READ AverageLatency(us)=239086.47] 
 16 sec: 16012 operations; 1607.7 current ops/sec; [READ AverageLatency(us)=188089] 
 18 sec: 19750 operations; 1869 current ops/sec; [READ AverageLatency(us)=165340.63] 
 20 sec: 23622 operations; 1935.03 current ops/sec; [READ AverageLatency(us)=153631.97] 
 22 sec: 27543 operations; 1959.52 current ops/sec; [READ AverageLatency(us)=152562.93] 
 24 sec: 32441 operations; 2449 current ops/sec; [READ AverageLatency(us)=123683.22] 
 26 sec: 37357 operations; 2456.77 current ops/sec; [READ AverageLatency(us)=121532.25] 
 28 sec: 41786 operations; 2214.5 current ops/sec; [READ AverageLatency(us)=135329.97] 
 30 sec: 47129 operations; 2670.16 current ops/sec; [READ AverageLatency(us)=112488.78] 
 32 sec: 52568 operations; 2719.5 current ops/sec; [READ AverageLatency(us)=110808.58] 
 34 sec: 58451 operations; 2940.03 current ops/sec; [READ AverageLatency(us)=101597.23] 
 36 sec: 64192 operations; 2870.5 current ops/sec; [READ AverageLatency(us)=104831.14] 
 38 sec: 70205 operations; 3005 current ops/sec; [READ AverageLatency(us)=100179.15] 
 40 sec: 76069 operations; 2930.53 current ops/sec; [READ AverageLatency(us)=101879.61] 
 42 sec: 81877 operations; 2904 current ops/sec; [READ AverageLatency(us)=103127.49] 
 44 sec: 87995 operations; 3057.47 current ops/sec; [READ AverageLatency(us)=99190.56] 
 46 sec: 93978 operations; 2991.5 current ops/sec; [READ AverageLatency(us)=99698.76] 
 48 sec: 100611 operations; 3314.84 current ops/sec; [READ AverageLatency(us)=90726.3] 
 50 sec: 106729 operations; 3059 current ops/sec; [READ AverageLatency(us)=97867.97] 
 52 sec: 113088 operations; 3177.91 current ops/sec; [READ AverageLatency(us)=95024.13] 
 54 sec: 119833 operations; 3372.5 current ops/sec; [READ AverageLatency(us)=88344.47] 
 56 sec: 126908 operations; 3535.73 current ops/sec; [READ AverageLatency(us)=85344.69] 
 58 sec: 133123 operations; 3105.95 current ops/sec; [READ AverageLatency(us)=95961] 
 60 sec: 139531 operations; 3204 current ops/sec; [READ AverageLatency(us)=93483.11] 
 62 sec: 146713 operations; 3589.21 current ops/sec; [READ AverageLatency(us)=83667.89] 
 64 sec: 153411 operations; 3349 current ops/sec; [READ AverageLatency(us)=89534.22] 
 66 sec: 158842 operations; 2714.14 current ops/sec; [READ AverageLatency(us)=110703.36] 
 68 sec: 165853 operations; 3505.5 current ops/sec; [READ AverageLatency(us)=85859.47] 
 70 sec: 173082 operations; 3612.69 current ops/sec; [READ AverageLatency(us)=82941.15] 
 72 sec: 180026 operations; 3472 current ops/sec; [READ AverageLatency(us)=86466.91] 
 74 sec: 187115 operations; 3542.73 current ops/sec; [READ AverageLatency(us)=84450.39] 
 76 sec: 194234 operations; 3557.72 current ops/sec; [READ AverageLatency(us)=84244.95] 
 78 sec: 201508 operations; 3637 current ops/sec; [READ AverageLatency(us)=82449.56] 
 80 sec: 208859 operations; 3673.66 current ops/sec; [READ AverageLatency(us)=81825.83] 
 82 sec: 216300 operations; 3720.5 current ops/sec; [READ AverageLatency(us)=80645.9] 
 84 sec: 224185 operations; 3942.5 current ops/sec; [READ AverageLatency(us)=75959.75] 
 86 sec: 231923 operations; 3867.07 current ops/sec; [READ AverageLatency(us)=77974.3] 
 88 sec: 239593 operations; 3835 current ops/sec; [READ AverageLatency(us)=77774.66] 
 90 sec: 247420 operations; 3911.54 current ops/sec; [READ AverageLatency(us)=76761.5] 
 92 sec: 255309 operations; 3944.5 current ops/sec; [READ AverageLatency(us)=76086.24] 
 94 sec: 263179 operations; 3933.03 current ops/sec; [READ AverageLatency(us)=76362.82] 
 96 sec: 271075 operations; 3946.03 current ops/sec; [READ AverageLatency(us)=75663.03] 
 98 sec: 278762 operations; 3843.5 current ops/sec; [READ AverageLatency(us)=78139.31] 
 100 sec: 284779 operations; 3008.5 current ops/sec; [READ AverageLatency(us)=99353.63] 
 102 sec: 290443 operations; 2830.58 current ops/sec; [READ AverageLatency(us)=104772.06] 
 104 sec: 296225 operations; 2889.56 current ops/sec; [READ AverageLatency(us)=104756.59] 
 106 sec: 301704 operations; 2739.5 current ops/sec; [READ AverageLatency(us)=109710.65] 
 108 sec: 307599 operations; 2946.03 current ops/sec; [READ AverageLatency(us)=102360.02] 
 110 sec: 313433 operations; 2917 current ops/sec; [READ AverageLatency(us)=102890.11] 
 112 sec: 319855 operations; 3211 current ops/sec; [READ AverageLatency(us)=93007.27] 
 114 sec: 326342 operations; 3241.88 current ops/sec; [READ AverageLatency(us)=92649.1] 
 116 sec: 333046 operations; 3352 current ops/sec; [READ AverageLatency(us)=89620.64] 
 118 sec: 340658 operations; 3804.1 current ops/sec; [READ AverageLatency(us)=78818.81] 
 120 sec: 348756 operations; 4049 current ops/sec; [READ AverageLatency(us)=74316.21] 
 122 sec: 356444 operations; 3842.08 current ops/sec; [READ AverageLatency(us)=76977.08] 
 124 sec: 364314 operations; 3935 current ops/sec; [READ AverageLatency(us)=77111.46] 
 126 sec: 372596 operations; 4141 current ops/sec; [READ AverageLatency(us)=72333.41] 
 128 sec: 381509 operations; 4454.27 current ops/sec; [READ AverageLatency(us)=67446.15] 
 130 sec: 389651 operations; 4071 current ops/sec; [READ AverageLatency(us)=73589.78] 
 132 sec: 398588 operations; 4466.27 current ops/sec; [READ AverageLatency(us)=67406.11] 
 134 sec: 406751 operations; 4081.5 current ops/sec; [READ AverageLatency(us)=72872.58] 
 136 sec: 414733 operations; 3989.01 current ops/sec; [READ AverageLatency(us)=75494.46] 
 138 sec: 421655 operations; 3461 current ops/sec; [READ AverageLatency(us)=86238.65] 
 140 sec: 429820 operations; 4080.46 current ops/sec; [READ AverageLatency(us)=74030.72] 
 142 sec: 438095 operations; 4137.5 current ops/sec; [READ AverageLatency(us)=72289.15] 
 144 sec: 446754 operations; 4329.5 current ops/sec; [READ AverageLatency(us)=69329.84] 
 146 sec: 455012 operations; 4126.94 current ops/sec; [READ AverageLatency(us)=72766.06] 
 148 sec: 463291 operations; 4116.86 current ops/sec; [READ AverageLatency(us)=72170.27] 
 150 sec: 471540 operations; 4124.5 current ops/sec; [READ AverageLatency(us)=73438.95] 
 152 sec: 479961 operations; 4210.5 current ops/sec; [READ AverageLatency(us)=71016.35] 
 154 sec: 488349 operations; 4191.9 current ops/sec; [READ AverageLatency(us)=71557.23] 
 156 sec: 496717 operations; 4184 current ops/sec; [READ AverageLatency(us)=71379.63] 
 158 sec: 505303 operations; 4290.85 current ops/sec; [READ AverageLatency(us)=70010.91] 
 160 sec: 514284 operations; 4490.5 current ops/sec; [READ AverageLatency(us)=66631.39] 
 162 sec: 522605 operations; 4158.42 current ops/sec; [READ AverageLatency(us)=72153.88] 
 164 sec: 530686 operations; 4040.5 current ops/sec; [READ AverageLatency(us)=73947.97] 
 166 sec: 539695 operations; 4504.5 current ops/sec; [READ AverageLatency(us)=67295.36] 
 168 sec: 548520 operations; 4410.29 current ops/sec; [READ AverageLatency(us)=67570.77] 
 170 sec: 557386 operations; 4433 current ops/sec; [READ AverageLatency(us)=67540.8] 
 172 sec: 566165 operations; 4387.31 current ops/sec; [READ AverageLatency(us)=68397.64] 
 174 sec: 574749 operations; 4292 current ops/sec; [READ AverageLatency(us)=69710.4] 
 176 sec: 583188 operations; 4217.39 current ops/sec; [READ AverageLatency(us)=70848.59] 
 178 sec: 591515 operations; 4159.34 current ops/sec; [READ AverageLatency(us)=72258.65] 
 180 sec: 600192 operations; 4336.33 current ops/sec; [READ AverageLatency(us)=69124.84] 
 182 sec: 608780 operations; 4291.85 current ops/sec; [READ AverageLatency(us)=70008.68] 
 184 sec: 616935 operations; 4075.46 current ops/sec; [READ AverageLatency(us)=73373.26] 
 186 sec: 623524 operations; 3292.85 current ops/sec; [READ AverageLatency(us)=90750.77] 
 188 sec: 630434 operations; 3455 current ops/sec; [READ AverageLatency(us)=87117.33] 
 190 sec: 636695 operations; 3128.94 current ops/sec; [READ AverageLatency(us)=95598.04] 
 192 sec: 643053 operations; 3177.41 current ops/sec; [READ AverageLatency(us)=94126.55] 
 194 sec: 649137 operations; 3040.48 current ops/sec; [READ AverageLatency(us)=98834.95] 
 196 sec: 655510 operations; 3186.5 current ops/sec; [READ AverageLatency(us)=94343.91] 
 198 sec: 662053 operations; 3269.87 current ops/sec; [READ AverageLatency(us)=91533.5] 
 200 sec: 668786 operations; 3366.5 current ops/sec; [READ AverageLatency(us)=89076.11] 
 202 sec: 676210 operations; 3710.14 current ops/sec; [READ AverageLatency(us)=81088.93] 
 204 sec: 683315 operations; 3550.72 current ops/sec; [READ AverageLatency(us)=84810.16] 
 206 sec: 691035 operations; 3858.07 current ops/sec; [READ AverageLatency(us)=77968.31] 
 208 sec: 699545 operations; 4255 current ops/sec; [READ AverageLatency(us)=70472.07] 
 210 sec: 707300 operations; 3875.56 current ops/sec; [READ AverageLatency(us)=77273.88] 
 212 sec: 715356 operations; 4025.99 current ops/sec; [READ AverageLatency(us)=74285.32] 
 214 sec: 722732 operations; 3688 current ops/sec; [READ AverageLatency(us)=81569.14] 
 216 sec: 730601 operations; 3932.53 current ops/sec; [READ AverageLatency(us)=76041.43] 
 218 sec: 738698 operations; 4048.5 current ops/sec; [READ AverageLatency(us)=74128.11] 
 220 sec: 747289 operations; 4295.5 current ops/sec; [READ AverageLatency(us)=69979.54] 
 222 sec: 755862 operations; 4284.36 current ops/sec; [READ AverageLatency(us)=70077.28] 
 224 sec: 764343 operations; 4238.38 current ops/sec; [READ AverageLatency(us)=70718.65] 
 226 sec: 772648 operations; 4152.5 current ops/sec; [READ AverageLatency(us)=72079.43] 
 228 sec: 781211 operations; 4277.22 current ops/sec; [READ AverageLatency(us)=69478.23] 
 230 sec: 789990 operations; 4387.31 current ops/sec; [READ AverageLatency(us)=69199.4] 
 232 sec: 798984 operations; 4497 current ops/sec; [READ AverageLatency(us)=66717.41] 
 234 sec: 807945 operations; 4478.26 current ops/sec; [READ AverageLatency(us)=66961.56] 
 236 sec: 816714 operations; 4384.5 current ops/sec; [READ AverageLatency(us)=68016.71] 
 238 sec: 824839 operations; 4060.47 current ops/sec; [READ AverageLatency(us)=74041.52] 
 240 sec: 833117 operations; 4136.93 current ops/sec; [READ AverageLatency(us)=72416.75] 
 242 sec: 841712 operations; 4297.5 current ops/sec; [READ AverageLatency(us)=70069.23] 
 244 sec: 850537 operations; 4410.29 current ops/sec; [READ AverageLatency(us)=67750.9] 
 246 sec: 859685 operations; 4574 current ops/sec; [READ AverageLatency(us)=65701.09] 
 248 sec: 867990 operations; 4150.42 current ops/sec; [READ AverageLatency(us)=71923.26] 
 250 sec: 876331 operations; 4168.42 current ops/sec; [READ AverageLatency(us)=72253.27] 
 252 sec: 885206 operations; 4437.5 current ops/sec; [READ AverageLatency(us)=67564.79] 
 254 sec: 893998 operations; 4393.8 current ops/sec; [READ AverageLatency(us)=68431.38] 
 256 sec: 902687 operations; 4344.5 current ops/sec; [READ AverageLatency(us)=69114.47] 
 258 sec: 911048 operations; 4178.41 current ops/sec; [READ AverageLatency(us)=70765.32] 
 260 sec: 911099 operations; 25.5 current ops/sec; [READ AverageLatency(us)=74799.38] 
 262 sec: 914473 operations; 1686.16 current ops/sec; [READ AverageLatency(us)=357675.45] 
 264 sec: 923003 operations; 4262.87 current ops/sec; [READ AverageLatency(us)=70048.67] 
 266 sec: 931618 operations; 4305.35 current ops/sec; [READ AverageLatency(us)=69797.78] 
 268 sec: 940062 operations; 4219.89 current ops/sec; [READ AverageLatency(us)=70856.07] 
 270 sec: 948813 operations; 4375.5 current ops/sec; [READ AverageLatency(us)=68482.82] 
 272 sec: 956350 operations; 3766.62 current ops/sec; [READ AverageLatency(us)=79374.93] 
 274 sec: 964544 operations; 4097 current ops/sec; [READ AverageLatency(us)=73196.7] 
 276 sec: 972150 operations; 3801.1 current ops/sec; [READ AverageLatency(us)=79025.46] 
 278 sec: 980089 operations; 3969.5 current ops/sec; [READ AverageLatency(us)=75592.12] 
 280 sec: 988026 operations; 3966.52 current ops/sec; [READ AverageLatency(us)=75252.97] 
 282 sec: 995581 operations; 3777.5 current ops/sec; [READ AverageLatency(us)=79740.45] 
 284 sec: 1003579 operations; 3997 current ops/sec; [READ AverageLatency(us)=74911.38] 
 286 sec: 1010809 operations; 3613.19 current ops/sec; [READ AverageLatency(us)=83060.54] 
 288 sec: 1018510 operations; 3848.58 current ops/sec; [READ AverageLatency(us)=78471.15] 
 290 sec: 1025361 operations; 3423.79 current ops/sec; [READ AverageLatency(us)=86608.62] 
 292 sec: 1032720 operations; 3677.66 current ops/sec; [READ AverageLatency(us)=81502.05] 
 294 sec: 1040574 operations; 3923.08 current ops/sec; [READ AverageLatency(us)=75194.14] 
 296 sec: 1048333 operations; 3875.62 current ops/sec; [READ AverageLatency(us)=78148.04] 
 298 sec: 1055861 operations; 3760.24 current ops/sec; [READ AverageLatency(us)=80179.9] 
 300 sec: 1064081 operations; 4107.95 current ops/sec; [READ AverageLatency(us)=73153.2] 
 302 sec: 1072188 operations; 4051.47 current ops/sec; [READ AverageLatency(us)=73868.55] 
 304 sec: 1080712 operations; 4262 current ops/sec; [READ AverageLatency(us)=70391.78] 
 306 sec: 1089139 operations; 4207.19 current ops/sec; [READ AverageLatency(us)=71145.26] 
 308 sec: 1097810 operations; 4335.5 current ops/sec; [READ AverageLatency(us)=69290.57] 
 310 sec: 1106541 operations; 4363.32 current ops/sec; [READ AverageLatency(us)=68610.23] 
 312 sec: 1115830 operations; 4644.5 current ops/sec; [READ AverageLatency(us)=64385.12] 
 314 sec: 1125519 operations; 4842.08 current ops/sec; [READ AverageLatency(us)=62212.63] 
 316 sec: 1133578 operations; 4027.49 current ops/sec; [READ AverageLatency(us)=73053.95] 
 318 sec: 1141647 operations; 4032.48 current ops/sec; [READ AverageLatency(us)=75861.73] 
 320 sec: 1149903 operations; 4128 current ops/sec; [READ AverageLatency(us)=72342.99] 
 322 sec: 1158554 operations; 4323.34 current ops/sec; [READ AverageLatency(us)=69329.36] 
 324 sec: 1166953 operations; 4199.5 current ops/sec; [READ AverageLatency(us)=71167.47] 
 326 sec: 1176221 operations; 4631.68 current ops/sec; [READ AverageLatency(us)=65122.84] 
 328 sec: 1185057 operations; 4415.79 current ops/sec; [READ AverageLatency(us)=67699.92] 
 330 sec: 1193791 operations; 4367 current ops/sec; [READ AverageLatency(us)=69120.87] 
 332 sec: 1202611 operations; 4407.8 current ops/sec; [READ AverageLatency(us)=67670.89] 
 334 sec: 1211913 operations; 4651 current ops/sec; [READ AverageLatency(us)=64548.66] 
 336 sec: 1222290 operations; 5185.91 current ops/sec; [READ AverageLatency(us)=57718.15] 
 338 sec: 1230987 operations; 4346.33 current ops/sec; [READ AverageLatency(us)=69159.32] 
 340 sec: 1239813 operations; 4413 current ops/sec; [READ AverageLatency(us)=67791.18] 
 342 sec: 1248500 operations; 4341.33 current ops/sec; [READ AverageLatency(us)=69171.17] 
 344 sec: 1257122 operations; 4311 current ops/sec; [READ AverageLatency(us)=69022.92] 
 346 sec: 1265680 operations; 4276.86 current ops/sec; [READ AverageLatency(us)=70581.46] 
 348 sec: 1274406 operations; 4363 current ops/sec; [READ AverageLatency(us)=68642.38] 
 350 sec: 1283166 operations; 4377.81 current ops/sec; [READ AverageLatency(us)=68577.85] 
 352 sec: 1291840 operations; 4337 current ops/sec; [READ AverageLatency(us)=69197.67] 
 354 sec: 1300661 operations; 4408.3 current ops/sec; [READ AverageLatency(us)=67833.19] 
 356 sec: 1308570 operations; 3954.5 current ops/sec; [READ AverageLatency(us)=76106.78] 
 358 sec: 1316859 operations; 4142.43 current ops/sec; [READ AverageLatency(us)=72362.6] 
 360 sec: 1325228 operations; 4184.5 current ops/sec; [READ AverageLatency(us)=71324.65] 
 362 sec: 1333656 operations; 4211.89 current ops/sec; [READ AverageLatency(us)=71796.37] 
 364 sec: 1337432 operations; 1888 current ops/sec; [READ AverageLatency(us)=106309.15] 
 366 sec: 1337432 operations; 0 current ops/sec;  
 368 sec: 1342837 operations; 2701.15 current ops/sec; [READ AverageLatency(us)=258163.67] 
 370 sec: 1347122 operations; 2142.5 current ops/sec; [READ AverageLatency(us)=76233.79] 
 372 sec: 1347122 operations; 0 current ops/sec;  
 374 sec: 1351693 operations; 2285.5 current ops/sec; [READ AverageLatency(us)=321297.96] 
 376 sec: 1359963 operations; 4132.93 current ops/sec; [READ AverageLatency(us)=73285.85] 
 378 sec: 1367792 operations; 3914.5 current ops/sec; [READ AverageLatency(us)=76294.22] 
 380 sec: 1376616 operations; 4412 current ops/sec; [READ AverageLatency(us)=68072.53] 
 382 sec: 1384565 operations; 3972.51 current ops/sec; [READ AverageLatency(us)=74424.02] 
 384 sec: 1392809 operations; 4122 current ops/sec; [READ AverageLatency(us)=73741.71] 
 386 sec: 1401256 operations; 4221.39 current ops/sec; [READ AverageLatency(us)=71445.14] 
 388 sec: 1409750 operations; 4247 current ops/sec; [READ AverageLatency(us)=70077.18] 
 390 sec: 1418180 operations; 4215 current ops/sec; [READ AverageLatency(us)=71214.71] 
 392 sec: 1426594 operations; 4204.9 current ops/sec; [READ AverageLatency(us)=71747.64] 
 394 sec: 1434845 operations; 4125.5 current ops/sec; [READ AverageLatency(us)=72101.05] 
 396 sec: 1443436 operations; 4293.35 current ops/sec; [READ AverageLatency(us)=69823.88] 
 398 sec: 1451931 operations; 4247.5 current ops/sec; [READ AverageLatency(us)=70623.01] 
 400 sec: 1460665 operations; 4367 current ops/sec; [READ AverageLatency(us)=69025.72] 
 402 sec: 1469045 operations; 4187.91 current ops/sec; [READ AverageLatency(us)=71333.71] 
 404 sec: 1477714 operations; 4334.5 current ops/sec; [READ AverageLatency(us)=69344.81] 
 406 sec: 1487051 operations; 4666.17 current ops/sec; [READ AverageLatency(us)=63984.07] 
 408 sec: 1495667 operations; 4308 current ops/sec; [READ AverageLatency(us)=69695.94] 
 410 sec: 1504781 operations; 4554.72 current ops/sec; [READ AverageLatency(us)=66099.33] 
 412 sec: 1513609 operations; 4414 current ops/sec; [READ AverageLatency(us)=67725.3] 
 414 sec: 1521804 operations; 4097.5 current ops/sec; [READ AverageLatency(us)=73065.01] 
 416 sec: 1530833 operations; 4512.24 current ops/sec; [READ AverageLatency(us)=66578.31] 
 418 sec: 1539111 operations; 4139 current ops/sec; [READ AverageLatency(us)=72516.67] 
 420 sec: 1548037 operations; 4460.77 current ops/sec; [READ AverageLatency(us)=67159.08] 
 422 sec: 1557007 operations; 4485 current ops/sec; [READ AverageLatency(us)=66882.36] 
 424 sec: 1566089 operations; 4541 current ops/sec; [READ AverageLatency(us)=66078.11] 
 426 sec: 1574984 operations; 4445.28 current ops/sec; [READ AverageLatency(us)=67515.29] 
 428 sec: 1583891 operations; 4453.5 current ops/sec; [READ AverageLatency(us)=67065.57] 
 430 sec: 1592634 operations; 4369.32 current ops/sec; [READ AverageLatency(us)=68752.96] 
 432 sec: 1601238 operations; 4302 current ops/sec; [READ AverageLatency(us)=69852.21] 
 434 sec: 1610915 operations; 4836.08 current ops/sec; [READ AverageLatency(us)=61944.77] 
 436 sec: 1619466 operations; 4275.5 current ops/sec; [READ AverageLatency(us)=70426.28] 
 438 sec: 1627994 operations; 4264 current ops/sec; [READ AverageLatency(us)=69968.8] 
 440 sec: 1636814 operations; 4407.8 current ops/sec; [READ AverageLatency(us)=68445.84] 
 442 sec: 1645290 operations; 4238 current ops/sec; [READ AverageLatency(us)=70410.79] 
 444 sec: 1652958 operations; 3832.08 current ops/sec; [READ AverageLatency(us)=78396.61] 
 446 sec: 1661618 operations; 4330 current ops/sec; [READ AverageLatency(us)=68888.57] 
 448 sec: 1669912 operations; 4144.93 current ops/sec; [READ AverageLatency(us)=72259.41] 
 450 sec: 1678836 operations; 4462 current ops/sec; [READ AverageLatency(us)=67034.33] 
 452 sec: 1687050 operations; 4107 current ops/sec; [READ AverageLatency(us)=73118.14] 
 454 sec: 1695189 operations; 4067.47 current ops/sec; [READ AverageLatency(us)=73582.52] 
 456 sec: 1703724 operations; 4267.5 current ops/sec; [READ AverageLatency(us)=70170.15] 
 458 sec: 1712343 operations; 4307.35 current ops/sec; [READ AverageLatency(us)=70045.06] 
 460 sec: 1720877 operations; 4267 current ops/sec; [READ AverageLatency(us)=70167.72] 
 462 sec: 1729740 operations; 4431.5 current ops/sec; [READ AverageLatency(us)=67309.85] 
 464 sec: 1738267 operations; 4261.37 current ops/sec; [READ AverageLatency(us)=70580.8] 
 466 sec: 1747126 operations; 4429.5 current ops/sec; [READ AverageLatency(us)=67933.93] 
 468 sec: 1756156 operations; 4512.74 current ops/sec; [READ AverageLatency(us)=65959.88] 
 470 sec: 1764704 operations; 4274 current ops/sec; [READ AverageLatency(us)=70381.15] 
 472 sec: 1773177 operations; 4234.38 current ops/sec; [READ AverageLatency(us)=70508.86] 
 474 sec: 1781685 operations; 4254 current ops/sec; [READ AverageLatency(us)=70636.22] 
 476 sec: 1790064 operations; 4189.5 current ops/sec; [READ AverageLatency(us)=71448.94] 
 478 sec: 1798734 operations; 4332.83 current ops/sec; [READ AverageLatency(us)=69318.38] 
 480 sec: 1807069 operations; 4167.5 current ops/sec; [READ AverageLatency(us)=71823] 
 482 sec: 1815523 operations; 4224.89 current ops/sec; [READ AverageLatency(us)=70941.84] 
 484 sec: 1824241 operations; 4359 current ops/sec; [READ AverageLatency(us)=69129.07] 
 486 sec: 1832643 operations; 4201 current ops/sec; [READ AverageLatency(us)=71186.9] 
 488 sec: 1842952 operations; 5151.92 current ops/sec; [READ AverageLatency(us)=58161.96] 
 490 sec: 1851762 operations; 4405 current ops/sec; [READ AverageLatency(us)=68367.77] 
 492 sec: 1860562 operations; 4397.8 current ops/sec; [READ AverageLatency(us)=67792.08] 
 494 sec: 1869379 operations; 4408.5 current ops/sec; [READ AverageLatency(us)=68339.31] 
 496 sec: 1877946 operations; 4281.36 current ops/sec; [READ AverageLatency(us)=69816.39] 
 498 sec: 1887082 operations; 4568 current ops/sec; [READ AverageLatency(us)=65982.96] 
 500 sec: 1895750 operations; 4334 current ops/sec; [READ AverageLatency(us)=68960.35] 
 502 sec: 1904512 operations; 4378.81 current ops/sec; [READ AverageLatency(us)=68489.52] 
 504 sec: 1913290 operations; 4389 current ops/sec; [READ AverageLatency(us)=68238.12] 
 506 sec: 1921763 operations; 4234.38 current ops/sec; [READ AverageLatency(us)=70779.09] 
 508 sec: 1930468 operations; 4352.5 current ops/sec; [READ AverageLatency(us)=69130.48] 
 510 sec: 1940455 operations; 4988.51 current ops/sec; [READ AverageLatency(us)=60116.01] 
 512 sec: 1949611 operations; 4573.43 current ops/sec; [READ AverageLatency(us)=65841.2] 
 514 sec: 1958378 operations; 4381.31 current ops/sec; [READ AverageLatency(us)=68072.91] 
 516 sec: 1966718 operations; 4170 current ops/sec; [READ AverageLatency(us)=71972.11] 
 518 sec: 1975704 operations; 4301.58 current ops/sec; [READ AverageLatency(us)=66575.86] 
 520 sec: 1984280 operations; 4285.86 current ops/sec; [READ AverageLatency(us)=73190.46] 
 522 sec: 1992936 operations; 4328 current ops/sec; [READ AverageLatency(us)=69475.51] 
 524 sec: 2001442 operations; 4250.87 current ops/sec; [READ AverageLatency(us)=70405.13] 
 526 sec: 2010498 operations; 4528 current ops/sec; [READ AverageLatency(us)=66207.86] 
 528 sec: 2019497 operations; 4499.5 current ops/sec; [READ AverageLatency(us)=66708.86] 
 530 sec: 2028047 operations; 4272.86 current ops/sec; [READ AverageLatency(us)=69712.48] 
 532 sec: 2036725 operations; 4339 current ops/sec; [READ AverageLatency(us)=69613.16] 
 534 sec: 2045048 operations; 4159.42 current ops/sec; [READ AverageLatency(us)=72121.01] 
 536 sec: 2053905 operations; 4428.5 current ops/sec; [READ AverageLatency(us)=67827.64] 
 538 sec: 2062823 operations; 4456.77 current ops/sec; [READ AverageLatency(us)=67331.85] 
 540 sec: 2071272 operations; 4224.5 current ops/sec; [READ AverageLatency(us)=70788.79] 
 542 sec: 2080041 operations; 4384.5 current ops/sec; [READ AverageLatency(us)=68193.31] 
 544 sec: 2088518 operations; 4236.38 current ops/sec; [READ AverageLatency(us)=70176.26] 
 546 sec: 2097172 operations; 4327 current ops/sec; [READ AverageLatency(us)=70122.61] 
 548 sec: 2106162 operations; 4495 current ops/sec; [READ AverageLatency(us)=66193.38] 
 550 sec: 2114903 operations; 4368.32 current ops/sec; [READ AverageLatency(us)=69127.88] 
 552 sec: 2124268 operations; 4682.5 current ops/sec; [READ AverageLatency(us)=64139.78] 
 554 sec: 2132919 operations; 4323.34 current ops/sec; [READ AverageLatency(us)=69124.4] 
 556 sec: 2141827 operations; 4454 current ops/sec; [READ AverageLatency(us)=67651] 
 558 sec: 2150849 operations; 4508.75 current ops/sec; [READ AverageLatency(us)=65688.92] 
 560 sec: 2159573 operations; 4362 current ops/sec; [READ AverageLatency(us)=69667.04] 
 562 sec: 2168391 operations; 4409 current ops/sec; [READ AverageLatency(us)=67983.92] 
 564 sec: 2177635 operations; 4619.69 current ops/sec; [READ AverageLatency(us)=64790.48] 
 566 sec: 2186177 operations; 4271 current ops/sec; [READ AverageLatency(us)=70209.94] 
 568 sec: 2194913 operations; 4365.82 current ops/sec; [READ AverageLatency(us)=68912.08] 
 570 sec: 2203512 operations; 4299.5 current ops/sec; [READ AverageLatency(us)=70074.41] 
 572 sec: 2212363 operations; 4423.29 current ops/sec; [READ AverageLatency(us)=67424.76] 
 574 sec: 2221352 operations; 4494.5 current ops/sec; [READ AverageLatency(us)=66569.81] 
 576 sec: 2230388 operations; 4518 current ops/sec; [READ AverageLatency(us)=66576.45] 
 578 sec: 2239673 operations; 4640.18 current ops/sec; [READ AverageLatency(us)=65030.47] 
 580 sec: 2249040 operations; 4683.5 current ops/sec; [READ AverageLatency(us)=63821.5] 
 582 sec: 2257588 operations; 4271.86 current ops/sec; [READ AverageLatency(us)=69953.4] 
 584 sec: 2266495 operations; 4453.5 current ops/sec; [READ AverageLatency(us)=67479.4] 
 586 sec: 2275519 operations; 4509.75 current ops/sec; [READ AverageLatency(us)=66440.82] 
 588 sec: 2284306 operations; 4393.5 current ops/sec; [READ AverageLatency(us)=68096.72] 
 590 sec: 2293014 operations; 4354 current ops/sec; [READ AverageLatency(us)=68703.69] 
 592 sec: 2301422 operations; 4201.9 current ops/sec; [READ AverageLatency(us)=71850.79] 
 594 sec: 2311087 operations; 4832.5 current ops/sec; [READ AverageLatency(us)=62067.76] 
 596 sec: 2321118 operations; 5012.99 current ops/sec; [READ AverageLatency(us)=59883.51] 
 598 sec: 2330344 operations; 4613 current ops/sec; [READ AverageLatency(us)=64899.98] 
 600 sec: 2339034 operations; 4345 current ops/sec; [READ AverageLatency(us)=68981.7] 
 602 sec: 2348681 operations; 4821.09 current ops/sec; [READ AverageLatency(us)=62209] 
 604 sec: 2358003 operations; 4661 current ops/sec; [READ AverageLatency(us)=64507.83] 
 606 sec: 2366829 operations; 4410.79 current ops/sec; [READ AverageLatency(us)=67671.69] 
 608 sec: 2376770 operations; 4970.5 current ops/sec; [READ AverageLatency(us)=60841.52] 
 610 sec: 2386158 operations; 4691.65 current ops/sec; [READ AverageLatency(us)=63436.68] 
 612 sec: 2395402 operations; 4622 current ops/sec; [READ AverageLatency(us)=64049.83] 
 614 sec: 2404729 operations; 4663.5 current ops/sec; [READ AverageLatency(us)=65260.35] 
 616 sec: 2413911 operations; 4588.71 current ops/sec; [READ AverageLatency(us)=65323.68] 
 618 sec: 2422592 operations; 4340.5 current ops/sec; [READ AverageLatency(us)=69254.26] 
 620 sec: 2432316 operations; 4859.57 current ops/sec; [READ AverageLatency(us)=61634.38] 
 622 sec: 2441366 operations; 4525 current ops/sec; [READ AverageLatency(us)=66246.4] 
 624 sec: 2450794 operations; 4711.64 current ops/sec; [READ AverageLatency(us)=63663.59] 
 626 sec: 2459997 operations; 4601.5 current ops/sec; [READ AverageLatency(us)=65229.14] 
 628 sec: 2469078 operations; 4538.23 current ops/sec; [READ AverageLatency(us)=66242.23] 
 630 sec: 2478358 operations; 4640 current ops/sec; [READ AverageLatency(us)=64852.63] 
 632 sec: 2487677 operations; 4659.5 current ops/sec; [READ AverageLatency(us)=63975.92] 
 634 sec: 2496901 operations; 4609.7 current ops/sec; [READ AverageLatency(us)=64913.25] 
 636 sec: 2506597 operations; 4848 current ops/sec; [READ AverageLatency(us)=61053.8] 
 638 sec: 2516237 operations; 4817.59 current ops/sec; [READ AverageLatency(us)=63015.36] 
 640 sec: 2525137 operations; 4450 current ops/sec; [READ AverageLatency(us)=67537.59] 
 642 sec: 2534283 operations; 4573 current ops/sec; [READ AverageLatency(us)=65585.18] 
 644 sec: 2543266 operations; 4489.26 current ops/sec; [READ AverageLatency(us)=66842.46] 
 646 sec: 2552707 operations; 4720.5 current ops/sec; [READ AverageLatency(us)=63664.34] 
 648 sec: 2561935 operations; 4611.69 current ops/sec; [READ AverageLatency(us)=64971.63] 
 650 sec: 2570785 operations; 4425 current ops/sec; [READ AverageLatency(us)=67731.62] 
 652 sec: 2579750 operations; 4480.26 current ops/sec; [READ AverageLatency(us)=67001.33] 
 654 sec: 2589331 operations; 4790.5 current ops/sec; [READ AverageLatency(us)=62639.64] 
 656 sec: 2598980 operations; 4824.5 current ops/sec; [READ AverageLatency(us)=62222.44] 
 658 sec: 2608684 operations; 4849.58 current ops/sec; [READ AverageLatency(us)=61789.19] 
 660 sec: 2618180 operations; 4748 current ops/sec; [READ AverageLatency(us)=63241.16] 
 662 sec: 2627712 operations; 4763.62 current ops/sec; [READ AverageLatency(us)=61931.19] 
 664 sec: 2636121 operations; 4204.5 current ops/sec; [READ AverageLatency(us)=72256.97] 
 666 sec: 2645602 operations; 4740.5 current ops/sec; [READ AverageLatency(us)=63322.05] 
 668 sec: 2654842 operations; 4617.69 current ops/sec; [READ AverageLatency(us)=65004.29] 
 670 sec: 2664978 operations; 5068 current ops/sec; [READ AverageLatency(us)=59193.81] 
 672 sec: 2674394 operations; 4705.65 current ops/sec; [READ AverageLatency(us)=63610.76] 
 674 sec: 2683554 operations; 4580 current ops/sec; [READ AverageLatency(us)=65460.27] 
 676 sec: 2693102 operations; 4771.61 current ops/sec; [READ AverageLatency(us)=63150.17] 
 678 sec: 2702539 operations; 4718.5 current ops/sec; [READ AverageLatency(us)=63291.07] 
 680 sec: 2711123 operations; 4292 current ops/sec; [READ AverageLatency(us)=69867.54] 
 682 sec: 2720106 operations; 4489.26 current ops/sec; [READ AverageLatency(us)=66726.81] 
 684 sec: 2729429 operations; 4661.5 current ops/sec; [READ AverageLatency(us)=64812.11] 
 686 sec: 2738506 operations; 4536.23 current ops/sec; [READ AverageLatency(us)=65111.94] 
 688 sec: 2747720 operations; 4607 current ops/sec; [READ AverageLatency(us)=65736.66] 
 690 sec: 2758001 operations; 5137.93 current ops/sec; [READ AverageLatency(us)=58483.48] 
 692 sec: 2767876 operations; 4937.5 current ops/sec; [READ AverageLatency(us)=60575.45] 
 694 sec: 2777695 operations; 4909.5 current ops/sec; [READ AverageLatency(us)=61235.95] 
 696 sec: 2787850 operations; 5074.96 current ops/sec; [READ AverageLatency(us)=59152.39] 
 698 sec: 2797441 operations; 4795.5 current ops/sec; [READ AverageLatency(us)=62230.08] 
 700 sec: 2807416 operations; 4985.01 current ops/sec; [READ AverageLatency(us)=60437.13] 
 702 sec: 2816825 operations; 4702.15 current ops/sec; [READ AverageLatency(us)=63428.46] 
 704 sec: 2826149 operations; 4662 current ops/sec; [READ AverageLatency(us)=64220.96] 
 706 sec: 2835733 operations; 4789.61 current ops/sec; [READ AverageLatency(us)=62966.08] 
 708 sec: 2844151 operations; 4206.9 current ops/sec; [READ AverageLatency(us)=70881.22] 
 710 sec: 2854126 operations; 4987.5 current ops/sec; [READ AverageLatency(us)=60379.79] 
 712 sec: 2863982 operations; 4925.54 current ops/sec; [READ AverageLatency(us)=60771.89] 
 714 sec: 2874919 operations; 5468.5 current ops/sec; [READ AverageLatency(us)=54923.65] 
 716 sec: 2884807 operations; 4941.53 current ops/sec; [READ AverageLatency(us)=60512.04] 
 718 sec: 2894082 operations; 4637.5 current ops/sec; [READ AverageLatency(us)=64637.63] 
 720 sec: 2903275 operations; 4594.2 current ops/sec; [READ AverageLatency(us)=65384.77] 
 722 sec: 2913349 operations; 5037 current ops/sec; [READ AverageLatency(us)=59600] 
 724 sec: 2923570 operations; 5107.95 current ops/sec; [READ AverageLatency(us)=58946.84] 
 726 sec: 2933494 operations; 4959.52 current ops/sec; [READ AverageLatency(us)=60304.45] 
 728 sec: 2943406 operations; 4956 current ops/sec; [READ AverageLatency(us)=60543.76] 
 730 sec: 2953511 operations; 5049.98 current ops/sec; [READ AverageLatency(us)=59453.03] 
 732 sec: 2963255 operations; 4872 current ops/sec; [READ AverageLatency(us)=61401] 
 734 sec: 2972586 operations; 4663.17 current ops/sec; [READ AverageLatency(us)=64588.95] 
 736 sec: 2982376 operations; 4895 current ops/sec; [READ AverageLatency(us)=61081.48] 
 738 sec: 2992317 operations; 4970.5 current ops/sec; [READ AverageLatency(us)=60707.21] 
 740 sec: 3002668 operations; 5172.91 current ops/sec; [READ AverageLatency(us)=57789.62] 
 742 sec: 3012477 operations; 4904.5 current ops/sec; [READ AverageLatency(us)=61037.81] 
 744 sec: 3022235 operations; 4876.56 current ops/sec; [READ AverageLatency(us)=61510.13] 
 746 sec: 3031290 operations; 4527.5 current ops/sec; [READ AverageLatency(us)=66170.84] 
 748 sec: 3040419 operations; 4562.22 current ops/sec; [READ AverageLatency(us)=65544.25] 
 750 sec: 3050897 operations; 5239 current ops/sec; [READ AverageLatency(us)=57405.92] 
 752 sec: 3060552 operations; 4827.5 current ops/sec; [READ AverageLatency(us)=62083.13] 
 754 sec: 3069800 operations; 4621.69 current ops/sec; [READ AverageLatency(us)=64569.39] 
 756 sec: 3079400 operations; 4800 current ops/sec; [READ AverageLatency(us)=62929.95] 
 758 sec: 3089729 operations; 5161.92 current ops/sec; [READ AverageLatency(us)=58027.38] 
 760 sec: 3099503 operations; 4887 current ops/sec; [READ AverageLatency(us)=61069.12] 
 762 sec: 3109858 operations; 5177.5 current ops/sec; [READ AverageLatency(us)=58203.32] 
 764 sec: 3119932 operations; 5034.48 current ops/sec; [READ AverageLatency(us)=59568.33] 
 766 sec: 3129166 operations; 4617 current ops/sec; [READ AverageLatency(us)=65015.44] 
 768 sec: 3138759 operations; 4794.1 current ops/sec; [READ AverageLatency(us)=62457.42] 
 770 sec: 3149603 operations; 5422 current ops/sec; [READ AverageLatency(us)=55491.86] 
 772 sec: 3158836 operations; 4616.5 current ops/sec; [READ AverageLatency(us)=64718.55] 
 774 sec: 3168593 operations; 4876.06 current ops/sec; [READ AverageLatency(us)=61487.81] 
 776 sec: 3179187 operations; 5297 current ops/sec; [READ AverageLatency(us)=56699.15] 
 778 sec: 3189470 operations; 5141.5 current ops/sec; [READ AverageLatency(us)=58404.77] 
 780 sec: 3200475 operations; 5499.75 current ops/sec; [READ AverageLatency(us)=54641.49] 
 782 sec: 3210721 operations; 5123 current ops/sec; [READ AverageLatency(us)=58345.57] 
 784 sec: 3220959 operations; 5116.44 current ops/sec; [READ AverageLatency(us)=58667.81] 
 786 sec: 3230964 operations; 5002.5 current ops/sec; [READ AverageLatency(us)=60004.44] 
 788 sec: 3241077 operations; 5056.5 current ops/sec; [READ AverageLatency(us)=59302.93] 
 790 sec: 3250836 operations; 4877.06 current ops/sec; [READ AverageLatency(us)=61190.64] 
 792 sec: 3261414 operations; 5289 current ops/sec; [READ AverageLatency(us)=57022.07] 
 794 sec: 3271141 operations; 4861.07 current ops/sec; [READ AverageLatency(us)=61885.84] 
 796 sec: 3281564 operations; 5211.5 current ops/sec; [READ AverageLatency(us)=57467.47] 
 798 sec: 3291188 operations; 4812 current ops/sec; [READ AverageLatency(us)=62079.45] 
 800 sec: 3300728 operations; 4767.62 current ops/sec; [READ AverageLatency(us)=63050.93] 
 802 sec: 3310606 operations; 4939 current ops/sec; [READ AverageLatency(us)=60539.02] 
 804 sec: 3320536 operations; 4962.52 current ops/sec; [READ AverageLatency(us)=60495.29] 
 806 sec: 3330823 operations; 5140.93 current ops/sec; [READ AverageLatency(us)=58268.25] 
 808 sec: 3341766 operations; 5468.77 current ops/sec; [READ AverageLatency(us)=54779.97] 
 810 sec: 3352067 operations; 5147.93 current ops/sec; [READ AverageLatency(us)=58252.69] 
 812 sec: 3361761 operations; 4844.58 current ops/sec; [READ AverageLatency(us)=61932.46] 
 814 sec: 3371907 operations; 5073 current ops/sec; [READ AverageLatency(us)=59130.69] 
 816 sec: 3381737 operations; 4912.54 current ops/sec; [READ AverageLatency(us)=61074.16] 
 818 sec: 3391703 operations; 4980.51 current ops/sec; [READ AverageLatency(us)=60076.97] 
 820 sec: 3401978 operations; 5134.93 current ops/sec; [READ AverageLatency(us)=58739.04] 
 822 sec: 3412295 operations; 5155.92 current ops/sec; [READ AverageLatency(us)=57870.47] 
 824 sec: 3422607 operations; 5156 current ops/sec; [READ AverageLatency(us)=58324.1] 
 826 sec: 3432814 operations; 5100.95 current ops/sec; [READ AverageLatency(us)=58699.31] 
 828 sec: 3442806 operations; 4993.5 current ops/sec; [READ AverageLatency(us)=60121.66] 
 830 sec: 3453071 operations; 5132.5 current ops/sec; [READ AverageLatency(us)=58446.57] 
 832 sec: 3463904 operations; 5413.79 current ops/sec; [READ AverageLatency(us)=55484.5] 
 834 sec: 3474716 operations; 5406 current ops/sec; [READ AverageLatency(us)=55356.22] 
 836 sec: 3485293 operations; 5285.86 current ops/sec; [READ AverageLatency(us)=56662.13] 
 838 sec: 3495244 operations; 4975.5 current ops/sec; [READ AverageLatency(us)=60295.44] 
 840 sec: 3505539 operations; 5144.93 current ops/sec; [READ AverageLatency(us)=58406.18] 
 842 sec: 3516227 operations; 5344 current ops/sec; [READ AverageLatency(us)=55984.33] 
 844 sec: 3526420 operations; 5093.95 current ops/sec; [READ AverageLatency(us)=58833.54] 
 846 sec: 3536219 operations; 4899.5 current ops/sec; [READ AverageLatency(us)=61279.33] 
 848 sec: 3546509 operations; 5145 current ops/sec; [READ AverageLatency(us)=58398.66] 
 850 sec: 3556675 operations; 5080.46 current ops/sec; [READ AverageLatency(us)=59090.83] 
 852 sec: 3566844 operations; 5084.5 current ops/sec; [READ AverageLatency(us)=58922.76] 
 854 sec: 3577666 operations; 5408.3 current ops/sec; [READ AverageLatency(us)=55665.34] 
 856 sec: 3588132 operations; 5233 current ops/sec; [READ AverageLatency(us)=57033.61] 
 858 sec: 3598147 operations; 5007.5 current ops/sec; [READ AverageLatency(us)=59947.71] 
 860 sec: 3609130 operations; 5488.76 current ops/sec; [READ AverageLatency(us)=54606.82] 
 862 sec: 3619348 operations; 5109 current ops/sec; [READ AverageLatency(us)=58757.23] 
 864 sec: 3630273 operations; 5459.77 current ops/sec; [READ AverageLatency(us)=54880.03] 
 866 sec: 3640087 operations; 4907 current ops/sec; [READ AverageLatency(us)=60929.8] 
 868 sec: 3650580 operations; 5243.88 current ops/sec; [READ AverageLatency(us)=57214.69] 
 870 sec: 3660704 operations; 5062 current ops/sec; [READ AverageLatency(us)=59109.93] 
 872 sec: 3671415 operations; 5355.5 current ops/sec; [READ AverageLatency(us)=56338.64] 
 874 sec: 3682357 operations; 5468.27 current ops/sec; [READ AverageLatency(us)=54859.25] 
 876 sec: 3694688 operations; 6165.5 current ops/sec; [READ AverageLatency(us)=48225.79] 
 878 sec: 3705434 operations; 5370.31 current ops/sec; [READ AverageLatency(us)=56280.16] 
 880 sec: 3716151 operations; 5358.5 current ops/sec; [READ AverageLatency(us)=55903.56] 
 882 sec: 3726293 operations; 5071 current ops/sec; [READ AverageLatency(us)=59243.2] 
 884 sec: 3736865 operations; 5283.36 current ops/sec; [READ AverageLatency(us)=56648.33] 
 886 sec: 3747403 operations; 5266.37 current ops/sec; [READ AverageLatency(us)=56787.04] 
 888 sec: 3758768 operations; 5679.66 current ops/sec; [READ AverageLatency(us)=52910.96] 
 890 sec: 3769084 operations; 5155.42 current ops/sec; [READ AverageLatency(us)=58221.5] 
 892 sec: 3779464 operations; 5190 current ops/sec; [READ AverageLatency(us)=57776.68] 
 894 sec: 3790336 operations; 5433.28 current ops/sec; [READ AverageLatency(us)=55124.15] 
 896 sec: 3801202 operations; 5433 current ops/sec; [READ AverageLatency(us)=55083.6] 
 898 sec: 3811964 operations; 5378.31 current ops/sec; [READ AverageLatency(us)=55822.97] 
 900 sec: 3822928 operations; 5482 current ops/sec; [READ AverageLatency(us)=54674.16] 
 902 sec: 3833558 operations; 5312.34 current ops/sec; [READ AverageLatency(us)=56394.22] 
 904 sec: 3845027 operations; 5731.63 current ops/sec; [READ AverageLatency(us)=52488.87] 
 906 sec: 3856431 operations; 5702 current ops/sec; [READ AverageLatency(us)=52470.36] 
 908 sec: 3865873 operations; 4718.64 current ops/sec; [READ AverageLatency(us)=63699.03] 
 910 sec: 3876906 operations; 5516.5 current ops/sec; [READ AverageLatency(us)=54311.86] 
 912 sec: 3887106 operations; 5097.45 current ops/sec; [READ AverageLatency(us)=59007.02] 
 914 sec: 3897634 operations; 5264 current ops/sec; [READ AverageLatency(us)=56831.7] 
 916 sec: 3907917 operations; 5138.93 current ops/sec; [READ AverageLatency(us)=58325.73] 
 918 sec: 3919566 operations; 5824.5 current ops/sec; [READ AverageLatency(us)=51588.9] 
 920 sec: 3931427 operations; 5930.5 current ops/sec; [READ AverageLatency(us)=50645.06] 
 922 sec: 3943052 operations; 5809.6 current ops/sec; [READ AverageLatency(us)=51451.28] 
 924 sec: 3953555 operations; 5251.5 current ops/sec; [READ AverageLatency(us)=57033.23] 
 926 sec: 3965148 operations; 5793.6 current ops/sec; [READ AverageLatency(us)=51839.2] 
 928 sec: 3975559 operations; 5205.5 current ops/sec; [READ AverageLatency(us)=57589.22] 
 930 sec: 3986255 operations; 5345.33 current ops/sec; [READ AverageLatency(us)=56104.41] 
 932 sec: 3997337 operations; 5541 current ops/sec; [READ AverageLatency(us)=53867.5] 
 934 sec: 4008819 operations; 5738.13 current ops/sec; [READ AverageLatency(us)=52485.35] 
 936 sec: 4019405 operations; 5293 current ops/sec; [READ AverageLatency(us)=56194.42] 
 938 sec: 4030401 operations; 5495.25 current ops/sec; [READ AverageLatency(us)=54949.66] 
 940 sec: 4041582 operations; 5590.5 current ops/sec; [READ AverageLatency(us)=53806.55] 
 942 sec: 4051749 operations; 5080.96 current ops/sec; [READ AverageLatency(us)=58882.91] 
 944 sec: 4062999 operations; 5625 current ops/sec; [READ AverageLatency(us)=53479.31] 
 946 sec: 4074333 operations; 5664.17 current ops/sec; [READ AverageLatency(us)=52699.2] 
 948 sec: 4084884 operations; 5275.5 current ops/sec; [READ AverageLatency(us)=56845.41] 
 950 sec: 4095786 operations; 5451 current ops/sec; [READ AverageLatency(us)=55034.32] 
 952 sec: 4106016 operations; 5112.44 current ops/sec; [READ AverageLatency(us)=58744.06] 
 954 sec: 4116689 operations; 5336.5 current ops/sec; [READ AverageLatency(us)=56292.51] 
 956 sec: 4128857 operations; 6080.96 current ops/sec; [READ AverageLatency(us)=48961.73] 
 958 sec: 4140198 operations; 5670.5 current ops/sec; [READ AverageLatency(us)=53374.9] 
 960 sec: 4150784 operations; 5293 current ops/sec; [READ AverageLatency(us)=56460.72] 
 962 sec: 4161992 operations; 5601.2 current ops/sec; [READ AverageLatency(us)=53415.12] 
 964 sec: 4173058 operations; 5533 current ops/sec; [READ AverageLatency(us)=54318.32] 
 966 sec: 4184740 operations; 5841 current ops/sec; [READ AverageLatency(us)=51519.66] 
 968 sec: 4196230 operations; 5742.13 current ops/sec; [READ AverageLatency(us)=52065.17] 
 970 sec: 4207544 operations; 5657 current ops/sec; [READ AverageLatency(us)=53010.88] 
 972 sec: 4218909 operations; 5679.66 current ops/sec; [READ AverageLatency(us)=52912.66] 
 974 sec: 4230880 operations; 5985.5 current ops/sec; [READ AverageLatency(us)=50294.25] 
 976 sec: 4243132 operations; 6126 current ops/sec; [READ AverageLatency(us)=48558.47] 
 978 sec: 4254311 operations; 5586.71 current ops/sec; [READ AverageLatency(us)=53671.69] 
 980 sec: 4264617 operations; 5153 current ops/sec; [READ AverageLatency(us)=58311.2] 
 982 sec: 4275391 operations; 5387 current ops/sec; [READ AverageLatency(us)=55661.02] 
 984 sec: 4286853 operations; 5728.14 current ops/sec; [READ AverageLatency(us)=52326.77] 
 986 sec: 4298013 operations; 5580 current ops/sec; [READ AverageLatency(us)=53556.86] 
 988 sec: 4309582 operations; 5781.61 current ops/sec; [READ AverageLatency(us)=52165.63] 
 990 sec: 4321399 operations; 5908.5 current ops/sec; [READ AverageLatency(us)=50549.99] 
 992 sec: 4333198 operations; 5899.5 current ops/sec; [READ AverageLatency(us)=50537.3] 
 994 sec: 4343411 operations; 5103.95 current ops/sec; [READ AverageLatency(us)=59091.84] 
 996 sec: 4354981 operations; 5785 current ops/sec; [READ AverageLatency(us)=51737.92] 
 998 sec: 4366182 operations; 5600.5 current ops/sec; [READ AverageLatency(us)=53551.65] 
 1000 sec: 4378335 operations; 6073.46 current ops/sec; [READ AverageLatency(us)=49461.13] 
 1002 sec: 4389691 operations; 5678 current ops/sec; [READ AverageLatency(us)=52691.85] 
 1004 sec: 4401358 operations; 5830.58 current ops/sec; [READ AverageLatency(us)=51443.06] 
 1006 sec: 4412228 operations; 5435 current ops/sec; [READ AverageLatency(us)=55203.84] 
 1008 sec: 4423542 operations; 5657 current ops/sec; [READ AverageLatency(us)=52977.77] 
 1010 sec: 4435027 operations; 5739.63 current ops/sec; [READ AverageLatency(us)=52124.11] 
 1012 sec: 4446541 operations; 5757 current ops/sec; [READ AverageLatency(us)=52238.19] 
 1014 sec: 4458167 operations; 5813 current ops/sec; [READ AverageLatency(us)=51626.7] 
 1016 sec: 4470387 operations; 6106.95 current ops/sec; [READ AverageLatency(us)=49086.26] 
 1018 sec: 4481440 operations; 5526.5 current ops/sec; [READ AverageLatency(us)=54222.48] 
 1020 sec: 4492881 operations; 5717.64 current ops/sec; [READ AverageLatency(us)=52437.1] 
 1022 sec: 4504393 operations; 5756 current ops/sec; [READ AverageLatency(us)=52124.52] 
 1024 sec: 4515155 operations; 5381 current ops/sec; [READ AverageLatency(us)=55696.89] 
 1026 sec: 4526425 operations; 5632.18 current ops/sec; [READ AverageLatency(us)=53164.58] 
 1028 sec: 4537397 operations; 5486 current ops/sec; [READ AverageLatency(us)=54671.83] 
 1030 sec: 4548388 operations; 5495.5 current ops/sec; [READ AverageLatency(us)=54602.9] 
 1032 sec: 4560021 operations; 5813.59 current ops/sec; [READ AverageLatency(us)=51551.59] 
 1034 sec: 4571278 operations; 5628.5 current ops/sec; [READ AverageLatency(us)=53343.65] 
 1036 sec: 4582676 operations; 5696.15 current ops/sec; [READ AverageLatency(us)=52509.33] 
 1038 sec: 4593973 operations; 5648.5 current ops/sec; [READ AverageLatency(us)=53264.12] 
 1040 sec: 4605998 operations; 6012.5 current ops/sec; [READ AverageLatency(us)=49862.93] 
 1042 sec: 4617454 operations; 5725.14 current ops/sec; [READ AverageLatency(us)=52306.65] 
 1044 sec: 4629479 operations; 6012.5 current ops/sec; [READ AverageLatency(us)=49909.29] 
 1046 sec: 4639089 operations; 4802.6 current ops/sec; [READ AverageLatency(us)=62404.87] 
 1048 sec: 4650322 operations; 5616.5 current ops/sec; [READ AverageLatency(us)=53278.37] 
 1050 sec: 4662488 operations; 6083 current ops/sec; [READ AverageLatency(us)=49103.22] 
 1052 sec: 4674670 operations; 6087.96 current ops/sec; [READ AverageLatency(us)=49210.6] 
 1054 sec: 4686337 operations; 5833.5 current ops/sec; [READ AverageLatency(us)=51519.67] 
 1056 sec: 4697888 operations; 5775.5 current ops/sec; [READ AverageLatency(us)=51970.18] 
 1058 sec: 4709314 operations; 5710.14 current ops/sec; [READ AverageLatency(us)=52514.16] 
 1060 sec: 4721359 operations; 6022.5 current ops/sec; [READ AverageLatency(us)=49827.68] 
 1062 sec: 4732891 operations; 5763.12 current ops/sec; [READ AverageLatency(us)=51658.95] 
 1064 sec: 4744974 operations; 6041.5 current ops/sec; [READ AverageLatency(us)=50104.12] 
 1066 sec: 4757216 operations; 6121 current ops/sec; [READ AverageLatency(us)=48830.96] 
 1068 sec: 4768998 operations; 5888.06 current ops/sec; [READ AverageLatency(us)=51052.24] 
 1070 sec: 4780460 operations; 5731 current ops/sec; [READ AverageLatency(us)=52033.33] 
 1072 sec: 4791503 operations; 5518.74 current ops/sec; [READ AverageLatency(us)=54388.42] 
 1074 sec: 4803137 operations; 5817 current ops/sec; [READ AverageLatency(us)=51506.82] 
 1076 sec: 4815503 operations; 6183 current ops/sec; [READ AverageLatency(us)=48346.38] 
 1078 sec: 4828204 operations; 6347.33 current ops/sec; [READ AverageLatency(us)=47291.76] 
 1080 sec: 4839685 operations; 5740.5 current ops/sec; [READ AverageLatency(us)=52177] 
 1082 sec: 4850167 operations; 5241 current ops/sec; [READ AverageLatency(us)=57104.66] 
 1084 sec: 4862727 operations; 6276.86 current ops/sec; [READ AverageLatency(us)=47992.88] 
 1086 sec: 4875365 operations; 6319 current ops/sec; [READ AverageLatency(us)=47343.21] 
 1088 sec: 4887321 operations; 5975.01 current ops/sec; [READ AverageLatency(us)=50253.47] 
 1090 sec: 4898529 operations; 5601.2 current ops/sec; [READ AverageLatency(us)=53781.7] 
 1092 sec: 4910208 operations; 5839.5 current ops/sec; [READ AverageLatency(us)=51095.77] 
 1094 sec: 4922126 operations; 5959 current ops/sec; [READ AverageLatency(us)=50436.17] 
 1096 sec: 4934328 operations; 6097.95 current ops/sec; [READ AverageLatency(us)=49167.52] 
 1098 sec: 4946112 operations; 5892 current ops/sec; [READ AverageLatency(us)=50844.48] 
 1100 sec: 4958561 operations; 6221.39 current ops/sec; [READ AverageLatency(us)=48202.54] 
 1102 sec: 4970718 operations; 6075.46 current ops/sec; [READ AverageLatency(us)=49361] 
 1104 sec: 4982588 operations; 5935 current ops/sec; [READ AverageLatency(us)=50586.1] 
 1106 sec: 4994522 operations; 5967 current ops/sec; [READ AverageLatency(us)=50166.16] 
 1108 sec: 5006176 operations; 5824.09 current ops/sec; [READ AverageLatency(us)=51616] 
 1110 sec: 5018236 operations; 6030 current ops/sec; [READ AverageLatency(us)=49671.11] 
 1112 sec: 5030386 operations; 6071.96 current ops/sec; [READ AverageLatency(us)=49392.32] 
 1114 sec: 5041716 operations; 5665 current ops/sec; [READ AverageLatency(us)=52872.34] 
 1116 sec: 5054244 operations; 6264 current ops/sec; [READ AverageLatency(us)=47936.89] 
 1118 sec: 5067096 operations; 6422.79 current ops/sec; [READ AverageLatency(us)=46719.21] 
 1120 sec: 5077606 operations; 5255 current ops/sec; [READ AverageLatency(us)=57029.81] 
 1122 sec: 5089954 operations; 6170.91 current ops/sec; [READ AverageLatency(us)=48619.14] 
 1124 sec: 5102435 operations; 6240.5 current ops/sec; [READ AverageLatency(us)=48022.06] 
 1126 sec: 5114640 operations; 6102.5 current ops/sec; [READ AverageLatency(us)=49251.86] 
 1128 sec: 5126460 operations; 5907.05 current ops/sec; [READ AverageLatency(us)=50721.08] 
 1130 sec: 5138342 operations; 5941 current ops/sec; [READ AverageLatency(us)=50432.63] 
 1132 sec: 5148409 operations; 5030.98 current ops/sec; [READ AverageLatency(us)=59632.29] 
 1134 sec: 5160881 operations; 6236 current ops/sec; [READ AverageLatency(us)=48182.26] 
 1136 sec: 5173103 operations; 6111 current ops/sec; [READ AverageLatency(us)=49282.06] 
 1138 sec: 5185401 operations; 6145.93 current ops/sec; [READ AverageLatency(us)=48547.16] 
 1140 sec: 5197838 operations; 6218.5 current ops/sec; [READ AverageLatency(us)=47948.25] 
 1142 sec: 5210490 operations; 6322.84 current ops/sec; [READ AverageLatency(us)=47624.61] 
 1144 sec: 5221808 operations; 5659 current ops/sec; [READ AverageLatency(us)=52902.92] 
 1146 sec: 5234157 operations; 6171.41 current ops/sec; [READ AverageLatency(us)=48673.31] 
 1148 sec: 5245925 operations; 5884 current ops/sec; [READ AverageLatency(us)=50739.02] 
 1150 sec: 5258330 operations; 6202.5 current ops/sec; [READ AverageLatency(us)=48530.22] 
 1152 sec: 5270198 operations; 5931.03 current ops/sec; [READ AverageLatency(us)=50632.45] 
 1154 sec: 5282640 operations; 6221 current ops/sec; [READ AverageLatency(us)=48265.53] 
 1156 sec: 5294895 operations; 6124.44 current ops/sec; [READ AverageLatency(us)=48860.49] 
 1158 sec: 5308127 operations; 6616 current ops/sec; [READ AverageLatency(us)=45018.07] 
 1160 sec: 5320186 operations; 6029.5 current ops/sec; [READ AverageLatency(us)=49956.47] 
 1162 sec: 5330660 operations; 5234.38 current ops/sec; [READ AverageLatency(us)=57013.68] 
 1164 sec: 5342585 operations; 5962.5 current ops/sec; [READ AverageLatency(us)=50171.18] 
 1166 sec: 5354952 operations; 6180.41 current ops/sec; [READ AverageLatency(us)=48571] 
 1168 sec: 5367125 operations; 6083.46 current ops/sec; [READ AverageLatency(us)=49334.7] 
 1170 sec: 5379439 operations; 6153.92 current ops/sec; [READ AverageLatency(us)=48809.21] 
 1172 sec: 5392639 operations; 6596.7 current ops/sec; [READ AverageLatency(us)=45418.81] 
 1174 sec: 5405417 operations; 6385.81 current ops/sec; [READ AverageLatency(us)=46889.73] 
 1176 sec: 5416498 operations; 5537.73 current ops/sec; [READ AverageLatency(us)=54148.57] 
 1178 sec: 5429483 operations; 6489.26 current ops/sec; [READ AverageLatency(us)=46213.39] 
 1180 sec: 5442088 operations; 6302.5 current ops/sec; [READ AverageLatency(us)=47597.99] 
 1182 sec: 5454246 operations; 6079 current ops/sec; [READ AverageLatency(us)=49517.96] 
 1184 sec: 5466994 operations; 6370.81 current ops/sec; [READ AverageLatency(us)=46871.71] 
 1186 sec: 5478329 operations; 5659.01 current ops/sec; [READ AverageLatency(us)=53029.49] 
 1188 sec: 5490686 operations; 6178.5 current ops/sec; [READ AverageLatency(us)=48465.74] 
 1190 sec: 5504031 operations; 6669.17 current ops/sec; [READ AverageLatency(us)=44911.35] 
 1192 sec: 5512275 operations; 4122 current ops/sec; [READ AverageLatency(us)=73080.62] 
 1194 sec: 5524844 operations; 6284.5 current ops/sec; [READ AverageLatency(us)=47419.94] 
 1196 sec: 5537915 operations; 6532.23 current ops/sec; [READ AverageLatency(us)=45944.38] 
 1198 sec: 5550918 operations; 6501.5 current ops/sec; [READ AverageLatency(us)=46180.89] 
 1200 sec: 5563000 operations; 6041 current ops/sec; [READ AverageLatency(us)=49533.55] 
 1202 sec: 5575183 operations; 6088.46 current ops/sec; [READ AverageLatency(us)=49288.68] 
 1204 sec: 5586989 operations; 5903 current ops/sec; [READ AverageLatency(us)=50764.54] 
 1206 sec: 5598721 operations; 5863.07 current ops/sec; [READ AverageLatency(us)=51221.67] 
 1208 sec: 5612155 operations; 6717 current ops/sec; [READ AverageLatency(us)=44604.24] 
 1210 sec: 5624326 operations; 6085.5 current ops/sec; [READ AverageLatency(us)=49341.29] 
 1212 sec: 5636761 operations; 6214.39 current ops/sec; [READ AverageLatency(us)=48154.64] 
 1214 sec: 5649797 operations; 6518 current ops/sec; [READ AverageLatency(us)=46075.54] 
 1216 sec: 5662127 operations; 6165 current ops/sec; [READ AverageLatency(us)=48696.95] 
 1218 sec: 5674234 operations; 6050.47 current ops/sec; [READ AverageLatency(us)=49446.72] 
 1220 sec: 5687104 operations; 6435 current ops/sec; [READ AverageLatency(us)=46217.5] 
 1222 sec: 5700173 operations; 6531.23 current ops/sec; [READ AverageLatency(us)=46139.21] 
 1224 sec: 5712193 operations; 6010 current ops/sec; [READ AverageLatency(us)=49950.41] 
 1226 sec: 5723874 operations; 5840.5 current ops/sec; [READ AverageLatency(us)=51313.67] 
 1228 sec: 5737254 operations; 6686.66 current ops/sec; [READ AverageLatency(us)=44917.45] 
 1230 sec: 5750222 operations; 6484 current ops/sec; [READ AverageLatency(us)=46134.5] 
 1232 sec: 5762550 operations; 6160.92 current ops/sec; [READ AverageLatency(us)=48489.5] 
 1234 sec: 5776165 operations; 6807.5 current ops/sec; [READ AverageLatency(us)=44159.4] 
 1236 sec: 5787134 operations; 5484.5 current ops/sec; [READ AverageLatency(us)=54633.71] 
 1238 sec: 5800352 operations; 6605.7 current ops/sec; [READ AverageLatency(us)=45453.16] 
 1240 sec: 5812791 operations; 6219.5 current ops/sec; [READ AverageLatency(us)=48088.93] 
 1242 sec: 5825676 operations; 6442.5 current ops/sec; [READ AverageLatency(us)=46718.6] 
 1244 sec: 5837894 operations; 6105.95 current ops/sec; [READ AverageLatency(us)=49064.92] 
 1246 sec: 5850037 operations; 6071.5 current ops/sec; [READ AverageLatency(us)=49437.6] 
 1248 sec: 5862322 operations; 6142.5 current ops/sec; [READ AverageLatency(us)=48188.87] 
 1250 sec: 5875597 operations; 6634.18 current ops/sec; [READ AverageLatency(us)=45702.89] 
 1252 sec: 5888457 operations; 6430 current ops/sec; [READ AverageLatency(us)=46765.05] 
 1254 sec: 5900945 operations; 6240.88 current ops/sec; [READ AverageLatency(us)=47982.57] 
 1256 sec: 5910877 operations; 4966 current ops/sec; [READ AverageLatency(us)=60392.57] 
 1258 sec: 5922931 operations; 6027 current ops/sec; [READ AverageLatency(us)=49752.69] 
 1260 sec: 5935302 operations; 6182.41 current ops/sec; [READ AverageLatency(us)=48542.52] 
 1262 sec: 5947401 operations; 6049.5 current ops/sec; [READ AverageLatency(us)=49511.4] 
 1264 sec: 5959818 operations; 6205.4 current ops/sec; [READ AverageLatency(us)=48321.55] [CLEANUP AverageLatency(us)=8.5] 
 1266 sec: 5972229 operations; 6205.5 current ops/sec; [READ AverageLatency(us)=47573.63] [CLEANUP AverageLatency(us)=8.29] 
 1268 sec: 5982274 operations; 5022.5 current ops/sec; [READ AverageLatency(us)=53954.31] [CLEANUP AverageLatency(us)=7.8] 
 1270 sec: 5993583 operations; 5651.67 current ops/sec; [READ AverageLatency(us)=39182.04] [CLEANUP AverageLatency(us)=11.23] 
 1272 sec: 6000000 operations; 4596.7 current ops/sec; [READ AverageLatency(us)=19076.06] [CLEANUP AverageLatency(us)=4.43] 
